2018-06-01 09:13:01.204 [http-nio-8090-exec-4] ERROR o.a.c.c.C.[.[.[.[dispatcherServlet] - Servlet.service() for servlet [dispatcherServlet] in context with path [] threw exception [Request processing failed; nested exception is java.lang.NullPointerException] with root cause
java.lang.NullPointerException: null
	at kr.co.moocl.dao.MovieDao.getWordListByMovieId(MovieDao.java:129)
	at kr.co.moocl.service.WordCloudService.getWordList(WordCloudService.java:29)
	at kr.co.moocl.restcontroller.WordcloudRestController.getWordList(WordcloudRestController.java:20)
	at sun.reflect.NativeMethodAccessorImpl.invoke0(Native Method)
	at sun.reflect.NativeMethodAccessorImpl.invoke(Unknown Source)
	at sun.reflect.DelegatingMethodAccessorImpl.invoke(Unknown Source)
	at java.lang.reflect.Method.invoke(Unknown Source)
	at org.springframework.web.method.support.InvocableHandlerMethod.doInvoke(InvocableHandlerMethod.java:209)
	at org.springframework.web.method.support.InvocableHandlerMethod.invokeForRequest(InvocableHandlerMethod.java:136)
	at org.springframework.web.servlet.mvc.method.annotation.ServletInvocableHandlerMethod.invokeAndHandle(ServletInvocableHandlerMethod.java:102)
	at org.springframework.web.servlet.mvc.method.annotation.RequestMappingHandlerAdapter.invokeHandlerMethod(RequestMappingHandlerAdapter.java:877)
	at org.springframework.web.servlet.mvc.method.annotation.RequestMappingHandlerAdapter.handleInternal(RequestMappingHandlerAdapter.java:783)
	at org.springframework.web.servlet.mvc.method.AbstractHandlerMethodAdapter.handle(AbstractHandlerMethodAdapter.java:87)
	at org.springframework.web.servlet.DispatcherServlet.doDispatch(DispatcherServlet.java:991)
	at org.springframework.web.servlet.DispatcherServlet.doService(DispatcherServlet.java:925)
	at org.springframework.web.servlet.FrameworkServlet.processRequest(FrameworkServlet.java:974)
	at org.springframework.web.servlet.FrameworkServlet.doGet(FrameworkServlet.java:866)
	at javax.servlet.http.HttpServlet.service(HttpServlet.java:635)
	at org.springframework.web.servlet.FrameworkServlet.service(FrameworkServlet.java:851)
	at javax.servlet.http.HttpServlet.service(HttpServlet.java:742)
	at org.apache.catalina.core.ApplicationFilterChain.internalDoFilter(ApplicationFilterChain.java:231)
	at org.apache.catalina.core.ApplicationFilterChain.doFilter(ApplicationFilterChain.java:166)
	at org.apache.tomcat.websocket.server.WsFilter.doFilter(WsFilter.java:52)
	at org.apache.catalina.core.ApplicationFilterChain.internalDoFilter(ApplicationFilterChain.java:193)
	at org.apache.catalina.core.ApplicationFilterChain.doFilter(ApplicationFilterChain.java:166)
	at org.springframework.web.filter.RequestContextFilter.doFilterInternal(RequestContextFilter.java:99)
	at org.springframework.web.filter.OncePerRequestFilter.doFilter(OncePerRequestFilter.java:107)
	at org.apache.catalina.core.ApplicationFilterChain.internalDoFilter(ApplicationFilterChain.java:193)
	at org.apache.catalina.core.ApplicationFilterChain.doFilter(ApplicationFilterChain.java:166)
	at org.springframework.web.filter.HttpPutFormContentFilter.doFilterInternal(HttpPutFormContentFilter.java:109)
	at org.springframework.web.filter.OncePerRequestFilter.doFilter(OncePerRequestFilter.java:107)
	at org.apache.catalina.core.ApplicationFilterChain.internalDoFilter(ApplicationFilterChain.java:193)
	at org.apache.catalina.core.ApplicationFilterChain.doFilter(ApplicationFilterChain.java:166)
	at org.springframework.web.filter.HiddenHttpMethodFilter.doFilterInternal(HiddenHttpMethodFilter.java:81)
	at org.springframework.web.filter.OncePerRequestFilter.doFilter(OncePerRequestFilter.java:107)
	at org.apache.catalina.core.ApplicationFilterChain.internalDoFilter(ApplicationFilterChain.java:193)
	at org.apache.catalina.core.ApplicationFilterChain.doFilter(ApplicationFilterChain.java:166)
	at org.springframework.web.filter.CharacterEncodingFilter.doFilterInternal(CharacterEncodingFilter.java:200)
	at org.springframework.web.filter.OncePerRequestFilter.doFilter(OncePerRequestFilter.java:107)
	at org.apache.catalina.core.ApplicationFilterChain.internalDoFilter(ApplicationFilterChain.java:193)
	at org.apache.catalina.core.ApplicationFilterChain.doFilter(ApplicationFilterChain.java:166)
	at org.apache.catalina.core.StandardWrapperValve.invoke(StandardWrapperValve.java:198)
	at org.apache.catalina.core.StandardContextValve.invoke(StandardContextValve.java:96)
	at org.apache.catalina.authenticator.AuthenticatorBase.invoke(AuthenticatorBase.java:496)
	at org.apache.catalina.core.StandardHostValve.invoke(StandardHostValve.java:140)
	at org.apache.catalina.valves.ErrorReportValve.invoke(ErrorReportValve.java:81)
	at org.apache.catalina.core.StandardEngineValve.invoke(StandardEngineValve.java:87)
	at org.apache.catalina.connector.CoyoteAdapter.service(CoyoteAdapter.java:342)
	at org.apache.coyote.http11.Http11Processor.service(Http11Processor.java:803)
	at org.apache.coyote.AbstractProcessorLight.process(AbstractProcessorLight.java:66)
	at org.apache.coyote.AbstractProtocol$ConnectionHandler.process(AbstractProtocol.java:790)
	at org.apache.tomcat.util.net.NioEndpoint$SocketProcessor.doRun(NioEndpoint.java:1459)
	at org.apache.tomcat.util.net.SocketProcessorBase.run(SocketProcessorBase.java:49)
	at java.util.concurrent.ThreadPoolExecutor.runWorker(Unknown Source)
	at java.util.concurrent.ThreadPoolExecutor$Worker.run(Unknown Source)
	at org.apache.tomcat.util.threads.TaskThread$WrappingRunnable.run(TaskThread.java:61)
	at java.lang.Thread.run(Unknown Source)
2018-06-01 09:13:11.061 [RMI TCP Connection(2893)-127.0.0.1] INFO  o.s.b.a.SpringApplicationAdminMXBeanRegistrar$SpringApplicationAdmin - Application shutdown requested.
2018-06-01 09:13:11.063 [RMI TCP Connection(2893)-127.0.0.1] INFO  o.s.b.w.s.c.AnnotationConfigServletWebServerApplicationContext - Closing org.springframework.boot.web.servlet.context.AnnotationConfigServletWebServerApplicationContext@77c2494c: startup date [Wed May 30 09:07:58 KST 2018]; root of context hierarchy
2018-06-01 09:13:11.072 [RMI TCP Connection(2893)-127.0.0.1] INFO  o.s.j.e.a.AnnotationMBeanExporter - Unregistering JMX-exposed beans on shutdown
2018-06-01 09:13:11.073 [RMI TCP Connection(2893)-127.0.0.1] INFO  o.s.j.e.a.AnnotationMBeanExporter - Unregistering JMX-exposed beans
2018-06-01 09:13:11.076 [RMI TCP Connection(2893)-127.0.0.1] INFO  org.mongodb.driver.connection - Closed connection [connectionId{localValue:2, serverValue:555}] to 192.168.1.56:27017 because the pool has been closed.
2018-06-01 09:13:15.695 [main] INFO  kr.co.moocl.MooclApplication - Starting MooclApplication on DESKTOP-7A6E06E with PID 12948 (C:\Users\bit\MooCl\Moocl\target\classes started by bit in C:\Users\bit\MooCl\Moocl)
2018-06-01 09:13:15.698 [main] INFO  kr.co.moocl.MooclApplication - No active profile set, falling back to default profiles: default
2018-06-01 09:13:15.729 [main] INFO  o.s.b.w.s.c.AnnotationConfigServletWebServerApplicationContext - Refreshing org.springframework.boot.web.servlet.context.AnnotationConfigServletWebServerApplicationContext@77c2494c: startup date [Fri Jun 01 09:13:15 KST 2018]; root of context hierarchy
2018-06-01 09:13:16.153 [main] WARN  o.m.s.mapper.ClassPathMapperScanner - No MyBatis mapper was found in '[kr.co.moocl]' package. Please check your configuration.
2018-06-01 09:13:16.458 [main] INFO  o.s.c.s.PostProcessorRegistrationDelegate$BeanPostProcessorChecker - Bean 'org.springframework.transaction.annotation.ProxyTransactionManagementConfiguration' of type [org.springframework.transaction.annotation.ProxyTransactionManagementConfiguration$$EnhancerBySpringCGLIB$$bc707856] is not eligible for getting processed by all BeanPostProcessors (for example: not eligible for auto-proxying)
2018-06-01 09:13:16.689 [main] INFO  o.s.b.w.e.tomcat.TomcatWebServer - Tomcat initialized with port(s): 8090 (http)
2018-06-01 09:13:16.699 [main] INFO  o.a.coyote.http11.Http11NioProtocol - Initializing ProtocolHandler ["http-nio-8090"]
2018-06-01 09:13:16.705 [main] INFO  o.a.catalina.core.StandardService - Starting service [Tomcat]
2018-06-01 09:13:16.706 [main] INFO  o.a.catalina.core.StandardEngine - Starting Servlet Engine: Apache Tomcat/8.5.29
2018-06-01 09:13:16.709 [localhost-startStop-1] INFO  o.a.c.core.AprLifecycleListener - The APR based Apache Tomcat Native library which allows optimal performance in production environments was not found on the java.library.path: [C:\Program Files\Java\jre1.8.0_161\bin;C:\WINDOWS\Sun\Java\bin;C:\WINDOWS\system32;C:\WINDOWS;C:/Program Files/Java/jre1.8.0_161/bin/server;C:/Program Files/Java/jre1.8.0_161/bin;C:/Program Files/Java/jre1.8.0_161/lib/amd64;C:\ProgramData\Anaconda3;C:\ProgramData\Anaconda3\Library\mingw-w64\bin;C:\ProgramData\Anaconda3\Library\usr\bin;C:\ProgramData\Anaconda3\Library\bin;C:\ProgramData\Anaconda3\Scripts;C:\ProgramData\Oracle\Java\javapath;C:\Program Files (x86)\Intel\iCLS Client\;C:\Program Files\Intel\iCLS Client\;C:\WINDOWS\system32;C:\WINDOWS;C:\WINDOWS\System32\Wbem;C:\WINDOWS\System32\WindowsPowerShell\v1.0\;C:\Program Files (x86)\Intel\Intel(R) Management Engine Components\DAL;C:\Program Files\Intel\Intel(R) Management Engine Components\DAL;C:\Program Files (x86)\Intel\Intel(R) Management Engine Components\IPT;C:\Program Files\Intel\Intel(R) Management Engine Components\IPT;C:\Program Files\Java\jdk1.8.0_161\bin;C:\Program Files\MongoDB\Server\3.4\bin;C:\Program Files\Git\cmd;C:\Program Files\nodejs\;C:\WINDOWS\System32\OpenSSH\;C:\Users\bit\AppData\Local\Microsoft\WindowsApps;C:\Program Files\Microsoft VS Code\bin;C:\Users\bit\AppData\Roaming\npm;C:\Users\bit\AppData\Local\atom\bin;%USERPROFILE%\AppData\Local\Microsoft\WindowsApps;;C:\Users\bit\Downloads\eclipse-jee-oxygen-3-win32-x86_64\eclipse;;.]
2018-06-01 09:13:16.796 [localhost-startStop-1] INFO  o.a.c.c.C.[Tomcat].[localhost].[/] - Initializing Spring embedded WebApplicationContext
2018-06-01 09:13:16.796 [localhost-startStop-1] INFO  o.s.web.context.ContextLoader - Root WebApplicationContext: initialization completed in 1068 ms
2018-06-01 09:13:16.912 [localhost-startStop-1] INFO  o.s.b.w.s.ServletRegistrationBean - Servlet dispatcherServlet mapped to [/]
2018-06-01 09:13:16.915 [localhost-startStop-1] INFO  o.s.b.w.s.FilterRegistrationBean - Mapping filter: 'characterEncodingFilter' to: [/*]
2018-06-01 09:13:16.915 [localhost-startStop-1] INFO  o.s.b.w.s.FilterRegistrationBean - Mapping filter: 'hiddenHttpMethodFilter' to: [/*]
2018-06-01 09:13:16.916 [localhost-startStop-1] INFO  o.s.b.w.s.FilterRegistrationBean - Mapping filter: 'httpPutFormContentFilter' to: [/*]
2018-06-01 09:13:16.916 [localhost-startStop-1] INFO  o.s.b.w.s.FilterRegistrationBean - Mapping filter: 'requestContextFilter' to: [/*]
2018-06-01 09:13:17.170 [main] INFO  org.mongodb.driver.cluster - Cluster created with settings {hosts=[192.168.1.56:27017], mode=SINGLE, requiredClusterType=UNKNOWN, serverSelectionTimeout='30000 ms', maxWaitQueueSize=500}
2018-06-01 09:13:17.211 [cluster-ClusterId{value='5b108f9d7f19733294aa1eb4', description='null'}-192.168.1.56:27017] INFO  org.mongodb.driver.connection - Opened connection [connectionId{localValue:1, serverValue:1980}] to 192.168.1.56:27017
2018-06-01 09:13:17.213 [cluster-ClusterId{value='5b108f9d7f19733294aa1eb4', description='null'}-192.168.1.56:27017] INFO  org.mongodb.driver.cluster - Monitor thread successfully connected to server with description ServerDescription{address=192.168.1.56:27017, type=STANDALONE, state=CONNECTED, ok=true, version=ServerVersion{versionList=[3, 4, 1]}, minWireVersion=0, maxWireVersion=5, maxDocumentSize=16777216, logicalSessionTimeoutMinutes=null, roundTripTimeNanos=1008279}
2018-06-01 09:13:17.720 [main] INFO  o.s.w.s.h.SimpleUrlHandlerMapping - Mapped URL path [/**/favicon.ico] onto handler of type [class org.springframework.web.servlet.resource.ResourceHttpRequestHandler]
2018-06-01 09:13:17.934 [main] INFO  o.s.w.s.m.m.a.RequestMappingHandlerAdapter - Looking for @ControllerAdvice: org.springframework.boot.web.servlet.context.AnnotationConfigServletWebServerApplicationContext@77c2494c: startup date [Fri Jun 01 09:13:15 KST 2018]; root of context hierarchy
2018-06-01 09:13:17.979 [main] INFO  o.s.w.s.m.m.a.RequestMappingHandlerMapping - Mapped "{[/]}" onto public java.lang.String kr.co.moocl.controller.MainController.index()
2018-06-01 09:13:17.982 [main] INFO  o.s.w.s.m.m.a.RequestMappingHandlerMapping - Mapped "{[/api/delreview],methods=[POST]}" onto public int kr.co.moocl.restcontroller.aReviewSearchRestController.delReview(java.util.Map<java.lang.String, java.lang.Object>)
2018-06-01 09:13:17.983 [main] INFO  o.s.w.s.m.m.a.RequestMappingHandlerMapping - Mapped "{[/api/reviewsearch],methods=[POST]}" onto public java.util.List<kr.co.moocl.vo.ReviewVo> kr.co.moocl.restcontroller.aReviewSearchRestController.reviewSearch(java.util.Map<java.lang.String, java.lang.Object>)
2018-06-01 09:13:17.984 [main] INFO  o.s.w.s.m.m.a.RequestMappingHandlerMapping - Mapped "{[/api/detailinfo],methods=[GET]}" onto public kr.co.moocl.vo.InteMovieVo kr.co.moocl.restcontroller.MainRestController.detailInfo(java.lang.String)
2018-06-01 09:13:17.984 [main] INFO  o.s.w.s.m.m.a.RequestMappingHandlerMapping - Mapped "{[/api/test]}" onto public java.util.List<org.springframework.data.mongodb.core.mapping.Document> kr.co.moocl.restcontroller.MainRestController.testController()
2018-06-01 09:13:17.985 [main] INFO  o.s.w.s.m.m.a.RequestMappingHandlerMapping - Mapped "{[/api/delfavmovie],methods=[POST]}" onto public int kr.co.moocl.restcontroller.MyPageFavController.deleteFavMovie(java.util.Map<java.lang.String, java.lang.String>)
2018-06-01 09:13:17.987 [main] INFO  o.s.w.s.m.m.a.RequestMappingHandlerMapping - Mapped "{[/api/favlist],methods=[GET]}" onto public java.util.Map<java.lang.String, java.util.List<java.lang.String>> kr.co.moocl.restcontroller.MyPageFavController.showFavMovie(java.lang.String)
2018-06-01 09:13:17.987 [main] INFO  o.s.w.s.m.m.a.RequestMappingHandlerMapping - Mapped "{[/api/favdata],methods=[GET]}" onto public java.util.Map<java.lang.String, java.lang.Object> kr.co.moocl.restcontroller.MyPageFavController.myPageData(java.lang.String)
2018-06-01 09:13:17.987 [main] INFO  o.s.w.s.m.m.a.RequestMappingHandlerMapping - Mapped "{[/api/addfavmovie],methods=[POST]}" onto public int kr.co.moocl.restcontroller.MyPageFavController.addFavMovie(java.util.Map<java.lang.String, java.lang.String>)
2018-06-01 09:13:17.988 [main] INFO  o.s.w.s.m.m.a.RequestMappingHandlerMapping - Mapped "{[/api/addfavpeople],methods=[POST]}" onto public int kr.co.moocl.restcontroller.MyPageFavController.addFavPeople(java.util.Map<java.lang.String, java.lang.String>)
2018-06-01 09:13:17.988 [main] INFO  o.s.w.s.m.m.a.RequestMappingHandlerMapping - Mapped "{[/api/delfavpeople],methods=[POST]}" onto public int kr.co.moocl.restcontroller.MyPageFavController.deleteFavPeople(java.util.Map<java.lang.String, java.lang.String>)
2018-06-01 09:13:17.989 [main] INFO  o.s.w.s.m.m.a.RequestMappingHandlerMapping - Mapped "{[/api/removie],methods=[POST]}" onto public java.util.List<kr.co.moocl.vo.InteMovieVo> kr.co.moocl.restcontroller.PersonController.relatedMovies(java.util.Map<java.lang.String, java.lang.Object>)
2018-06-01 09:13:17.990 [main] INFO  o.s.w.s.m.m.a.RequestMappingHandlerMapping - Mapped "{[/api/saveReview],methods=[POST]}" onto public java.lang.String kr.co.moocl.restcontroller.ReviewRestController.saveReview(java.util.Map<java.lang.String, java.lang.String>)
2018-06-01 09:13:17.991 [main] INFO  o.s.w.s.m.m.a.RequestMappingHandlerMapping - Mapped "{[/api/reviewlist]}" onto public java.util.List<kr.co.moocl.vo.ReviewVo> kr.co.moocl.restcontroller.ReviewRestController.getReviewList(javax.servlet.http.HttpServletRequest)
2018-06-01 09:13:17.991 [main] INFO  o.s.w.s.m.m.a.RequestMappingHandlerMapping - Mapped "{[/api/reviewcount]}" onto public java.lang.Object kr.co.moocl.restcontroller.ReviewRestController.CountingReview(javax.servlet.http.HttpServletRequest)
2018-06-01 09:13:17.991 [main] INFO  o.s.w.s.m.m.a.RequestMappingHandlerMapping - Mapped "{[/api/reviewtest]}" onto public java.util.List<kr.co.moocl.vo.ReviewVo> kr.co.moocl.restcontroller.ReviewRestController.testReview()
2018-06-01 09:13:17.993 [main] INFO  o.s.w.s.m.m.a.RequestMappingHandlerMapping - Mapped "{[/api/search],methods=[GET]}" onto public java.util.List<java.util.Map<java.lang.String, java.lang.Object>> kr.co.moocl.restcontroller.SearchRestController.searchInteData(java.lang.String)
2018-06-01 09:13:17.993 [main] INFO  o.s.w.s.m.m.a.RequestMappingHandlerMapping - Mapped "{[/api/login]}" onto public java.util.Map<java.lang.String, java.lang.Object> kr.co.moocl.restcontroller.UsersRestController.login(java.util.Map<java.lang.String, java.lang.String>)
2018-06-01 09:13:17.993 [main] INFO  o.s.w.s.m.m.a.RequestMappingHandlerMapping - Mapped "{[/api/checkEmail]}" onto public java.lang.Boolean kr.co.moocl.restcontroller.UsersRestController.checkEmail(java.util.Map<java.lang.String, java.lang.String>)
2018-06-01 09:13:17.994 [main] INFO  o.s.w.s.m.m.a.RequestMappingHandlerMapping - Mapped "{[/api/join]}" onto public java.lang.Boolean kr.co.moocl.restcontroller.UsersRestController.joinUser(java.util.Map<java.lang.String, java.lang.Object>)
2018-06-01 09:13:17.994 [main] INFO  o.s.w.s.m.m.a.RequestMappingHandlerMapping - Mapped "{[/api/getWord]}" onto public java.util.List<org.springframework.data.mongodb.core.mapping.Document> kr.co.moocl.restcontroller.WordcloudRestController.getWordList(java.lang.String)
2018-06-01 09:13:17.995 [main] INFO  o.s.w.s.m.m.a.RequestMappingHandlerMapping - Mapped "{[/error]}" onto public org.springframework.http.ResponseEntity<java.util.Map<java.lang.String, java.lang.Object>> org.springframework.boot.autoconfigure.web.servlet.error.BasicErrorController.error(javax.servlet.http.HttpServletRequest)
2018-06-01 09:13:17.996 [main] INFO  o.s.w.s.m.m.a.RequestMappingHandlerMapping - Mapped "{[/error],produces=[text/html]}" onto public org.springframework.web.servlet.ModelAndView org.springframework.boot.autoconfigure.web.servlet.error.BasicErrorController.errorHtml(javax.servlet.http.HttpServletRequest,javax.servlet.http.HttpServletResponse)
2018-06-01 09:13:18.024 [main] INFO  o.s.w.s.h.SimpleUrlHandlerMapping - Mapped URL path [/webjars/**] onto handler of type [class org.springframework.web.servlet.resource.ResourceHttpRequestHandler]
2018-06-01 09:13:18.024 [main] INFO  o.s.w.s.h.SimpleUrlHandlerMapping - Mapped URL path [/**] onto handler of type [class org.springframework.web.servlet.resource.ResourceHttpRequestHandler]
2018-06-01 09:13:18.103 [main] INFO  o.s.b.a.w.s.WelcomePageHandlerMapping - Adding welcome page template: index
2018-06-01 09:13:18.278 [main] INFO  o.s.j.e.a.AnnotationMBeanExporter - Registering beans for JMX exposure on startup
2018-06-01 09:13:18.279 [main] INFO  o.s.j.e.a.AnnotationMBeanExporter - Bean with name 'dataSource' has been autodetected for JMX exposure
2018-06-01 09:13:18.283 [main] INFO  o.s.j.e.a.AnnotationMBeanExporter - Located MBean 'dataSource': registering with JMX server as MBean [com.zaxxer.hikari:name=dataSource,type=HikariDataSource]
2018-06-01 09:13:18.292 [main] INFO  o.a.coyote.http11.Http11NioProtocol - Starting ProtocolHandler ["http-nio-8090"]
2018-06-01 09:13:18.309 [main] INFO  o.a.tomcat.util.net.NioSelectorPool - Using a shared selector for servlet write/read
2018-06-01 09:13:18.319 [main] INFO  o.s.b.w.e.tomcat.TomcatWebServer - Tomcat started on port(s): 8090 (http) with context path ''
2018-06-01 09:13:18.322 [main] INFO  kr.co.moocl.MooclApplication - Started MooclApplication in 2.945 seconds (JVM running for 3.426)
2018-06-01 09:13:24.485 [http-nio-8090-exec-1] INFO  o.a.c.c.C.[Tomcat].[localhost].[/] - Initializing Spring FrameworkServlet 'dispatcherServlet'
2018-06-01 09:13:24.487 [http-nio-8090-exec-1] INFO  o.s.web.servlet.DispatcherServlet - FrameworkServlet 'dispatcherServlet': initialization started
2018-06-01 09:13:24.503 [http-nio-8090-exec-1] INFO  o.s.web.servlet.DispatcherServlet - FrameworkServlet 'dispatcherServlet': initialization completed in 16 ms
2018-06-01 09:13:24.556 [http-nio-8090-exec-1] INFO  org.mongodb.driver.connection - Opened connection [connectionId{localValue:2, serverValue:1981}] to 192.168.1.56:27017
2018-06-01 09:13:24.618 [http-nio-8090-exec-1] ERROR o.a.c.c.C.[.[.[.[dispatcherServlet] - Servlet.service() for servlet [dispatcherServlet] in context with path [] threw exception [Request processing failed; nested exception is java.lang.NullPointerException] with root cause
java.lang.NullPointerException: null
	at kr.co.moocl.dao.MovieDao.getWordListByMovieId(MovieDao.java:129)
	at kr.co.moocl.service.WordCloudService.getWordList(WordCloudService.java:29)
	at kr.co.moocl.restcontroller.WordcloudRestController.getWordList(WordcloudRestController.java:20)
	at sun.reflect.NativeMethodAccessorImpl.invoke0(Native Method)
	at sun.reflect.NativeMethodAccessorImpl.invoke(Unknown Source)
	at sun.reflect.DelegatingMethodAccessorImpl.invoke(Unknown Source)
	at java.lang.reflect.Method.invoke(Unknown Source)
	at org.springframework.web.method.support.InvocableHandlerMethod.doInvoke(InvocableHandlerMethod.java:209)
	at org.springframework.web.method.support.InvocableHandlerMethod.invokeForRequest(InvocableHandlerMethod.java:136)
	at org.springframework.web.servlet.mvc.method.annotation.ServletInvocableHandlerMethod.invokeAndHandle(ServletInvocableHandlerMethod.java:102)
	at org.springframework.web.servlet.mvc.method.annotation.RequestMappingHandlerAdapter.invokeHandlerMethod(RequestMappingHandlerAdapter.java:877)
	at org.springframework.web.servlet.mvc.method.annotation.RequestMappingHandlerAdapter.handleInternal(RequestMappingHandlerAdapter.java:783)
	at org.springframework.web.servlet.mvc.method.AbstractHandlerMethodAdapter.handle(AbstractHandlerMethodAdapter.java:87)
	at org.springframework.web.servlet.DispatcherServlet.doDispatch(DispatcherServlet.java:991)
	at org.springframework.web.servlet.DispatcherServlet.doService(DispatcherServlet.java:925)
	at org.springframework.web.servlet.FrameworkServlet.processRequest(FrameworkServlet.java:974)
	at org.springframework.web.servlet.FrameworkServlet.doGet(FrameworkServlet.java:866)
	at javax.servlet.http.HttpServlet.service(HttpServlet.java:635)
	at org.springframework.web.servlet.FrameworkServlet.service(FrameworkServlet.java:851)
	at javax.servlet.http.HttpServlet.service(HttpServlet.java:742)
	at org.apache.catalina.core.ApplicationFilterChain.internalDoFilter(ApplicationFilterChain.java:231)
	at org.apache.catalina.core.ApplicationFilterChain.doFilter(ApplicationFilterChain.java:166)
	at org.apache.tomcat.websocket.server.WsFilter.doFilter(WsFilter.java:52)
	at org.apache.catalina.core.ApplicationFilterChain.internalDoFilter(ApplicationFilterChain.java:193)
	at org.apache.catalina.core.ApplicationFilterChain.doFilter(ApplicationFilterChain.java:166)
	at org.springframework.web.filter.RequestContextFilter.doFilterInternal(RequestContextFilter.java:99)
	at org.springframework.web.filter.OncePerRequestFilter.doFilter(OncePerRequestFilter.java:107)
	at org.apache.catalina.core.ApplicationFilterChain.internalDoFilter(ApplicationFilterChain.java:193)
	at org.apache.catalina.core.ApplicationFilterChain.doFilter(ApplicationFilterChain.java:166)
	at org.springframework.web.filter.HttpPutFormContentFilter.doFilterInternal(HttpPutFormContentFilter.java:109)
	at org.springframework.web.filter.OncePerRequestFilter.doFilter(OncePerRequestFilter.java:107)
	at org.apache.catalina.core.ApplicationFilterChain.internalDoFilter(ApplicationFilterChain.java:193)
	at org.apache.catalina.core.ApplicationFilterChain.doFilter(ApplicationFilterChain.java:166)
	at org.springframework.web.filter.HiddenHttpMethodFilter.doFilterInternal(HiddenHttpMethodFilter.java:81)
	at org.springframework.web.filter.OncePerRequestFilter.doFilter(OncePerRequestFilter.java:107)
	at org.apache.catalina.core.ApplicationFilterChain.internalDoFilter(ApplicationFilterChain.java:193)
	at org.apache.catalina.core.ApplicationFilterChain.doFilter(ApplicationFilterChain.java:166)
	at org.springframework.web.filter.CharacterEncodingFilter.doFilterInternal(CharacterEncodingFilter.java:200)
	at org.springframework.web.filter.OncePerRequestFilter.doFilter(OncePerRequestFilter.java:107)
	at org.apache.catalina.core.ApplicationFilterChain.internalDoFilter(ApplicationFilterChain.java:193)
	at org.apache.catalina.core.ApplicationFilterChain.doFilter(ApplicationFilterChain.java:166)
	at org.apache.catalina.core.StandardWrapperValve.invoke(StandardWrapperValve.java:198)
	at org.apache.catalina.core.StandardContextValve.invoke(StandardContextValve.java:96)
	at org.apache.catalina.authenticator.AuthenticatorBase.invoke(AuthenticatorBase.java:496)
	at org.apache.catalina.core.StandardHostValve.invoke(StandardHostValve.java:140)
	at org.apache.catalina.valves.ErrorReportValve.invoke(ErrorReportValve.java:81)
	at org.apache.catalina.core.StandardEngineValve.invoke(StandardEngineValve.java:87)
	at org.apache.catalina.connector.CoyoteAdapter.service(CoyoteAdapter.java:342)
	at org.apache.coyote.http11.Http11Processor.service(Http11Processor.java:803)
	at org.apache.coyote.AbstractProcessorLight.process(AbstractProcessorLight.java:66)
	at org.apache.coyote.AbstractProtocol$ConnectionHandler.process(AbstractProtocol.java:790)
	at org.apache.tomcat.util.net.NioEndpoint$SocketProcessor.doRun(NioEndpoint.java:1459)
	at org.apache.tomcat.util.net.SocketProcessorBase.run(SocketProcessorBase.java:49)
	at java.util.concurrent.ThreadPoolExecutor.runWorker(Unknown Source)
	at java.util.concurrent.ThreadPoolExecutor$Worker.run(Unknown Source)
	at org.apache.tomcat.util.threads.TaskThread$WrappingRunnable.run(TaskThread.java:61)
	at java.lang.Thread.run(Unknown Source)
2018-06-01 10:02:31.390 [RMI TCP Connection(58)-127.0.0.1] INFO  o.s.b.a.SpringApplicationAdminMXBeanRegistrar$SpringApplicationAdmin - Application shutdown requested.
2018-06-01 10:02:31.391 [RMI TCP Connection(58)-127.0.0.1] INFO  o.s.b.w.s.c.AnnotationConfigServletWebServerApplicationContext - Closing org.springframework.boot.web.servlet.context.AnnotationConfigServletWebServerApplicationContext@77c2494c: startup date [Fri Jun 01 09:13:15 KST 2018]; root of context hierarchy
2018-06-01 10:02:31.394 [RMI TCP Connection(58)-127.0.0.1] INFO  o.s.j.e.a.AnnotationMBeanExporter - Unregistering JMX-exposed beans on shutdown
2018-06-01 10:02:31.394 [RMI TCP Connection(58)-127.0.0.1] INFO  o.s.j.e.a.AnnotationMBeanExporter - Unregistering JMX-exposed beans
2018-06-01 10:02:31.397 [RMI TCP Connection(58)-127.0.0.1] INFO  org.mongodb.driver.connection - Closed connection [connectionId{localValue:2, serverValue:1981}] to 192.168.1.56:27017 because the pool has been closed.
2018-06-01 10:06:03.811 [main] INFO  kr.co.moocl.MooclApplication - Starting MooclApplication on DESKTOP-7A6E06E with PID 8132 (C:\Users\bit\MooCl\Moocl\target\classes started by bit in C:\Users\bit\MooCl\Moocl)
2018-06-01 10:06:03.813 [main] INFO  kr.co.moocl.MooclApplication - No active profile set, falling back to default profiles: default
2018-06-01 10:06:03.845 [main] INFO  o.s.b.w.s.c.AnnotationConfigServletWebServerApplicationContext - Refreshing org.springframework.boot.web.servlet.context.AnnotationConfigServletWebServerApplicationContext@f5958c9: startup date [Fri Jun 01 10:06:03 KST 2018]; root of context hierarchy
2018-06-01 10:06:04.264 [main] WARN  o.m.s.mapper.ClassPathMapperScanner - No MyBatis mapper was found in '[kr.co.moocl]' package. Please check your configuration.
2018-06-01 10:06:04.566 [main] INFO  o.s.c.s.PostProcessorRegistrationDelegate$BeanPostProcessorChecker - Bean 'org.springframework.transaction.annotation.ProxyTransactionManagementConfiguration' of type [org.springframework.transaction.annotation.ProxyTransactionManagementConfiguration$$EnhancerBySpringCGLIB$$ba779302] is not eligible for getting processed by all BeanPostProcessors (for example: not eligible for auto-proxying)
2018-06-01 10:06:04.796 [main] INFO  o.s.b.w.e.tomcat.TomcatWebServer - Tomcat initialized with port(s): 8090 (http)
2018-06-01 10:06:04.805 [main] INFO  o.a.coyote.http11.Http11NioProtocol - Initializing ProtocolHandler ["http-nio-8090"]
2018-06-01 10:06:04.811 [main] INFO  o.a.catalina.core.StandardService - Starting service [Tomcat]
2018-06-01 10:06:04.812 [main] INFO  o.a.catalina.core.StandardEngine - Starting Servlet Engine: Apache Tomcat/8.5.29
2018-06-01 10:06:04.815 [localhost-startStop-1] INFO  o.a.c.core.AprLifecycleListener - The APR based Apache Tomcat Native library which allows optimal performance in production environments was not found on the java.library.path: [C:\Program Files\Java\jre1.8.0_161\bin;C:\WINDOWS\Sun\Java\bin;C:\WINDOWS\system32;C:\WINDOWS;C:/Program Files/Java/jre1.8.0_161/bin/server;C:/Program Files/Java/jre1.8.0_161/bin;C:/Program Files/Java/jre1.8.0_161/lib/amd64;C:\ProgramData\Anaconda3;C:\ProgramData\Anaconda3\Library\mingw-w64\bin;C:\ProgramData\Anaconda3\Library\usr\bin;C:\ProgramData\Anaconda3\Library\bin;C:\ProgramData\Anaconda3\Scripts;C:\ProgramData\Oracle\Java\javapath;C:\Program Files (x86)\Intel\iCLS Client\;C:\Program Files\Intel\iCLS Client\;C:\WINDOWS\system32;C:\WINDOWS;C:\WINDOWS\System32\Wbem;C:\WINDOWS\System32\WindowsPowerShell\v1.0\;C:\Program Files (x86)\Intel\Intel(R) Management Engine Components\DAL;C:\Program Files\Intel\Intel(R) Management Engine Components\DAL;C:\Program Files (x86)\Intel\Intel(R) Management Engine Components\IPT;C:\Program Files\Intel\Intel(R) Management Engine Components\IPT;C:\Program Files\Java\jdk1.8.0_161\bin;C:\Program Files\MongoDB\Server\3.4\bin;C:\Program Files\Git\cmd;C:\Program Files\nodejs\;C:\WINDOWS\System32\OpenSSH\;C:\Users\bit\AppData\Local\Microsoft\WindowsApps;C:\Program Files\Microsoft VS Code\bin;C:\Users\bit\AppData\Roaming\npm;C:\Users\bit\AppData\Local\atom\bin;%USERPROFILE%\AppData\Local\Microsoft\WindowsApps;;C:\Users\bit\Downloads\eclipse-jee-oxygen-3-win32-x86_64\eclipse;;.]
2018-06-01 10:06:04.889 [localhost-startStop-1] INFO  o.a.c.c.C.[Tomcat].[localhost].[/] - Initializing Spring embedded WebApplicationContext
2018-06-01 10:06:04.889 [localhost-startStop-1] INFO  o.s.web.context.ContextLoader - Root WebApplicationContext: initialization completed in 1044 ms
2018-06-01 10:06:05.018 [localhost-startStop-1] INFO  o.s.b.w.s.ServletRegistrationBean - Servlet dispatcherServlet mapped to [/]
2018-06-01 10:06:05.021 [localhost-startStop-1] INFO  o.s.b.w.s.FilterRegistrationBean - Mapping filter: 'characterEncodingFilter' to: [/*]
2018-06-01 10:06:05.021 [localhost-startStop-1] INFO  o.s.b.w.s.FilterRegistrationBean - Mapping filter: 'hiddenHttpMethodFilter' to: [/*]
2018-06-01 10:06:05.021 [localhost-startStop-1] INFO  o.s.b.w.s.FilterRegistrationBean - Mapping filter: 'httpPutFormContentFilter' to: [/*]
2018-06-01 10:06:05.022 [localhost-startStop-1] INFO  o.s.b.w.s.FilterRegistrationBean - Mapping filter: 'requestContextFilter' to: [/*]
2018-06-01 10:06:05.228 [main] INFO  org.mongodb.driver.cluster - Cluster created with settings {hosts=[192.168.1.56:27017], mode=SINGLE, requiredClusterType=UNKNOWN, serverSelectionTimeout='30000 ms', maxWaitQueueSize=500}
2018-06-01 10:06:05.266 [cluster-ClusterId{value='5b109bfd7f19731fc47e6524', description='null'}-192.168.1.56:27017] INFO  org.mongodb.driver.connection - Opened connection [connectionId{localValue:1, serverValue:2072}] to 192.168.1.56:27017
2018-06-01 10:06:05.268 [cluster-ClusterId{value='5b109bfd7f19731fc47e6524', description='null'}-192.168.1.56:27017] INFO  org.mongodb.driver.cluster - Monitor thread successfully connected to server with description ServerDescription{address=192.168.1.56:27017, type=STANDALONE, state=CONNECTED, ok=true, version=ServerVersion{versionList=[3, 4, 1]}, minWireVersion=0, maxWireVersion=5, maxDocumentSize=16777216, logicalSessionTimeoutMinutes=null, roundTripTimeNanos=1096178}
2018-06-01 10:06:05.753 [main] INFO  o.s.w.s.h.SimpleUrlHandlerMapping - Mapped URL path [/**/favicon.ico] onto handler of type [class org.springframework.web.servlet.resource.ResourceHttpRequestHandler]
2018-06-01 10:06:05.965 [main] INFO  o.s.w.s.m.m.a.RequestMappingHandlerAdapter - Looking for @ControllerAdvice: org.springframework.boot.web.servlet.context.AnnotationConfigServletWebServerApplicationContext@f5958c9: startup date [Fri Jun 01 10:06:03 KST 2018]; root of context hierarchy
2018-06-01 10:06:06.006 [main] INFO  o.s.w.s.m.m.a.RequestMappingHandlerMapping - Mapped "{[/]}" onto public java.lang.String kr.co.moocl.controller.MainController.index()
2018-06-01 10:06:06.009 [main] INFO  o.s.w.s.m.m.a.RequestMappingHandlerMapping - Mapped "{[/api/delreview],methods=[POST]}" onto public int kr.co.moocl.restcontroller.aReviewSearchRestController.delReview(java.util.Map<java.lang.String, java.lang.Object>)
2018-06-01 10:06:06.009 [main] INFO  o.s.w.s.m.m.a.RequestMappingHandlerMapping - Mapped "{[/api/reviewsearch],methods=[POST]}" onto public java.util.List<kr.co.moocl.vo.ReviewVo> kr.co.moocl.restcontroller.aReviewSearchRestController.reviewSearch(java.util.Map<java.lang.String, java.lang.Object>)
2018-06-01 10:06:06.009 [main] INFO  o.s.w.s.m.m.a.RequestMappingHandlerMapping - Mapped "{[/api/test]}" onto public java.util.List<org.springframework.data.mongodb.core.mapping.Document> kr.co.moocl.restcontroller.MainRestController.testController()
2018-06-01 10:06:06.010 [main] INFO  o.s.w.s.m.m.a.RequestMappingHandlerMapping - Mapped "{[/api/detailinfo],methods=[GET]}" onto public kr.co.moocl.vo.InteMovieVo kr.co.moocl.restcontroller.MainRestController.detailInfo(java.lang.String)
2018-06-01 10:06:06.012 [main] INFO  o.s.w.s.m.m.a.RequestMappingHandlerMapping - Mapped "{[/api/addfavpeople],methods=[POST]}" onto public int kr.co.moocl.restcontroller.MyPageFavController.addFavPeople(java.util.Map<java.lang.String, java.lang.String>)
2018-06-01 10:06:06.012 [main] INFO  o.s.w.s.m.m.a.RequestMappingHandlerMapping - Mapped "{[/api/delfavmovie],methods=[POST]}" onto public int kr.co.moocl.restcontroller.MyPageFavController.deleteFavMovie(java.util.Map<java.lang.String, java.lang.String>)
2018-06-01 10:06:06.012 [main] INFO  o.s.w.s.m.m.a.RequestMappingHandlerMapping - Mapped "{[/api/favdata],methods=[GET]}" onto public java.util.Map<java.lang.String, java.lang.Object> kr.co.moocl.restcontroller.MyPageFavController.myPageData(java.lang.String)
2018-06-01 10:06:06.012 [main] INFO  o.s.w.s.m.m.a.RequestMappingHandlerMapping - Mapped "{[/api/addfavmovie],methods=[POST]}" onto public int kr.co.moocl.restcontroller.MyPageFavController.addFavMovie(java.util.Map<java.lang.String, java.lang.String>)
2018-06-01 10:06:06.014 [main] INFO  o.s.w.s.m.m.a.RequestMappingHandlerMapping - Mapped "{[/api/favlist],methods=[GET]}" onto public java.util.Map<java.lang.String, java.util.List<java.lang.String>> kr.co.moocl.restcontroller.MyPageFavController.showFavMovie(java.lang.String)
2018-06-01 10:06:06.014 [main] INFO  o.s.w.s.m.m.a.RequestMappingHandlerMapping - Mapped "{[/api/delfavpeople],methods=[POST]}" onto public int kr.co.moocl.restcontroller.MyPageFavController.deleteFavPeople(java.util.Map<java.lang.String, java.lang.String>)
2018-06-01 10:06:06.014 [main] INFO  o.s.w.s.m.m.a.RequestMappingHandlerMapping - Mapped "{[/api/removie],methods=[POST]}" onto public java.util.List<kr.co.moocl.vo.InteMovieVo> kr.co.moocl.restcontroller.PersonController.relatedMovies(java.util.Map<java.lang.String, java.lang.Object>)
2018-06-01 10:06:06.017 [main] INFO  o.s.w.s.m.m.a.RequestMappingHandlerMapping - Mapped "{[/api/saveReview],methods=[POST]}" onto public java.lang.String kr.co.moocl.restcontroller.ReviewRestController.saveReview(java.util.Map<java.lang.String, java.lang.String>)
2018-06-01 10:06:06.017 [main] INFO  o.s.w.s.m.m.a.RequestMappingHandlerMapping - Mapped "{[/api/reviewlist]}" onto public java.util.List<kr.co.moocl.vo.ReviewVo> kr.co.moocl.restcontroller.ReviewRestController.getReviewList(javax.servlet.http.HttpServletRequest)
2018-06-01 10:06:06.017 [main] INFO  o.s.w.s.m.m.a.RequestMappingHandlerMapping - Mapped "{[/api/reviewtest]}" onto public java.util.List<kr.co.moocl.vo.ReviewVo> kr.co.moocl.restcontroller.ReviewRestController.testReview()
2018-06-01 10:06:06.017 [main] INFO  o.s.w.s.m.m.a.RequestMappingHandlerMapping - Mapped "{[/api/reviewcount]}" onto public java.lang.Object kr.co.moocl.restcontroller.ReviewRestController.CountingReview(javax.servlet.http.HttpServletRequest)
2018-06-01 10:06:06.018 [main] INFO  o.s.w.s.m.m.a.RequestMappingHandlerMapping - Mapped "{[/api/search],methods=[GET]}" onto public java.util.List<java.util.Map<java.lang.String, java.lang.Object>> kr.co.moocl.restcontroller.SearchRestController.searchInteData(java.lang.String)
2018-06-01 10:06:06.019 [main] INFO  o.s.w.s.m.m.a.RequestMappingHandlerMapping - Mapped "{[/api/checkEmail]}" onto public java.lang.Boolean kr.co.moocl.restcontroller.UsersRestController.checkEmail(java.util.Map<java.lang.String, java.lang.String>)
2018-06-01 10:06:06.019 [main] INFO  o.s.w.s.m.m.a.RequestMappingHandlerMapping - Mapped "{[/api/login]}" onto public java.util.Map<java.lang.String, java.lang.Object> kr.co.moocl.restcontroller.UsersRestController.login(java.util.Map<java.lang.String, java.lang.String>)
2018-06-01 10:06:06.019 [main] INFO  o.s.w.s.m.m.a.RequestMappingHandlerMapping - Mapped "{[/api/join]}" onto public java.lang.Boolean kr.co.moocl.restcontroller.UsersRestController.joinUser(java.util.Map<java.lang.String, java.lang.Object>)
2018-06-01 10:06:06.020 [main] INFO  o.s.w.s.m.m.a.RequestMappingHandlerMapping - Mapped "{[/api/getWord]}" onto public java.util.List<org.springframework.data.mongodb.core.mapping.Document> kr.co.moocl.restcontroller.WordcloudRestController.getWordList(java.lang.String)
2018-06-01 10:06:06.021 [main] INFO  o.s.w.s.m.m.a.RequestMappingHandlerMapping - Mapped "{[/error]}" onto public org.springframework.http.ResponseEntity<java.util.Map<java.lang.String, java.lang.Object>> org.springframework.boot.autoconfigure.web.servlet.error.BasicErrorController.error(javax.servlet.http.HttpServletRequest)
2018-06-01 10:06:06.022 [main] INFO  o.s.w.s.m.m.a.RequestMappingHandlerMapping - Mapped "{[/error],produces=[text/html]}" onto public org.springframework.web.servlet.ModelAndView org.springframework.boot.autoconfigure.web.servlet.error.BasicErrorController.errorHtml(javax.servlet.http.HttpServletRequest,javax.servlet.http.HttpServletResponse)
2018-06-01 10:06:06.050 [main] INFO  o.s.w.s.h.SimpleUrlHandlerMapping - Mapped URL path [/webjars/**] onto handler of type [class org.springframework.web.servlet.resource.ResourceHttpRequestHandler]
2018-06-01 10:06:06.050 [main] INFO  o.s.w.s.h.SimpleUrlHandlerMapping - Mapped URL path [/**] onto handler of type [class org.springframework.web.servlet.resource.ResourceHttpRequestHandler]
2018-06-01 10:06:06.133 [main] INFO  o.s.b.a.w.s.WelcomePageHandlerMapping - Adding welcome page template: index
2018-06-01 10:06:06.299 [main] INFO  o.s.j.e.a.AnnotationMBeanExporter - Registering beans for JMX exposure on startup
2018-06-01 10:06:06.300 [main] INFO  o.s.j.e.a.AnnotationMBeanExporter - Bean with name 'dataSource' has been autodetected for JMX exposure
2018-06-01 10:06:06.304 [main] INFO  o.s.j.e.a.AnnotationMBeanExporter - Located MBean 'dataSource': registering with JMX server as MBean [com.zaxxer.hikari:name=dataSource,type=HikariDataSource]
2018-06-01 10:06:06.313 [main] INFO  o.a.coyote.http11.Http11NioProtocol - Starting ProtocolHandler ["http-nio-8090"]
2018-06-01 10:06:06.321 [main] INFO  o.a.tomcat.util.net.NioSelectorPool - Using a shared selector for servlet write/read
2018-06-01 10:06:06.331 [main] INFO  o.s.b.w.e.tomcat.TomcatWebServer - Tomcat started on port(s): 8090 (http) with context path ''
2018-06-01 10:06:06.334 [main] INFO  kr.co.moocl.MooclApplication - Started MooclApplication in 2.82 seconds (JVM running for 3.59)
2018-06-01 10:06:08.705 [RMI TCP Connection(6)-127.0.0.1] INFO  o.s.b.a.SpringApplicationAdminMXBeanRegistrar$SpringApplicationAdmin - Application shutdown requested.
2018-06-01 10:06:08.708 [RMI TCP Connection(6)-127.0.0.1] INFO  o.s.b.w.s.c.AnnotationConfigServletWebServerApplicationContext - Closing org.springframework.boot.web.servlet.context.AnnotationConfigServletWebServerApplicationContext@f5958c9: startup date [Fri Jun 01 10:06:03 KST 2018]; root of context hierarchy
2018-06-01 10:06:08.712 [RMI TCP Connection(6)-127.0.0.1] INFO  o.s.j.e.a.AnnotationMBeanExporter - Unregistering JMX-exposed beans on shutdown
2018-06-01 10:06:08.713 [RMI TCP Connection(6)-127.0.0.1] INFO  o.s.j.e.a.AnnotationMBeanExporter - Unregistering JMX-exposed beans
2018-06-01 10:06:12.206 [main] INFO  kr.co.moocl.MooclApplication - Starting MooclApplication on DESKTOP-7A6E06E with PID 14028 (C:\Users\bit\MooCl\Moocl\target\classes started by bit in C:\Users\bit\MooCl\Moocl)
2018-06-01 10:06:12.209 [main] INFO  kr.co.moocl.MooclApplication - No active profile set, falling back to default profiles: default
2018-06-01 10:06:12.242 [main] INFO  o.s.b.w.s.c.AnnotationConfigServletWebServerApplicationContext - Refreshing org.springframework.boot.web.servlet.context.AnnotationConfigServletWebServerApplicationContext@77c2494c: startup date [Fri Jun 01 10:06:12 KST 2018]; root of context hierarchy
2018-06-01 10:06:12.647 [main] WARN  o.m.s.mapper.ClassPathMapperScanner - No MyBatis mapper was found in '[kr.co.moocl]' package. Please check your configuration.
2018-06-01 10:06:12.952 [main] INFO  o.s.c.s.PostProcessorRegistrationDelegate$BeanPostProcessorChecker - Bean 'org.springframework.transaction.annotation.ProxyTransactionManagementConfiguration' of type [org.springframework.transaction.annotation.ProxyTransactionManagementConfiguration$$EnhancerBySpringCGLIB$$cf6d6116] is not eligible for getting processed by all BeanPostProcessors (for example: not eligible for auto-proxying)
2018-06-01 10:06:13.171 [main] INFO  o.s.b.w.e.tomcat.TomcatWebServer - Tomcat initialized with port(s): 8090 (http)
2018-06-01 10:06:13.180 [main] INFO  o.a.coyote.http11.Http11NioProtocol - Initializing ProtocolHandler ["http-nio-8090"]
2018-06-01 10:06:13.185 [main] INFO  o.a.catalina.core.StandardService - Starting service [Tomcat]
2018-06-01 10:06:13.186 [main] INFO  o.a.catalina.core.StandardEngine - Starting Servlet Engine: Apache Tomcat/8.5.29
2018-06-01 10:06:13.189 [localhost-startStop-1] INFO  o.a.c.core.AprLifecycleListener - The APR based Apache Tomcat Native library which allows optimal performance in production environments was not found on the java.library.path: [C:\Program Files\Java\jre1.8.0_161\bin;C:\WINDOWS\Sun\Java\bin;C:\WINDOWS\system32;C:\WINDOWS;C:/Program Files/Java/jre1.8.0_161/bin/server;C:/Program Files/Java/jre1.8.0_161/bin;C:/Program Files/Java/jre1.8.0_161/lib/amd64;C:\ProgramData\Anaconda3;C:\ProgramData\Anaconda3\Library\mingw-w64\bin;C:\ProgramData\Anaconda3\Library\usr\bin;C:\ProgramData\Anaconda3\Library\bin;C:\ProgramData\Anaconda3\Scripts;C:\ProgramData\Oracle\Java\javapath;C:\Program Files (x86)\Intel\iCLS Client\;C:\Program Files\Intel\iCLS Client\;C:\WINDOWS\system32;C:\WINDOWS;C:\WINDOWS\System32\Wbem;C:\WINDOWS\System32\WindowsPowerShell\v1.0\;C:\Program Files (x86)\Intel\Intel(R) Management Engine Components\DAL;C:\Program Files\Intel\Intel(R) Management Engine Components\DAL;C:\Program Files (x86)\Intel\Intel(R) Management Engine Components\IPT;C:\Program Files\Intel\Intel(R) Management Engine Components\IPT;C:\Program Files\Java\jdk1.8.0_161\bin;C:\Program Files\MongoDB\Server\3.4\bin;C:\Program Files\Git\cmd;C:\Program Files\nodejs\;C:\WINDOWS\System32\OpenSSH\;C:\Users\bit\AppData\Local\Microsoft\WindowsApps;C:\Program Files\Microsoft VS Code\bin;C:\Users\bit\AppData\Roaming\npm;C:\Users\bit\AppData\Local\atom\bin;%USERPROFILE%\AppData\Local\Microsoft\WindowsApps;;C:\Users\bit\Downloads\eclipse-jee-oxygen-3-win32-x86_64\eclipse;;.]
2018-06-01 10:06:13.264 [localhost-startStop-1] INFO  o.a.c.c.C.[Tomcat].[localhost].[/] - Initializing Spring embedded WebApplicationContext
2018-06-01 10:06:13.264 [localhost-startStop-1] INFO  o.s.web.context.ContextLoader - Root WebApplicationContext: initialization completed in 1022 ms
2018-06-01 10:06:13.374 [localhost-startStop-1] INFO  o.s.b.w.s.ServletRegistrationBean - Servlet dispatcherServlet mapped to [/]
2018-06-01 10:06:13.379 [localhost-startStop-1] INFO  o.s.b.w.s.FilterRegistrationBean - Mapping filter: 'characterEncodingFilter' to: [/*]
2018-06-01 10:06:13.379 [localhost-startStop-1] INFO  o.s.b.w.s.FilterRegistrationBean - Mapping filter: 'hiddenHttpMethodFilter' to: [/*]
2018-06-01 10:06:13.379 [localhost-startStop-1] INFO  o.s.b.w.s.FilterRegistrationBean - Mapping filter: 'httpPutFormContentFilter' to: [/*]
2018-06-01 10:06:13.380 [localhost-startStop-1] INFO  o.s.b.w.s.FilterRegistrationBean - Mapping filter: 'requestContextFilter' to: [/*]
2018-06-01 10:06:13.594 [main] INFO  org.mongodb.driver.cluster - Cluster created with settings {hosts=[192.168.1.56:27017], mode=SINGLE, requiredClusterType=UNKNOWN, serverSelectionTimeout='30000 ms', maxWaitQueueSize=500}
2018-06-01 10:06:13.633 [cluster-ClusterId{value='5b109c057f197336cc435401', description='null'}-192.168.1.56:27017] INFO  org.mongodb.driver.connection - Opened connection [connectionId{localValue:1, serverValue:2073}] to 192.168.1.56:27017
2018-06-01 10:06:13.635 [cluster-ClusterId{value='5b109c057f197336cc435401', description='null'}-192.168.1.56:27017] INFO  org.mongodb.driver.cluster - Monitor thread successfully connected to server with description ServerDescription{address=192.168.1.56:27017, type=STANDALONE, state=CONNECTED, ok=true, version=ServerVersion{versionList=[3, 4, 1]}, minWireVersion=0, maxWireVersion=5, maxDocumentSize=16777216, logicalSessionTimeoutMinutes=null, roundTripTimeNanos=962404}
2018-06-01 10:06:14.124 [main] INFO  o.s.w.s.h.SimpleUrlHandlerMapping - Mapped URL path [/**/favicon.ico] onto handler of type [class org.springframework.web.servlet.resource.ResourceHttpRequestHandler]
2018-06-01 10:06:14.330 [main] INFO  o.s.w.s.m.m.a.RequestMappingHandlerAdapter - Looking for @ControllerAdvice: org.springframework.boot.web.servlet.context.AnnotationConfigServletWebServerApplicationContext@77c2494c: startup date [Fri Jun 01 10:06:12 KST 2018]; root of context hierarchy
2018-06-01 10:06:14.372 [main] INFO  o.s.w.s.m.m.a.RequestMappingHandlerMapping - Mapped "{[/]}" onto public java.lang.String kr.co.moocl.controller.MainController.index()
2018-06-01 10:06:14.374 [main] INFO  o.s.w.s.m.m.a.RequestMappingHandlerMapping - Mapped "{[/api/reviewsearch],methods=[POST]}" onto public java.util.List<kr.co.moocl.vo.ReviewVo> kr.co.moocl.restcontroller.aReviewSearchRestController.reviewSearch(java.util.Map<java.lang.String, java.lang.Object>)
2018-06-01 10:06:14.375 [main] INFO  o.s.w.s.m.m.a.RequestMappingHandlerMapping - Mapped "{[/api/delreview],methods=[POST]}" onto public int kr.co.moocl.restcontroller.aReviewSearchRestController.delReview(java.util.Map<java.lang.String, java.lang.Object>)
2018-06-01 10:06:14.376 [main] INFO  o.s.w.s.m.m.a.RequestMappingHandlerMapping - Mapped "{[/api/test]}" onto public java.util.List<org.springframework.data.mongodb.core.mapping.Document> kr.co.moocl.restcontroller.MainRestController.testController()
2018-06-01 10:06:14.376 [main] INFO  o.s.w.s.m.m.a.RequestMappingHandlerMapping - Mapped "{[/api/detailinfo],methods=[GET]}" onto public kr.co.moocl.vo.InteMovieVo kr.co.moocl.restcontroller.MainRestController.detailInfo(java.lang.String)
2018-06-01 10:06:14.378 [main] INFO  o.s.w.s.m.m.a.RequestMappingHandlerMapping - Mapped "{[/api/favlist],methods=[GET]}" onto public java.util.Map<java.lang.String, java.util.List<java.lang.String>> kr.co.moocl.restcontroller.MyPageFavController.showFavMovie(java.lang.String)
2018-06-01 10:06:14.379 [main] INFO  o.s.w.s.m.m.a.RequestMappingHandlerMapping - Mapped "{[/api/delfavmovie],methods=[POST]}" onto public int kr.co.moocl.restcontroller.MyPageFavController.deleteFavMovie(java.util.Map<java.lang.String, java.lang.String>)
2018-06-01 10:06:14.379 [main] INFO  o.s.w.s.m.m.a.RequestMappingHandlerMapping - Mapped "{[/api/favdata],methods=[GET]}" onto public java.util.Map<java.lang.String, java.lang.Object> kr.co.moocl.restcontroller.MyPageFavController.myPageData(java.lang.String)
2018-06-01 10:06:14.380 [main] INFO  o.s.w.s.m.m.a.RequestMappingHandlerMapping - Mapped "{[/api/delfavpeople],methods=[POST]}" onto public int kr.co.moocl.restcontroller.MyPageFavController.deleteFavPeople(java.util.Map<java.lang.String, java.lang.String>)
2018-06-01 10:06:14.380 [main] INFO  o.s.w.s.m.m.a.RequestMappingHandlerMapping - Mapped "{[/api/addfavmovie],methods=[POST]}" onto public int kr.co.moocl.restcontroller.MyPageFavController.addFavMovie(java.util.Map<java.lang.String, java.lang.String>)
2018-06-01 10:06:14.381 [main] INFO  o.s.w.s.m.m.a.RequestMappingHandlerMapping - Mapped "{[/api/addfavpeople],methods=[POST]}" onto public int kr.co.moocl.restcontroller.MyPageFavController.addFavPeople(java.util.Map<java.lang.String, java.lang.String>)
2018-06-01 10:06:14.381 [main] INFO  o.s.w.s.m.m.a.RequestMappingHandlerMapping - Mapped "{[/api/removie],methods=[POST]}" onto public java.util.List<kr.co.moocl.vo.InteMovieVo> kr.co.moocl.restcontroller.PersonController.relatedMovies(java.util.Map<java.lang.String, java.lang.Object>)
2018-06-01 10:06:14.383 [main] INFO  o.s.w.s.m.m.a.RequestMappingHandlerMapping - Mapped "{[/api/saveReview],methods=[POST]}" onto public java.lang.String kr.co.moocl.restcontroller.ReviewRestController.saveReview(java.util.Map<java.lang.String, java.lang.String>)
2018-06-01 10:06:14.384 [main] INFO  o.s.w.s.m.m.a.RequestMappingHandlerMapping - Mapped "{[/api/reviewcount]}" onto public java.lang.Object kr.co.moocl.restcontroller.ReviewRestController.CountingReview(javax.servlet.http.HttpServletRequest)
2018-06-01 10:06:14.384 [main] INFO  o.s.w.s.m.m.a.RequestMappingHandlerMapping - Mapped "{[/api/reviewlist]}" onto public java.util.List<kr.co.moocl.vo.ReviewVo> kr.co.moocl.restcontroller.ReviewRestController.getReviewList(javax.servlet.http.HttpServletRequest)
2018-06-01 10:06:14.384 [main] INFO  o.s.w.s.m.m.a.RequestMappingHandlerMapping - Mapped "{[/api/reviewtest]}" onto public java.util.List<kr.co.moocl.vo.ReviewVo> kr.co.moocl.restcontroller.ReviewRestController.testReview()
2018-06-01 10:06:14.385 [main] INFO  o.s.w.s.m.m.a.RequestMappingHandlerMapping - Mapped "{[/api/search],methods=[GET]}" onto public java.util.List<java.util.Map<java.lang.String, java.lang.Object>> kr.co.moocl.restcontroller.SearchRestController.searchInteData(java.lang.String)
2018-06-01 10:06:14.387 [main] INFO  o.s.w.s.m.m.a.RequestMappingHandlerMapping - Mapped "{[/api/checkEmail]}" onto public java.lang.Boolean kr.co.moocl.restcontroller.UsersRestController.checkEmail(java.util.Map<java.lang.String, java.lang.String>)
2018-06-01 10:06:14.388 [main] INFO  o.s.w.s.m.m.a.RequestMappingHandlerMapping - Mapped "{[/api/login]}" onto public java.util.Map<java.lang.String, java.lang.Object> kr.co.moocl.restcontroller.UsersRestController.login(java.util.Map<java.lang.String, java.lang.String>)
2018-06-01 10:06:14.388 [main] INFO  o.s.w.s.m.m.a.RequestMappingHandlerMapping - Mapped "{[/api/join]}" onto public java.lang.Boolean kr.co.moocl.restcontroller.UsersRestController.joinUser(java.util.Map<java.lang.String, java.lang.Object>)
2018-06-01 10:06:14.390 [main] INFO  o.s.w.s.m.m.a.RequestMappingHandlerMapping - Mapped "{[/api/getWord]}" onto public java.util.List<org.springframework.data.mongodb.core.mapping.Document> kr.co.moocl.restcontroller.WordcloudRestController.getWordList(java.lang.String)
2018-06-01 10:06:14.392 [main] INFO  o.s.w.s.m.m.a.RequestMappingHandlerMapping - Mapped "{[/error]}" onto public org.springframework.http.ResponseEntity<java.util.Map<java.lang.String, java.lang.Object>> org.springframework.boot.autoconfigure.web.servlet.error.BasicErrorController.error(javax.servlet.http.HttpServletRequest)
2018-06-01 10:06:14.393 [main] INFO  o.s.w.s.m.m.a.RequestMappingHandlerMapping - Mapped "{[/error],produces=[text/html]}" onto public org.springframework.web.servlet.ModelAndView org.springframework.boot.autoconfigure.web.servlet.error.BasicErrorController.errorHtml(javax.servlet.http.HttpServletRequest,javax.servlet.http.HttpServletResponse)
2018-06-01 10:06:14.421 [main] INFO  o.s.w.s.h.SimpleUrlHandlerMapping - Mapped URL path [/webjars/**] onto handler of type [class org.springframework.web.servlet.resource.ResourceHttpRequestHandler]
2018-06-01 10:06:14.422 [main] INFO  o.s.w.s.h.SimpleUrlHandlerMapping - Mapped URL path [/**] onto handler of type [class org.springframework.web.servlet.resource.ResourceHttpRequestHandler]
2018-06-01 10:06:14.510 [main] INFO  o.s.b.a.w.s.WelcomePageHandlerMapping - Adding welcome page template: index
2018-06-01 10:06:14.706 [main] INFO  o.s.j.e.a.AnnotationMBeanExporter - Registering beans for JMX exposure on startup
2018-06-01 10:06:14.707 [main] INFO  o.s.j.e.a.AnnotationMBeanExporter - Bean with name 'dataSource' has been autodetected for JMX exposure
2018-06-01 10:06:14.711 [main] INFO  o.s.j.e.a.AnnotationMBeanExporter - Located MBean 'dataSource': registering with JMX server as MBean [com.zaxxer.hikari:name=dataSource,type=HikariDataSource]
2018-06-01 10:06:14.720 [main] INFO  o.a.coyote.http11.Http11NioProtocol - Starting ProtocolHandler ["http-nio-8090"]
2018-06-01 10:06:14.727 [main] INFO  o.a.tomcat.util.net.NioSelectorPool - Using a shared selector for servlet write/read
2018-06-01 10:06:14.738 [main] INFO  o.s.b.w.e.tomcat.TomcatWebServer - Tomcat started on port(s): 8090 (http) with context path ''
2018-06-01 10:06:14.741 [main] INFO  kr.co.moocl.MooclApplication - Started MooclApplication in 2.842 seconds (JVM running for 3.33)
2018-06-01 10:06:33.069 [RMI TCP Connection(7)-127.0.0.1] INFO  o.s.b.a.SpringApplicationAdminMXBeanRegistrar$SpringApplicationAdmin - Application shutdown requested.
2018-06-01 10:06:33.070 [RMI TCP Connection(7)-127.0.0.1] INFO  o.s.b.w.s.c.AnnotationConfigServletWebServerApplicationContext - Closing org.springframework.boot.web.servlet.context.AnnotationConfigServletWebServerApplicationContext@77c2494c: startup date [Fri Jun 01 10:06:12 KST 2018]; root of context hierarchy
2018-06-01 10:06:33.072 [RMI TCP Connection(7)-127.0.0.1] INFO  o.s.j.e.a.AnnotationMBeanExporter - Unregistering JMX-exposed beans on shutdown
2018-06-01 10:06:33.072 [RMI TCP Connection(7)-127.0.0.1] INFO  o.s.j.e.a.AnnotationMBeanExporter - Unregistering JMX-exposed beans
