2018-04-17 11:18:04.120 [main] INFO  kr.co.moocl.MooclApplication - Starting MooclApplication on DESKTOP-1746CEU with PID 7512 (C:\Users\1\git\Moocl\Moocl\target\classes started by 1 in C:\Users\1\git\Moocl\Moocl)
2018-04-17 11:18:04.127 [main] INFO  kr.co.moocl.MooclApplication - No active profile set, falling back to default profiles: default
2018-04-17 11:18:04.165 [main] INFO  o.s.b.w.s.c.AnnotationConfigServletWebServerApplicationContext - Refreshing org.springframework.boot.web.servlet.context.AnnotationConfigServletWebServerApplicationContext@44c03695: startup date [Tue Apr 17 11:18:04 KST 2018]; root of context hierarchy
2018-04-17 11:18:04.610 [main] WARN  o.m.s.mapper.ClassPathMapperScanner - No MyBatis mapper was found in '[kr.co.moocl]' package. Please check your configuration.
2018-04-17 11:18:05.064 [main] INFO  o.s.b.w.e.tomcat.TomcatWebServer - Tomcat initialized with port(s): 8090 (http)
2018-04-17 11:18:05.079 [main] INFO  o.a.coyote.http11.Http11NioProtocol - Initializing ProtocolHandler ["http-nio-8090"]
2018-04-17 11:18:05.085 [main] INFO  o.a.catalina.core.StandardService - Starting service [Tomcat]
2018-04-17 11:18:05.086 [main] INFO  o.a.catalina.core.StandardEngine - Starting Servlet Engine: Apache Tomcat/8.5.29
2018-04-17 11:18:05.089 [localhost-startStop-1] INFO  o.a.c.core.AprLifecycleListener - The APR based Apache Tomcat Native library which allows optimal performance in production environments was not found on the java.library.path: [C:\Program Files\Java\jre1.8.0_161\bin;C:\WINDOWS\Sun\Java\bin;C:\WINDOWS\system32;C:\WINDOWS;C:/Program Files/Java/jre1.8.0_161/bin/server;C:/Program Files/Java/jre1.8.0_161/bin;C:/Program Files/Java/jre1.8.0_161/lib/amd64;C:\oraclexe\app\oracle\product\11.2.0\server\bin;C:\ProgramData\Anaconda3;C:\ProgramData\Anaconda3\Library\mingw-w64\bin;C:\ProgramData\Anaconda3\Library\usr\bin;C:\ProgramData\Anaconda3\Library\bin;C:\ProgramData\Anaconda3\Scripts;C:\ProgramData\Oracle\Java\javapath;C:\Program Files (x86)\Intel\iCLS Client\;C:\Program Files\Intel\iCLS Client\;C:\WINDOWS\system32;C:\WINDOWS;C:\WINDOWS\System32\Wbem;C:\WINDOWS\System32\WindowsPowerShell\v1.0\;C:\Program Files (x86)\Intel\Intel(R) Management Engine Components\DAL;C:\Program Files\Intel\Intel(R) Management Engine Components\DAL;C:\Program Files (x86)\Intel\Intel(R) Management Engine Components\IPT;C:\Program Files\Intel\Intel(R) Management Engine Components\IPT;C:\Program Files\Java\jdk1.8.0_161\bin;C:\Program Files\MongoDB\Server\3.6\bin;C:\Program Files\nodejs\;C:\Users\1\AppData\Local\Microsoft\WindowsApps;C:\Program Files\Bandizip\;C:\Users\1\AppData\Local\atom\bin;C:\Program Files\Microsoft VS Code\bin;C:\Users\1\AppData\Roaming\npm;C:\Users\1\eclipse\jee-oxygen\eclipse;;.]
2018-04-17 11:18:05.399 [localhost-startStop-1] INFO  o.a.c.c.C.[Tomcat].[localhost].[/] - Initializing Spring embedded WebApplicationContext
2018-04-17 11:18:05.399 [localhost-startStop-1] INFO  o.s.web.context.ContextLoader - Root WebApplicationContext: initialization completed in 1234 ms
2018-04-17 11:18:05.498 [localhost-startStop-1] INFO  o.s.b.w.s.ServletRegistrationBean - Servlet dispatcherServlet mapped to [/]
2018-04-17 11:18:05.501 [localhost-startStop-1] INFO  o.s.b.w.s.FilterRegistrationBean - Mapping filter: 'characterEncodingFilter' to: [/*]
2018-04-17 11:18:05.501 [localhost-startStop-1] INFO  o.s.b.w.s.FilterRegistrationBean - Mapping filter: 'hiddenHttpMethodFilter' to: [/*]
2018-04-17 11:18:05.501 [localhost-startStop-1] INFO  o.s.b.w.s.FilterRegistrationBean - Mapping filter: 'httpPutFormContentFilter' to: [/*]
2018-04-17 11:18:05.501 [localhost-startStop-1] INFO  o.s.b.w.s.FilterRegistrationBean - Mapping filter: 'requestContextFilter' to: [/*]
2018-04-17 11:18:05.799 [main] INFO  o.s.w.s.h.SimpleUrlHandlerMapping - Mapped URL path [/**/favicon.ico] onto handler of type [class org.springframework.web.servlet.resource.ResourceHttpRequestHandler]
2018-04-17 11:18:05.967 [main] INFO  o.s.w.s.m.m.a.RequestMappingHandlerAdapter - Looking for @ControllerAdvice: org.springframework.boot.web.servlet.context.AnnotationConfigServletWebServerApplicationContext@44c03695: startup date [Tue Apr 17 11:18:04 KST 2018]; root of context hierarchy
2018-04-17 11:18:06.014 [main] INFO  o.s.w.s.m.m.a.RequestMappingHandlerMapping - Mapped "{[/]}" onto public java.lang.String kr.co.moocl.controller.MainController.index()
2018-04-17 11:18:06.017 [main] INFO  o.s.w.s.m.m.a.RequestMappingHandlerMapping - Mapped "{[/api/join]}" onto public java.lang.Boolean kr.co.moocl.restcontroller.UsersRestController.joinUser(java.util.Map<java.lang.String, java.lang.Object>)
2018-04-17 11:18:06.017 [main] INFO  o.s.w.s.m.m.a.RequestMappingHandlerMapping - Mapped "{[/api/checkEmail]}" onto public java.lang.Boolean kr.co.moocl.restcontroller.UsersRestController.checkEmail(java.util.Map<java.lang.String, java.lang.String>)
2018-04-17 11:18:06.018 [main] INFO  o.s.w.s.m.m.a.RequestMappingHandlerMapping - Mapped "{[/api/login]}" onto public java.lang.Boolean kr.co.moocl.restcontroller.UsersRestController.login(java.util.Map<java.lang.String, java.lang.String>)
2018-04-17 11:18:06.020 [main] INFO  o.s.w.s.m.m.a.RequestMappingHandlerMapping - Mapped "{[/error]}" onto public org.springframework.http.ResponseEntity<java.util.Map<java.lang.String, java.lang.Object>> org.springframework.boot.autoconfigure.web.servlet.error.BasicErrorController.error(javax.servlet.http.HttpServletRequest)
2018-04-17 11:18:06.021 [main] INFO  o.s.w.s.m.m.a.RequestMappingHandlerMapping - Mapped "{[/error],produces=[text/html]}" onto public org.springframework.web.servlet.ModelAndView org.springframework.boot.autoconfigure.web.servlet.error.BasicErrorController.errorHtml(javax.servlet.http.HttpServletRequest,javax.servlet.http.HttpServletResponse)
2018-04-17 11:18:06.041 [main] INFO  o.s.w.s.h.SimpleUrlHandlerMapping - Mapped URL path [/webjars/**] onto handler of type [class org.springframework.web.servlet.resource.ResourceHttpRequestHandler]
2018-04-17 11:18:06.047 [main] INFO  o.s.w.s.h.SimpleUrlHandlerMapping - Mapped URL path [/**] onto handler of type [class org.springframework.web.servlet.resource.ResourceHttpRequestHandler]
2018-04-17 11:18:06.142 [main] INFO  o.s.b.a.w.s.WelcomePageHandlerMapping - Adding welcome page template: index
2018-04-17 11:18:06.373 [main] INFO  o.s.j.e.a.AnnotationMBeanExporter - Registering beans for JMX exposure on startup
2018-04-17 11:18:06.374 [main] INFO  o.s.j.e.a.AnnotationMBeanExporter - Bean with name 'dataSource' has been autodetected for JMX exposure
2018-04-17 11:18:06.377 [main] INFO  o.s.j.e.a.AnnotationMBeanExporter - Located MBean 'dataSource': registering with JMX server as MBean [com.zaxxer.hikari:name=dataSource,type=HikariDataSource]
2018-04-17 11:18:06.387 [main] INFO  o.a.coyote.http11.Http11NioProtocol - Starting ProtocolHandler ["http-nio-8090"]
2018-04-17 11:18:06.399 [main] INFO  o.a.tomcat.util.net.NioSelectorPool - Using a shared selector for servlet write/read
2018-04-17 11:18:06.411 [main] INFO  o.s.b.w.e.tomcat.TomcatWebServer - Tomcat started on port(s): 8090 (http) with context path ''
2018-04-17 11:18:06.420 [main] INFO  kr.co.moocl.MooclApplication - Started MooclApplication in 2.679 seconds (JVM running for 3.351)
2018-04-17 11:18:13.412 [http-nio-8090-exec-1] INFO  o.a.c.c.C.[Tomcat].[localhost].[/] - Initializing Spring FrameworkServlet 'dispatcherServlet'
2018-04-17 11:18:13.412 [http-nio-8090-exec-1] INFO  o.s.web.servlet.DispatcherServlet - FrameworkServlet 'dispatcherServlet': initialization started
2018-04-17 11:18:13.429 [http-nio-8090-exec-1] INFO  o.s.web.servlet.DispatcherServlet - FrameworkServlet 'dispatcherServlet': initialization completed in 17 ms
2018-04-17 11:18:24.802 [http-nio-8090-exec-8] INFO  k.c.m.r.UsersRestController - checkEmail 진입 userEmail : {email=ippowe@naver.com}
2018-04-17 11:18:24.806 [http-nio-8090-exec-8] INFO  kr.co.moocl.service.UsersService - UsersService.checkEmail 진입 UserVo : {email=ippowe@naver.com}
2018-04-17 11:18:24.814 [http-nio-8090-exec-8] INFO  kr.co.moocl.dao.UsersDao - UsersDao.getUserInfoByEmail 진입 userEmail: ippowe@naver.com
2018-04-17 11:18:24.826 [http-nio-8090-exec-8] INFO  com.zaxxer.hikari.HikariDataSource - HikariPool-1 - Starting...
2018-04-17 11:18:24.832 [http-nio-8090-exec-8] WARN  c.z.hikari.util.DriverDataSource - Registered driver with driverClassName=oracle.jdbc.driver.OracleDriver was not found, trying direct instantiation.
2018-04-17 11:18:24.968 [http-nio-8090-exec-8] INFO  com.zaxxer.hikari.pool.PoolBase - HikariPool-1 - Driver does not support get/set network timeout for connections. (oracle.jdbc.driver.T4CConnection.getNetworkTimeout()I)
2018-04-17 11:18:24.973 [http-nio-8090-exec-8] INFO  com.zaxxer.hikari.HikariDataSource - HikariPool-1 - Start completed.
2018-04-17 11:18:25.058 [http-nio-8090-exec-8] INFO  kr.co.moocl.dao.UsersDao - Oracle에서 UserInfo 가져옴 : null
2018-04-17 11:18:25.064 [http-nio-8090-exec-8] INFO  kr.co.moocl.service.UsersService - usersDao에서 userInfo 가져옴 : null
2018-04-17 11:18:25.064 [http-nio-8090-exec-8] INFO  k.c.m.r.UsersRestController - 로그인 Service에서 결과 가져옴 : true
2018-04-17 11:19:01.628 [http-nio-8090-exec-5] INFO  k.c.m.r.UsersRestController - checkEmail 진입 userEmail : {email=ippowe@naver.com}
2018-04-17 11:19:01.628 [http-nio-8090-exec-5] INFO  kr.co.moocl.service.UsersService - UsersService.checkEmail 진입 UserVo : {email=ippowe@naver.com}
2018-04-17 11:19:01.633 [http-nio-8090-exec-5] INFO  kr.co.moocl.dao.UsersDao - UsersDao.getUserInfoByEmail 진입 userEmail: ippowe@naver.com
2018-04-17 11:19:01.635 [http-nio-8090-exec-5] INFO  kr.co.moocl.dao.UsersDao - Oracle에서 UserInfo 가져옴 : null
2018-04-17 11:19:01.640 [http-nio-8090-exec-5] INFO  kr.co.moocl.service.UsersService - usersDao에서 userInfo 가져옴 : null
2018-04-17 11:19:01.640 [http-nio-8090-exec-5] INFO  k.c.m.r.UsersRestController - 로그인 Service에서 결과 가져옴 : true
2018-04-17 11:19:01.938 [http-nio-8090-exec-7] INFO  k.c.m.r.UsersRestController - checkEmail 진입 userEmail : {email=ippowe@naver.com}
2018-04-17 11:19:01.938 [http-nio-8090-exec-7] INFO  kr.co.moocl.service.UsersService - UsersService.checkEmail 진입 UserVo : {email=ippowe@naver.com}
2018-04-17 11:19:01.938 [http-nio-8090-exec-7] INFO  kr.co.moocl.dao.UsersDao - UsersDao.getUserInfoByEmail 진입 userEmail: ippowe@naver.com
2018-04-17 11:19:01.940 [http-nio-8090-exec-7] INFO  kr.co.moocl.dao.UsersDao - Oracle에서 UserInfo 가져옴 : null
2018-04-17 11:19:01.946 [http-nio-8090-exec-7] INFO  kr.co.moocl.service.UsersService - usersDao에서 userInfo 가져옴 : null
2018-04-17 11:19:01.946 [http-nio-8090-exec-7] INFO  k.c.m.r.UsersRestController - 로그인 Service에서 결과 가져옴 : true
2018-04-17 11:19:02.107 [http-nio-8090-exec-3] INFO  k.c.m.r.UsersRestController - checkEmail 진입 userEmail : {email=ippowe@naver.com}
2018-04-17 11:19:02.107 [http-nio-8090-exec-3] INFO  kr.co.moocl.service.UsersService - UsersService.checkEmail 진입 UserVo : {email=ippowe@naver.com}
2018-04-17 11:19:02.107 [http-nio-8090-exec-3] INFO  kr.co.moocl.dao.UsersDao - UsersDao.getUserInfoByEmail 진입 userEmail: ippowe@naver.com
2018-04-17 11:19:02.108 [http-nio-8090-exec-3] INFO  kr.co.moocl.dao.UsersDao - Oracle에서 UserInfo 가져옴 : null
2018-04-17 11:19:02.108 [http-nio-8090-exec-3] INFO  kr.co.moocl.service.UsersService - usersDao에서 userInfo 가져옴 : null
2018-04-17 11:19:02.108 [http-nio-8090-exec-3] INFO  k.c.m.r.UsersRestController - 로그인 Service에서 결과 가져옴 : true
2018-04-17 11:19:02.266 [http-nio-8090-exec-10] INFO  k.c.m.r.UsersRestController - checkEmail 진입 userEmail : {email=ippowe@naver.com}
2018-04-17 11:19:02.266 [http-nio-8090-exec-10] INFO  kr.co.moocl.service.UsersService - UsersService.checkEmail 진입 UserVo : {email=ippowe@naver.com}
2018-04-17 11:19:02.267 [http-nio-8090-exec-10] INFO  kr.co.moocl.dao.UsersDao - UsersDao.getUserInfoByEmail 진입 userEmail: ippowe@naver.com
2018-04-17 11:19:02.267 [http-nio-8090-exec-10] INFO  kr.co.moocl.dao.UsersDao - Oracle에서 UserInfo 가져옴 : null
2018-04-17 11:19:02.267 [http-nio-8090-exec-10] INFO  kr.co.moocl.service.UsersService - usersDao에서 userInfo 가져옴 : null
2018-04-17 11:19:02.267 [http-nio-8090-exec-10] INFO  k.c.m.r.UsersRestController - 로그인 Service에서 결과 가져옴 : true
2018-04-17 11:19:02.434 [http-nio-8090-exec-4] INFO  k.c.m.r.UsersRestController - checkEmail 진입 userEmail : {email=ippowe@naver.com}
2018-04-17 11:19:02.434 [http-nio-8090-exec-4] INFO  kr.co.moocl.service.UsersService - UsersService.checkEmail 진입 UserVo : {email=ippowe@naver.com}
2018-04-17 11:19:02.440 [http-nio-8090-exec-4] INFO  kr.co.moocl.dao.UsersDao - UsersDao.getUserInfoByEmail 진입 userEmail: ippowe@naver.com
2018-04-17 11:19:02.441 [http-nio-8090-exec-4] INFO  kr.co.moocl.dao.UsersDao - Oracle에서 UserInfo 가져옴 : null
2018-04-17 11:19:02.441 [http-nio-8090-exec-4] INFO  kr.co.moocl.service.UsersService - usersDao에서 userInfo 가져옴 : null
2018-04-17 11:19:02.441 [http-nio-8090-exec-4] INFO  k.c.m.r.UsersRestController - 로그인 Service에서 결과 가져옴 : true
2018-04-17 11:19:02.610 [http-nio-8090-exec-1] INFO  k.c.m.r.UsersRestController - checkEmail 진입 userEmail : {email=ippowe@naver.com}
2018-04-17 11:19:02.611 [http-nio-8090-exec-1] INFO  kr.co.moocl.service.UsersService - UsersService.checkEmail 진입 UserVo : {email=ippowe@naver.com}
2018-04-17 11:19:02.611 [http-nio-8090-exec-1] INFO  kr.co.moocl.dao.UsersDao - UsersDao.getUserInfoByEmail 진입 userEmail: ippowe@naver.com
2018-04-17 11:19:02.611 [http-nio-8090-exec-1] INFO  kr.co.moocl.dao.UsersDao - Oracle에서 UserInfo 가져옴 : null
2018-04-17 11:19:02.618 [http-nio-8090-exec-1] INFO  kr.co.moocl.service.UsersService - usersDao에서 userInfo 가져옴 : null
2018-04-17 11:19:02.618 [http-nio-8090-exec-1] INFO  k.c.m.r.UsersRestController - 로그인 Service에서 결과 가져옴 : true
2018-04-17 11:19:02.786 [http-nio-8090-exec-6] INFO  k.c.m.r.UsersRestController - checkEmail 진입 userEmail : {email=ippowe@naver.com}
2018-04-17 11:19:02.786 [http-nio-8090-exec-6] INFO  kr.co.moocl.service.UsersService - UsersService.checkEmail 진입 UserVo : {email=ippowe@naver.com}
2018-04-17 11:19:02.786 [http-nio-8090-exec-6] INFO  kr.co.moocl.dao.UsersDao - UsersDao.getUserInfoByEmail 진입 userEmail: ippowe@naver.com
2018-04-17 11:19:02.787 [http-nio-8090-exec-6] INFO  kr.co.moocl.dao.UsersDao - Oracle에서 UserInfo 가져옴 : null
2018-04-17 11:19:02.787 [http-nio-8090-exec-6] INFO  kr.co.moocl.service.UsersService - usersDao에서 userInfo 가져옴 : null
2018-04-17 11:19:02.787 [http-nio-8090-exec-6] INFO  k.c.m.r.UsersRestController - 로그인 Service에서 결과 가져옴 : true
2018-04-17 11:19:02.938 [http-nio-8090-exec-2] INFO  k.c.m.r.UsersRestController - checkEmail 진입 userEmail : {email=ippowe@naver.com}
2018-04-17 11:19:02.938 [http-nio-8090-exec-2] INFO  kr.co.moocl.service.UsersService - UsersService.checkEmail 진입 UserVo : {email=ippowe@naver.com}
2018-04-17 11:19:02.938 [http-nio-8090-exec-2] INFO  kr.co.moocl.dao.UsersDao - UsersDao.getUserInfoByEmail 진입 userEmail: ippowe@naver.com
2018-04-17 11:19:02.939 [http-nio-8090-exec-2] INFO  kr.co.moocl.dao.UsersDao - Oracle에서 UserInfo 가져옴 : null
2018-04-17 11:19:02.939 [http-nio-8090-exec-2] INFO  kr.co.moocl.service.UsersService - usersDao에서 userInfo 가져옴 : null
2018-04-17 11:19:02.939 [http-nio-8090-exec-2] INFO  k.c.m.r.UsersRestController - 로그인 Service에서 결과 가져옴 : true
2018-04-17 11:19:03.090 [http-nio-8090-exec-5] INFO  k.c.m.r.UsersRestController - checkEmail 진입 userEmail : {email=ippowe@naver.com}
2018-04-17 11:19:03.090 [http-nio-8090-exec-5] INFO  kr.co.moocl.service.UsersService - UsersService.checkEmail 진입 UserVo : {email=ippowe@naver.com}
2018-04-17 11:19:03.097 [http-nio-8090-exec-5] INFO  kr.co.moocl.dao.UsersDao - UsersDao.getUserInfoByEmail 진입 userEmail: ippowe@naver.com
2018-04-17 11:19:03.098 [http-nio-8090-exec-5] INFO  kr.co.moocl.dao.UsersDao - Oracle에서 UserInfo 가져옴 : null
2018-04-17 11:19:03.098 [http-nio-8090-exec-5] INFO  kr.co.moocl.service.UsersService - usersDao에서 userInfo 가져옴 : null
2018-04-17 11:19:03.098 [http-nio-8090-exec-5] INFO  k.c.m.r.UsersRestController - 로그인 Service에서 결과 가져옴 : true
2018-04-17 11:19:03.250 [http-nio-8090-exec-7] INFO  k.c.m.r.UsersRestController - checkEmail 진입 userEmail : {email=ippowe@naver.com}
2018-04-17 11:19:03.251 [http-nio-8090-exec-7] INFO  kr.co.moocl.service.UsersService - UsersService.checkEmail 진입 UserVo : {email=ippowe@naver.com}
2018-04-17 11:19:03.251 [http-nio-8090-exec-7] INFO  kr.co.moocl.dao.UsersDao - UsersDao.getUserInfoByEmail 진입 userEmail: ippowe@naver.com
2018-04-17 11:19:03.252 [http-nio-8090-exec-7] INFO  kr.co.moocl.dao.UsersDao - Oracle에서 UserInfo 가져옴 : null
2018-04-17 11:19:03.257 [http-nio-8090-exec-7] INFO  kr.co.moocl.service.UsersService - usersDao에서 userInfo 가져옴 : null
2018-04-17 11:19:03.257 [http-nio-8090-exec-7] INFO  k.c.m.r.UsersRestController - 로그인 Service에서 결과 가져옴 : true
2018-04-17 11:19:03.426 [http-nio-8090-exec-9] INFO  k.c.m.r.UsersRestController - checkEmail 진입 userEmail : {email=ippowe@naver.com}
2018-04-17 11:19:03.426 [http-nio-8090-exec-9] INFO  kr.co.moocl.service.UsersService - UsersService.checkEmail 진입 UserVo : {email=ippowe@naver.com}
2018-04-17 11:19:03.426 [http-nio-8090-exec-9] INFO  kr.co.moocl.dao.UsersDao - UsersDao.getUserInfoByEmail 진입 userEmail: ippowe@naver.com
2018-04-17 11:19:03.427 [http-nio-8090-exec-9] INFO  kr.co.moocl.dao.UsersDao - Oracle에서 UserInfo 가져옴 : null
2018-04-17 11:19:03.427 [http-nio-8090-exec-9] INFO  kr.co.moocl.service.UsersService - usersDao에서 userInfo 가져옴 : null
2018-04-17 11:19:03.427 [http-nio-8090-exec-9] INFO  k.c.m.r.UsersRestController - 로그인 Service에서 결과 가져옴 : true
2018-04-17 11:19:03.586 [http-nio-8090-exec-8] INFO  k.c.m.r.UsersRestController - checkEmail 진입 userEmail : {email=ippowe@naver.com}
2018-04-17 11:19:03.587 [http-nio-8090-exec-8] INFO  kr.co.moocl.service.UsersService - UsersService.checkEmail 진입 UserVo : {email=ippowe@naver.com}
2018-04-17 11:19:03.587 [http-nio-8090-exec-8] INFO  kr.co.moocl.dao.UsersDao - UsersDao.getUserInfoByEmail 진입 userEmail: ippowe@naver.com
2018-04-17 11:19:03.587 [http-nio-8090-exec-8] INFO  kr.co.moocl.dao.UsersDao - Oracle에서 UserInfo 가져옴 : null
2018-04-17 11:19:03.588 [http-nio-8090-exec-8] INFO  kr.co.moocl.service.UsersService - usersDao에서 userInfo 가져옴 : null
2018-04-17 11:19:03.588 [http-nio-8090-exec-8] INFO  k.c.m.r.UsersRestController - 로그인 Service에서 결과 가져옴 : true
2018-04-17 11:19:03.746 [http-nio-8090-exec-3] INFO  k.c.m.r.UsersRestController - checkEmail 진입 userEmail : {email=ippowe@naver.com}
2018-04-17 11:19:03.747 [http-nio-8090-exec-3] INFO  kr.co.moocl.service.UsersService - UsersService.checkEmail 진입 UserVo : {email=ippowe@naver.com}
2018-04-17 11:19:03.752 [http-nio-8090-exec-3] INFO  kr.co.moocl.dao.UsersDao - UsersDao.getUserInfoByEmail 진입 userEmail: ippowe@naver.com
2018-04-17 11:19:03.753 [http-nio-8090-exec-3] INFO  kr.co.moocl.dao.UsersDao - Oracle에서 UserInfo 가져옴 : null
2018-04-17 11:19:03.753 [http-nio-8090-exec-3] INFO  kr.co.moocl.service.UsersService - usersDao에서 userInfo 가져옴 : null
2018-04-17 11:19:03.753 [http-nio-8090-exec-3] INFO  k.c.m.r.UsersRestController - 로그인 Service에서 결과 가져옴 : true
2018-04-17 11:19:03.914 [http-nio-8090-exec-10] INFO  k.c.m.r.UsersRestController - checkEmail 진입 userEmail : {email=ippowe@naver.com}
2018-04-17 11:19:03.914 [http-nio-8090-exec-10] INFO  kr.co.moocl.service.UsersService - UsersService.checkEmail 진입 UserVo : {email=ippowe@naver.com}
2018-04-17 11:19:03.914 [http-nio-8090-exec-10] INFO  kr.co.moocl.dao.UsersDao - UsersDao.getUserInfoByEmail 진입 userEmail: ippowe@naver.com
2018-04-17 11:19:03.916 [http-nio-8090-exec-10] INFO  kr.co.moocl.dao.UsersDao - Oracle에서 UserInfo 가져옴 : null
2018-04-17 11:19:03.922 [http-nio-8090-exec-10] INFO  kr.co.moocl.service.UsersService - usersDao에서 userInfo 가져옴 : null
2018-04-17 11:19:03.922 [http-nio-8090-exec-10] INFO  k.c.m.r.UsersRestController - 로그인 Service에서 결과 가져옴 : true
2018-04-17 11:19:04.075 [http-nio-8090-exec-4] INFO  k.c.m.r.UsersRestController - checkEmail 진입 userEmail : {email=ippowe@naver.com}
2018-04-17 11:19:04.075 [http-nio-8090-exec-4] INFO  kr.co.moocl.service.UsersService - UsersService.checkEmail 진입 UserVo : {email=ippowe@naver.com}
2018-04-17 11:19:04.075 [http-nio-8090-exec-4] INFO  kr.co.moocl.dao.UsersDao - UsersDao.getUserInfoByEmail 진입 userEmail: ippowe@naver.com
2018-04-17 11:19:04.077 [http-nio-8090-exec-4] INFO  kr.co.moocl.dao.UsersDao - Oracle에서 UserInfo 가져옴 : null
2018-04-17 11:19:04.077 [http-nio-8090-exec-4] INFO  kr.co.moocl.service.UsersService - usersDao에서 userInfo 가져옴 : null
2018-04-17 11:19:04.077 [http-nio-8090-exec-4] INFO  k.c.m.r.UsersRestController - 로그인 Service에서 결과 가져옴 : true
2018-04-17 11:19:09.627 [http-nio-8090-exec-1] INFO  k.c.m.r.UsersRestController - checkEmail 진입 userEmail : {email=jae7415@gmail.com}
2018-04-17 11:19:09.627 [http-nio-8090-exec-1] INFO  kr.co.moocl.service.UsersService - UsersService.checkEmail 진입 UserVo : {email=jae7415@gmail.com}
2018-04-17 11:19:09.632 [http-nio-8090-exec-1] INFO  kr.co.moocl.dao.UsersDao - UsersDao.getUserInfoByEmail 진입 userEmail: jae7415@gmail.com
2018-04-17 11:19:09.637 [http-nio-8090-exec-1] INFO  kr.co.moocl.dao.UsersDao - Oracle에서 UserInfo 가져옴 : UsersVo [userNo=100, email=jae7415@gmail.com, password=1, gender=M, age=27, nickName=null]
2018-04-17 11:19:09.642 [http-nio-8090-exec-1] INFO  kr.co.moocl.service.UsersService - usersDao에서 userInfo 가져옴 : UsersVo [userNo=100, email=jae7415@gmail.com, password=1, gender=M, age=27, nickName=null]
2018-04-17 11:19:09.642 [http-nio-8090-exec-1] INFO  kr.co.moocl.service.UsersService - 이메일 중복 O
2018-04-17 11:19:09.642 [http-nio-8090-exec-1] INFO  k.c.m.r.UsersRestController - 로그인 Service에서 결과 가져옴 : false
2018-04-17 11:19:19.538 [http-nio-8090-exec-6] INFO  k.c.m.r.UsersRestController - checkEmail 진입 userEmail : {email=ippowe@naver.com}
2018-04-17 11:19:19.538 [http-nio-8090-exec-6] INFO  kr.co.moocl.service.UsersService - UsersService.checkEmail 진입 UserVo : {email=ippowe@naver.com}
2018-04-17 11:19:19.538 [http-nio-8090-exec-6] INFO  kr.co.moocl.dao.UsersDao - UsersDao.getUserInfoByEmail 진입 userEmail: ippowe@naver.com
2018-04-17 11:19:19.540 [http-nio-8090-exec-6] INFO  kr.co.moocl.dao.UsersDao - Oracle에서 UserInfo 가져옴 : null
2018-04-17 11:19:19.540 [http-nio-8090-exec-6] INFO  kr.co.moocl.service.UsersService - usersDao에서 userInfo 가져옴 : null
2018-04-17 11:19:19.540 [http-nio-8090-exec-6] INFO  k.c.m.r.UsersRestController - 로그인 Service에서 결과 가져옴 : true
2018-04-17 11:20:30.427 [RMI TCP Connection(2)-127.0.0.1] INFO  o.s.b.a.SpringApplicationAdminMXBeanRegistrar$SpringApplicationAdmin - Application shutdown requested.
2018-04-17 11:20:30.433 [RMI TCP Connection(2)-127.0.0.1] INFO  o.s.b.w.s.c.AnnotationConfigServletWebServerApplicationContext - Closing org.springframework.boot.web.servlet.context.AnnotationConfigServletWebServerApplicationContext@44c03695: startup date [Tue Apr 17 11:18:04 KST 2018]; root of context hierarchy
2018-04-17 11:20:30.435 [RMI TCP Connection(2)-127.0.0.1] INFO  o.s.j.e.a.AnnotationMBeanExporter - Unregistering JMX-exposed beans on shutdown
2018-04-17 11:20:30.440 [RMI TCP Connection(2)-127.0.0.1] INFO  o.s.j.e.a.AnnotationMBeanExporter - Unregistering JMX-exposed beans
2018-04-17 11:20:30.441 [RMI TCP Connection(2)-127.0.0.1] INFO  com.zaxxer.hikari.HikariDataSource - HikariPool-1 - Shutdown initiated...
2018-04-17 11:20:30.452 [RMI TCP Connection(2)-127.0.0.1] INFO  com.zaxxer.hikari.HikariDataSource - HikariPool-1 - Shutdown completed.
2018-04-17 11:21:00.593 [main] INFO  kr.co.moocl.MooclApplication - Starting MooclApplication on DESKTOP-1746CEU with PID 11744 (C:\Users\1\git\Moocl\Moocl\target\classes started by 1 in C:\Users\1\git\Moocl\Moocl)
2018-04-17 11:21:00.596 [main] INFO  kr.co.moocl.MooclApplication - No active profile set, falling back to default profiles: default
2018-04-17 11:21:00.623 [main] INFO  o.s.b.w.s.c.AnnotationConfigServletWebServerApplicationContext - Refreshing org.springframework.boot.web.servlet.context.AnnotationConfigServletWebServerApplicationContext@1573f9fc: startup date [Tue Apr 17 11:21:00 KST 2018]; root of context hierarchy
2018-04-17 11:21:00.968 [main] WARN  o.m.s.mapper.ClassPathMapperScanner - No MyBatis mapper was found in '[kr.co.moocl]' package. Please check your configuration.
2018-04-17 11:21:01.385 [main] INFO  o.s.b.w.e.tomcat.TomcatWebServer - Tomcat initialized with port(s): 8090 (http)
2018-04-17 11:21:01.400 [main] INFO  o.a.coyote.http11.Http11NioProtocol - Initializing ProtocolHandler ["http-nio-8090"]
2018-04-17 11:21:01.407 [main] INFO  o.a.catalina.core.StandardService - Starting service [Tomcat]
2018-04-17 11:21:01.407 [main] INFO  o.a.catalina.core.StandardEngine - Starting Servlet Engine: Apache Tomcat/8.5.29
2018-04-17 11:21:01.416 [localhost-startStop-1] INFO  o.a.c.core.AprLifecycleListener - The APR based Apache Tomcat Native library which allows optimal performance in production environments was not found on the java.library.path: [C:\Program Files\Java\jre1.8.0_161\bin;C:\WINDOWS\Sun\Java\bin;C:\WINDOWS\system32;C:\WINDOWS;C:/Program Files/Java/jre1.8.0_161/bin/server;C:/Program Files/Java/jre1.8.0_161/bin;C:/Program Files/Java/jre1.8.0_161/lib/amd64;C:\oraclexe\app\oracle\product\11.2.0\server\bin;C:\ProgramData\Anaconda3;C:\ProgramData\Anaconda3\Library\mingw-w64\bin;C:\ProgramData\Anaconda3\Library\usr\bin;C:\ProgramData\Anaconda3\Library\bin;C:\ProgramData\Anaconda3\Scripts;C:\ProgramData\Oracle\Java\javapath;C:\Program Files (x86)\Intel\iCLS Client\;C:\Program Files\Intel\iCLS Client\;C:\WINDOWS\system32;C:\WINDOWS;C:\WINDOWS\System32\Wbem;C:\WINDOWS\System32\WindowsPowerShell\v1.0\;C:\Program Files (x86)\Intel\Intel(R) Management Engine Components\DAL;C:\Program Files\Intel\Intel(R) Management Engine Components\DAL;C:\Program Files (x86)\Intel\Intel(R) Management Engine Components\IPT;C:\Program Files\Intel\Intel(R) Management Engine Components\IPT;C:\Program Files\Java\jdk1.8.0_161\bin;C:\Program Files\MongoDB\Server\3.6\bin;C:\Program Files\nodejs\;C:\Users\1\AppData\Local\Microsoft\WindowsApps;C:\Program Files\Bandizip\;C:\Users\1\AppData\Local\atom\bin;C:\Program Files\Microsoft VS Code\bin;C:\Users\1\AppData\Roaming\npm;C:\Users\1\eclipse\jee-oxygen\eclipse;;.]
2018-04-17 11:21:01.489 [localhost-startStop-1] INFO  o.a.c.c.C.[Tomcat].[localhost].[/] - Initializing Spring embedded WebApplicationContext
2018-04-17 11:21:01.490 [localhost-startStop-1] INFO  o.s.web.context.ContextLoader - Root WebApplicationContext: initialization completed in 867 ms
2018-04-17 11:21:01.593 [localhost-startStop-1] INFO  o.s.b.w.s.ServletRegistrationBean - Servlet dispatcherServlet mapped to [/]
2018-04-17 11:21:01.597 [localhost-startStop-1] INFO  o.s.b.w.s.FilterRegistrationBean - Mapping filter: 'characterEncodingFilter' to: [/*]
2018-04-17 11:21:01.597 [localhost-startStop-1] INFO  o.s.b.w.s.FilterRegistrationBean - Mapping filter: 'hiddenHttpMethodFilter' to: [/*]
2018-04-17 11:21:01.597 [localhost-startStop-1] INFO  o.s.b.w.s.FilterRegistrationBean - Mapping filter: 'httpPutFormContentFilter' to: [/*]
2018-04-17 11:21:01.597 [localhost-startStop-1] INFO  o.s.b.w.s.FilterRegistrationBean - Mapping filter: 'requestContextFilter' to: [/*]
2018-04-17 11:21:01.862 [main] INFO  o.s.w.s.h.SimpleUrlHandlerMapping - Mapped URL path [/**/favicon.ico] onto handler of type [class org.springframework.web.servlet.resource.ResourceHttpRequestHandler]
2018-04-17 11:21:01.994 [main] INFO  o.s.w.s.m.m.a.RequestMappingHandlerAdapter - Looking for @ControllerAdvice: org.springframework.boot.web.servlet.context.AnnotationConfigServletWebServerApplicationContext@1573f9fc: startup date [Tue Apr 17 11:21:00 KST 2018]; root of context hierarchy
2018-04-17 11:21:02.035 [main] INFO  o.s.w.s.m.m.a.RequestMappingHandlerMapping - Mapped "{[/]}" onto public java.lang.String kr.co.moocl.controller.MainController.index()
2018-04-17 11:21:02.037 [main] INFO  o.s.w.s.m.m.a.RequestMappingHandlerMapping - Mapped "{[/api/login]}" onto public java.lang.Boolean kr.co.moocl.restcontroller.UsersRestController.login(java.util.Map<java.lang.String, java.lang.String>)
2018-04-17 11:21:02.038 [main] INFO  o.s.w.s.m.m.a.RequestMappingHandlerMapping - Mapped "{[/api/join]}" onto public java.lang.Boolean kr.co.moocl.restcontroller.UsersRestController.joinUser(java.util.Map<java.lang.String, java.lang.Object>)
2018-04-17 11:21:02.038 [main] INFO  o.s.w.s.m.m.a.RequestMappingHandlerMapping - Mapped "{[/api/checkEmail]}" onto public java.lang.Boolean kr.co.moocl.restcontroller.UsersRestController.checkEmail(java.util.Map<java.lang.String, java.lang.String>)
2018-04-17 11:21:02.040 [main] INFO  o.s.w.s.m.m.a.RequestMappingHandlerMapping - Mapped "{[/error]}" onto public org.springframework.http.ResponseEntity<java.util.Map<java.lang.String, java.lang.Object>> org.springframework.boot.autoconfigure.web.servlet.error.BasicErrorController.error(javax.servlet.http.HttpServletRequest)
2018-04-17 11:21:02.041 [main] INFO  o.s.w.s.m.m.a.RequestMappingHandlerMapping - Mapped "{[/error],produces=[text/html]}" onto public org.springframework.web.servlet.ModelAndView org.springframework.boot.autoconfigure.web.servlet.error.BasicErrorController.errorHtml(javax.servlet.http.HttpServletRequest,javax.servlet.http.HttpServletResponse)
2018-04-17 11:21:02.079 [main] INFO  o.s.w.s.h.SimpleUrlHandlerMapping - Mapped URL path [/webjars/**] onto handler of type [class org.springframework.web.servlet.resource.ResourceHttpRequestHandler]
2018-04-17 11:21:02.079 [main] INFO  o.s.w.s.h.SimpleUrlHandlerMapping - Mapped URL path [/**] onto handler of type [class org.springframework.web.servlet.resource.ResourceHttpRequestHandler]
2018-04-17 11:21:02.159 [main] INFO  o.s.b.a.w.s.WelcomePageHandlerMapping - Adding welcome page template: index
2018-04-17 11:21:02.367 [main] INFO  o.s.j.e.a.AnnotationMBeanExporter - Registering beans for JMX exposure on startup
2018-04-17 11:21:02.369 [main] INFO  o.s.j.e.a.AnnotationMBeanExporter - Bean with name 'dataSource' has been autodetected for JMX exposure
2018-04-17 11:21:02.372 [main] INFO  o.s.j.e.a.AnnotationMBeanExporter - Located MBean 'dataSource': registering with JMX server as MBean [com.zaxxer.hikari:name=dataSource,type=HikariDataSource]
2018-04-17 11:21:02.381 [main] INFO  o.a.coyote.http11.Http11NioProtocol - Starting ProtocolHandler ["http-nio-8090"]
2018-04-17 11:21:02.388 [main] INFO  o.a.tomcat.util.net.NioSelectorPool - Using a shared selector for servlet write/read
2018-04-17 11:21:02.403 [main] INFO  o.s.b.w.e.tomcat.TomcatWebServer - Tomcat started on port(s): 8090 (http) with context path ''
2018-04-17 11:21:02.406 [main] INFO  kr.co.moocl.MooclApplication - Started MooclApplication in 2.121 seconds (JVM running for 2.624)
2018-04-17 11:21:06.594 [http-nio-8090-exec-1] INFO  o.a.c.c.C.[Tomcat].[localhost].[/] - Initializing Spring FrameworkServlet 'dispatcherServlet'
2018-04-17 11:21:06.594 [http-nio-8090-exec-1] INFO  o.s.web.servlet.DispatcherServlet - FrameworkServlet 'dispatcherServlet': initialization started
2018-04-17 11:21:06.616 [http-nio-8090-exec-1] INFO  o.s.web.servlet.DispatcherServlet - FrameworkServlet 'dispatcherServlet': initialization completed in 16 ms
2018-04-17 11:21:13.694 [http-nio-8090-exec-6] INFO  k.c.m.r.UsersRestController - checkEmail 진입 userEmail : {email=jae7415@gmail.com}
2018-04-17 11:21:13.699 [http-nio-8090-exec-6] INFO  kr.co.moocl.service.UsersService - UsersService.checkEmail 진입 UserVo : {email=jae7415@gmail.com}
2018-04-17 11:21:13.707 [http-nio-8090-exec-6] INFO  kr.co.moocl.dao.UsersDao - UsersDao.getUserInfoByEmail 진입 userEmail: jae7415@gmail.com
2018-04-17 11:21:13.721 [http-nio-8090-exec-6] INFO  com.zaxxer.hikari.HikariDataSource - HikariPool-1 - Starting...
2018-04-17 11:21:13.722 [http-nio-8090-exec-6] WARN  c.z.hikari.util.DriverDataSource - Registered driver with driverClassName=oracle.jdbc.driver.OracleDriver was not found, trying direct instantiation.
2018-04-17 11:21:13.808 [http-nio-8090-exec-6] INFO  com.zaxxer.hikari.pool.PoolBase - HikariPool-1 - Driver does not support get/set network timeout for connections. (oracle.jdbc.driver.T4CConnection.getNetworkTimeout()I)
2018-04-17 11:21:13.812 [http-nio-8090-exec-6] INFO  com.zaxxer.hikari.HikariDataSource - HikariPool-1 - Start completed.
2018-04-17 11:21:13.901 [http-nio-8090-exec-6] INFO  kr.co.moocl.dao.UsersDao - Oracle에서 UserInfo 가져옴 : UsersVo [userNo=100, email=jae7415@gmail.com, password=1, gender=M, age=27, nickName=null]
2018-04-17 11:21:13.902 [http-nio-8090-exec-6] INFO  kr.co.moocl.service.UsersService - usersDao에서 userInfo 가져옴 : UsersVo [userNo=100, email=jae7415@gmail.com, password=1, gender=M, age=27, nickName=null]
2018-04-17 11:21:13.902 [http-nio-8090-exec-6] INFO  kr.co.moocl.service.UsersService - 이메일 중복 O
2018-04-17 11:21:13.902 [http-nio-8090-exec-6] INFO  k.c.m.r.UsersRestController - 로그인 Service에서 결과 가져옴 : false
2018-04-17 11:21:18.068 [http-nio-8090-exec-9] INFO  k.c.m.r.UsersRestController - checkEmail 진입 userEmail : {email=ippowe@naver.com}
2018-04-17 11:21:18.073 [http-nio-8090-exec-9] INFO  kr.co.moocl.service.UsersService - UsersService.checkEmail 진입 UserVo : {email=ippowe@naver.com}
2018-04-17 11:21:18.078 [http-nio-8090-exec-9] INFO  kr.co.moocl.dao.UsersDao - UsersDao.getUserInfoByEmail 진입 userEmail: ippowe@naver.com
2018-04-17 11:21:18.080 [http-nio-8090-exec-9] INFO  kr.co.moocl.dao.UsersDao - Oracle에서 UserInfo 가져옴 : null
2018-04-17 11:21:18.085 [http-nio-8090-exec-9] INFO  kr.co.moocl.service.UsersService - usersDao에서 userInfo 가져옴 : null
2018-04-17 11:21:18.085 [http-nio-8090-exec-9] INFO  k.c.m.r.UsersRestController - 로그인 Service에서 결과 가져옴 : true
2018-04-17 11:21:19.891 [http-nio-8090-exec-10] INFO  k.c.m.r.UsersRestController - checkEmail 진입 userEmail : {email=ippowe@naver.com}
2018-04-17 11:21:19.896 [http-nio-8090-exec-10] INFO  kr.co.moocl.service.UsersService - UsersService.checkEmail 진입 UserVo : {email=ippowe@naver.com}
2018-04-17 11:21:19.901 [http-nio-8090-exec-10] INFO  kr.co.moocl.dao.UsersDao - UsersDao.getUserInfoByEmail 진입 userEmail: ippowe@naver.com
2018-04-17 11:21:19.903 [http-nio-8090-exec-10] INFO  kr.co.moocl.dao.UsersDao - Oracle에서 UserInfo 가져옴 : null
2018-04-17 11:21:19.903 [http-nio-8090-exec-10] INFO  kr.co.moocl.service.UsersService - usersDao에서 userInfo 가져옴 : null
2018-04-17 11:21:19.903 [http-nio-8090-exec-10] INFO  k.c.m.r.UsersRestController - 로그인 Service에서 결과 가져옴 : true
2018-04-17 11:21:20.146 [http-nio-8090-exec-1] INFO  k.c.m.r.UsersRestController - checkEmail 진입 userEmail : {email=ippowe@naver.com}
2018-04-17 11:21:20.146 [http-nio-8090-exec-1] INFO  kr.co.moocl.service.UsersService - UsersService.checkEmail 진입 UserVo : {email=ippowe@naver.com}
2018-04-17 11:21:20.146 [http-nio-8090-exec-1] INFO  kr.co.moocl.dao.UsersDao - UsersDao.getUserInfoByEmail 진입 userEmail: ippowe@naver.com
2018-04-17 11:21:20.147 [http-nio-8090-exec-1] INFO  kr.co.moocl.dao.UsersDao - Oracle에서 UserInfo 가져옴 : null
2018-04-17 11:21:20.152 [http-nio-8090-exec-1] INFO  kr.co.moocl.service.UsersService - usersDao에서 userInfo 가져옴 : null
2018-04-17 11:21:20.152 [http-nio-8090-exec-1] INFO  k.c.m.r.UsersRestController - 로그인 Service에서 결과 가져옴 : true
2018-04-17 11:21:20.337 [http-nio-8090-exec-3] INFO  k.c.m.r.UsersRestController - checkEmail 진입 userEmail : {email=ippowe@naver.com}
2018-04-17 11:21:20.338 [http-nio-8090-exec-3] INFO  kr.co.moocl.service.UsersService - UsersService.checkEmail 진입 UserVo : {email=ippowe@naver.com}
2018-04-17 11:21:20.338 [http-nio-8090-exec-3] INFO  kr.co.moocl.dao.UsersDao - UsersDao.getUserInfoByEmail 진입 userEmail: ippowe@naver.com
2018-04-17 11:21:20.338 [http-nio-8090-exec-3] INFO  kr.co.moocl.dao.UsersDao - Oracle에서 UserInfo 가져옴 : null
2018-04-17 11:21:20.338 [http-nio-8090-exec-3] INFO  kr.co.moocl.service.UsersService - usersDao에서 userInfo 가져옴 : null
2018-04-17 11:21:20.339 [http-nio-8090-exec-3] INFO  k.c.m.r.UsersRestController - 로그인 Service에서 결과 가져옴 : true
2018-04-17 11:21:20.514 [http-nio-8090-exec-5] INFO  k.c.m.r.UsersRestController - checkEmail 진입 userEmail : {email=ippowe@naver.com}
2018-04-17 11:21:20.514 [http-nio-8090-exec-5] INFO  kr.co.moocl.service.UsersService - UsersService.checkEmail 진입 UserVo : {email=ippowe@naver.com}
2018-04-17 11:21:20.514 [http-nio-8090-exec-5] INFO  kr.co.moocl.dao.UsersDao - UsersDao.getUserInfoByEmail 진입 userEmail: ippowe@naver.com
2018-04-17 11:21:20.515 [http-nio-8090-exec-5] INFO  kr.co.moocl.dao.UsersDao - Oracle에서 UserInfo 가져옴 : null
2018-04-17 11:21:20.515 [http-nio-8090-exec-5] INFO  kr.co.moocl.service.UsersService - usersDao에서 userInfo 가져옴 : null
2018-04-17 11:21:20.515 [http-nio-8090-exec-5] INFO  k.c.m.r.UsersRestController - 로그인 Service에서 결과 가져옴 : true
2018-04-17 11:21:20.714 [http-nio-8090-exec-2] INFO  k.c.m.r.UsersRestController - checkEmail 진입 userEmail : {email=ippowe@naver.com}
2018-04-17 11:21:20.714 [http-nio-8090-exec-2] INFO  kr.co.moocl.service.UsersService - UsersService.checkEmail 진입 UserVo : {email=ippowe@naver.com}
2018-04-17 11:21:20.719 [http-nio-8090-exec-2] INFO  kr.co.moocl.dao.UsersDao - UsersDao.getUserInfoByEmail 진입 userEmail: ippowe@naver.com
2018-04-17 11:21:20.720 [http-nio-8090-exec-2] INFO  kr.co.moocl.dao.UsersDao - Oracle에서 UserInfo 가져옴 : null
2018-04-17 11:21:20.720 [http-nio-8090-exec-2] INFO  kr.co.moocl.service.UsersService - usersDao에서 userInfo 가져옴 : null
2018-04-17 11:21:20.720 [http-nio-8090-exec-2] INFO  k.c.m.r.UsersRestController - 로그인 Service에서 결과 가져옴 : true
2018-04-17 11:22:30.036 [http-nio-8090-exec-9] INFO  k.c.m.r.UsersRestController - checkEmail 진입 userEmail : {email=ippowe@naver.com}
2018-04-17 11:22:30.036 [http-nio-8090-exec-9] INFO  kr.co.moocl.service.UsersService - UsersService.checkEmail 진입 UserVo : {email=ippowe@naver.com}
2018-04-17 11:22:30.041 [http-nio-8090-exec-9] INFO  kr.co.moocl.dao.UsersDao - UsersDao.getUserInfoByEmail 진입 userEmail: ippowe@naver.com
2018-04-17 11:22:30.043 [http-nio-8090-exec-9] INFO  kr.co.moocl.dao.UsersDao - Oracle에서 UserInfo 가져옴 : null
2018-04-17 11:22:30.048 [http-nio-8090-exec-9] INFO  kr.co.moocl.service.UsersService - usersDao에서 userInfo 가져옴 : null
2018-04-17 11:22:30.048 [http-nio-8090-exec-9] INFO  k.c.m.r.UsersRestController - 로그인 Service에서 결과 가져옴 : true
2018-04-17 11:23:21.676 [RMI TCP Connection(2)-127.0.0.1] INFO  o.s.b.a.SpringApplicationAdminMXBeanRegistrar$SpringApplicationAdmin - Application shutdown requested.
2018-04-17 11:23:21.676 [RMI TCP Connection(2)-127.0.0.1] INFO  o.s.b.w.s.c.AnnotationConfigServletWebServerApplicationContext - Closing org.springframework.boot.web.servlet.context.AnnotationConfigServletWebServerApplicationContext@1573f9fc: startup date [Tue Apr 17 11:21:00 KST 2018]; root of context hierarchy
2018-04-17 11:23:21.684 [RMI TCP Connection(2)-127.0.0.1] INFO  o.s.j.e.a.AnnotationMBeanExporter - Unregistering JMX-exposed beans on shutdown
2018-04-17 11:23:21.684 [RMI TCP Connection(2)-127.0.0.1] INFO  o.s.j.e.a.AnnotationMBeanExporter - Unregistering JMX-exposed beans
2018-04-17 11:23:21.685 [RMI TCP Connection(2)-127.0.0.1] INFO  com.zaxxer.hikari.HikariDataSource - HikariPool-1 - Shutdown initiated...
2018-04-17 11:23:21.693 [RMI TCP Connection(2)-127.0.0.1] INFO  com.zaxxer.hikari.HikariDataSource - HikariPool-1 - Shutdown completed.
2018-04-17 11:23:34.371 [main] INFO  kr.co.moocl.MooclApplication - Starting MooclApplication on DESKTOP-1746CEU with PID 9504 (C:\Users\1\git\Moocl\Moocl\target\classes started by 1 in C:\Users\1\git\Moocl\Moocl)
2018-04-17 11:23:34.374 [main] INFO  kr.co.moocl.MooclApplication - No active profile set, falling back to default profiles: default
2018-04-17 11:23:34.404 [main] INFO  o.s.b.w.s.c.AnnotationConfigServletWebServerApplicationContext - Refreshing org.springframework.boot.web.servlet.context.AnnotationConfigServletWebServerApplicationContext@1573f9fc: startup date [Tue Apr 17 11:23:34 KST 2018]; root of context hierarchy
2018-04-17 11:23:34.755 [main] WARN  o.m.s.mapper.ClassPathMapperScanner - No MyBatis mapper was found in '[kr.co.moocl]' package. Please check your configuration.
2018-04-17 11:23:35.196 [main] INFO  o.s.b.w.e.tomcat.TomcatWebServer - Tomcat initialized with port(s): 8090 (http)
2018-04-17 11:23:35.210 [main] INFO  o.a.coyote.http11.Http11NioProtocol - Initializing ProtocolHandler ["http-nio-8090"]
2018-04-17 11:23:35.216 [main] INFO  o.a.catalina.core.StandardService - Starting service [Tomcat]
2018-04-17 11:23:35.217 [main] INFO  o.a.catalina.core.StandardEngine - Starting Servlet Engine: Apache Tomcat/8.5.29
2018-04-17 11:23:35.225 [localhost-startStop-1] INFO  o.a.c.core.AprLifecycleListener - The APR based Apache Tomcat Native library which allows optimal performance in production environments was not found on the java.library.path: [C:\Program Files\Java\jre1.8.0_161\bin;C:\WINDOWS\Sun\Java\bin;C:\WINDOWS\system32;C:\WINDOWS;C:/Program Files/Java/jre1.8.0_161/bin/server;C:/Program Files/Java/jre1.8.0_161/bin;C:/Program Files/Java/jre1.8.0_161/lib/amd64;C:\oraclexe\app\oracle\product\11.2.0\server\bin;C:\ProgramData\Anaconda3;C:\ProgramData\Anaconda3\Library\mingw-w64\bin;C:\ProgramData\Anaconda3\Library\usr\bin;C:\ProgramData\Anaconda3\Library\bin;C:\ProgramData\Anaconda3\Scripts;C:\ProgramData\Oracle\Java\javapath;C:\Program Files (x86)\Intel\iCLS Client\;C:\Program Files\Intel\iCLS Client\;C:\WINDOWS\system32;C:\WINDOWS;C:\WINDOWS\System32\Wbem;C:\WINDOWS\System32\WindowsPowerShell\v1.0\;C:\Program Files (x86)\Intel\Intel(R) Management Engine Components\DAL;C:\Program Files\Intel\Intel(R) Management Engine Components\DAL;C:\Program Files (x86)\Intel\Intel(R) Management Engine Components\IPT;C:\Program Files\Intel\Intel(R) Management Engine Components\IPT;C:\Program Files\Java\jdk1.8.0_161\bin;C:\Program Files\MongoDB\Server\3.6\bin;C:\Program Files\nodejs\;C:\Users\1\AppData\Local\Microsoft\WindowsApps;C:\Program Files\Bandizip\;C:\Users\1\AppData\Local\atom\bin;C:\Program Files\Microsoft VS Code\bin;C:\Users\1\AppData\Roaming\npm;C:\Users\1\eclipse\jee-oxygen\eclipse;;.]
2018-04-17 11:23:35.305 [localhost-startStop-1] INFO  o.a.c.c.C.[Tomcat].[localhost].[/] - Initializing Spring embedded WebApplicationContext
2018-04-17 11:23:35.305 [localhost-startStop-1] INFO  o.s.web.context.ContextLoader - Root WebApplicationContext: initialization completed in 902 ms
2018-04-17 11:23:35.418 [localhost-startStop-1] INFO  o.s.b.w.s.ServletRegistrationBean - Servlet dispatcherServlet mapped to [/]
2018-04-17 11:23:35.421 [localhost-startStop-1] INFO  o.s.b.w.s.FilterRegistrationBean - Mapping filter: 'characterEncodingFilter' to: [/*]
2018-04-17 11:23:35.422 [localhost-startStop-1] INFO  o.s.b.w.s.FilterRegistrationBean - Mapping filter: 'hiddenHttpMethodFilter' to: [/*]
2018-04-17 11:23:35.422 [localhost-startStop-1] INFO  o.s.b.w.s.FilterRegistrationBean - Mapping filter: 'httpPutFormContentFilter' to: [/*]
2018-04-17 11:23:35.422 [localhost-startStop-1] INFO  o.s.b.w.s.FilterRegistrationBean - Mapping filter: 'requestContextFilter' to: [/*]
2018-04-17 11:23:35.689 [main] INFO  o.s.w.s.h.SimpleUrlHandlerMapping - Mapped URL path [/**/favicon.ico] onto handler of type [class org.springframework.web.servlet.resource.ResourceHttpRequestHandler]
2018-04-17 11:23:35.823 [main] INFO  o.s.w.s.m.m.a.RequestMappingHandlerAdapter - Looking for @ControllerAdvice: org.springframework.boot.web.servlet.context.AnnotationConfigServletWebServerApplicationContext@1573f9fc: startup date [Tue Apr 17 11:23:34 KST 2018]; root of context hierarchy
2018-04-17 11:23:35.864 [main] INFO  o.s.w.s.m.m.a.RequestMappingHandlerMapping - Mapped "{[/]}" onto public java.lang.String kr.co.moocl.controller.MainController.index()
2018-04-17 11:23:35.867 [main] INFO  o.s.w.s.m.m.a.RequestMappingHandlerMapping - Mapped "{[/api/checkEmail]}" onto public java.lang.Boolean kr.co.moocl.restcontroller.UsersRestController.checkEmail(java.util.Map<java.lang.String, java.lang.String>)
2018-04-17 11:23:35.867 [main] INFO  o.s.w.s.m.m.a.RequestMappingHandlerMapping - Mapped "{[/api/join]}" onto public java.lang.Boolean kr.co.moocl.restcontroller.UsersRestController.joinUser(java.util.Map<java.lang.String, java.lang.Object>)
2018-04-17 11:23:35.867 [main] INFO  o.s.w.s.m.m.a.RequestMappingHandlerMapping - Mapped "{[/api/login]}" onto public java.lang.Boolean kr.co.moocl.restcontroller.UsersRestController.login(java.util.Map<java.lang.String, java.lang.String>)
2018-04-17 11:23:35.869 [main] INFO  o.s.w.s.m.m.a.RequestMappingHandlerMapping - Mapped "{[/error]}" onto public org.springframework.http.ResponseEntity<java.util.Map<java.lang.String, java.lang.Object>> org.springframework.boot.autoconfigure.web.servlet.error.BasicErrorController.error(javax.servlet.http.HttpServletRequest)
2018-04-17 11:23:35.869 [main] INFO  o.s.w.s.m.m.a.RequestMappingHandlerMapping - Mapped "{[/error],produces=[text/html]}" onto public org.springframework.web.servlet.ModelAndView org.springframework.boot.autoconfigure.web.servlet.error.BasicErrorController.errorHtml(javax.servlet.http.HttpServletRequest,javax.servlet.http.HttpServletResponse)
2018-04-17 11:23:35.892 [main] INFO  o.s.w.s.h.SimpleUrlHandlerMapping - Mapped URL path [/webjars/**] onto handler of type [class org.springframework.web.servlet.resource.ResourceHttpRequestHandler]
2018-04-17 11:23:35.892 [main] INFO  o.s.w.s.h.SimpleUrlHandlerMapping - Mapped URL path [/**] onto handler of type [class org.springframework.web.servlet.resource.ResourceHttpRequestHandler]
2018-04-17 11:23:35.976 [main] INFO  o.s.b.a.w.s.WelcomePageHandlerMapping - Adding welcome page template: index
2018-04-17 11:23:36.229 [main] INFO  o.s.j.e.a.AnnotationMBeanExporter - Registering beans for JMX exposure on startup
2018-04-17 11:23:36.234 [main] INFO  o.s.j.e.a.AnnotationMBeanExporter - Bean with name 'dataSource' has been autodetected for JMX exposure
2018-04-17 11:23:36.238 [main] INFO  o.s.j.e.a.AnnotationMBeanExporter - Located MBean 'dataSource': registering with JMX server as MBean [com.zaxxer.hikari:name=dataSource,type=HikariDataSource]
2018-04-17 11:23:36.251 [main] INFO  o.a.coyote.http11.Http11NioProtocol - Starting ProtocolHandler ["http-nio-8090"]
2018-04-17 11:23:36.259 [main] INFO  o.a.tomcat.util.net.NioSelectorPool - Using a shared selector for servlet write/read
2018-04-17 11:23:36.276 [main] INFO  o.s.b.w.e.tomcat.TomcatWebServer - Tomcat started on port(s): 8090 (http) with context path ''
2018-04-17 11:23:36.279 [main] INFO  kr.co.moocl.MooclApplication - Started MooclApplication in 2.235 seconds (JVM running for 2.751)
2018-04-17 11:23:38.371 [http-nio-8090-exec-1] INFO  o.a.c.c.C.[Tomcat].[localhost].[/] - Initializing Spring FrameworkServlet 'dispatcherServlet'
2018-04-17 11:23:38.377 [http-nio-8090-exec-1] INFO  o.s.web.servlet.DispatcherServlet - FrameworkServlet 'dispatcherServlet': initialization started
2018-04-17 11:23:38.399 [http-nio-8090-exec-1] INFO  o.s.web.servlet.DispatcherServlet - FrameworkServlet 'dispatcherServlet': initialization completed in 16 ms
2018-04-17 11:23:44.142 [http-nio-8090-exec-7] INFO  k.c.m.r.UsersRestController - checkEmail 진입 userEmail : {email=jae7415@gmail.com}
2018-04-17 11:23:44.142 [http-nio-8090-exec-7] INFO  kr.co.moocl.service.UsersService - UsersService.checkEmail 진입 UserVo : {email=jae7415@gmail.com}
2018-04-17 11:23:44.150 [http-nio-8090-exec-7] INFO  kr.co.moocl.dao.UsersDao - UsersDao.getUserInfoByEmail 진입 userEmail: jae7415@gmail.com
2018-04-17 11:23:44.166 [http-nio-8090-exec-7] INFO  com.zaxxer.hikari.HikariDataSource - HikariPool-1 - Starting...
2018-04-17 11:23:44.167 [http-nio-8090-exec-7] WARN  c.z.hikari.util.DriverDataSource - Registered driver with driverClassName=oracle.jdbc.driver.OracleDriver was not found, trying direct instantiation.
2018-04-17 11:23:44.253 [http-nio-8090-exec-7] INFO  com.zaxxer.hikari.pool.PoolBase - HikariPool-1 - Driver does not support get/set network timeout for connections. (oracle.jdbc.driver.T4CConnection.getNetworkTimeout()I)
2018-04-17 11:23:44.257 [http-nio-8090-exec-7] INFO  com.zaxxer.hikari.HikariDataSource - HikariPool-1 - Start completed.
2018-04-17 11:23:44.347 [http-nio-8090-exec-7] INFO  kr.co.moocl.dao.UsersDao - Oracle에서 UserInfo 가져옴 : UsersVo [userNo=100, email=jae7415@gmail.com, password=1, gender=M, age=27, nickName=null]
2018-04-17 11:23:44.347 [http-nio-8090-exec-7] INFO  kr.co.moocl.service.UsersService - usersDao에서 userInfo 가져옴 : UsersVo [userNo=100, email=jae7415@gmail.com, password=1, gender=M, age=27, nickName=null]
2018-04-17 11:23:44.347 [http-nio-8090-exec-7] INFO  kr.co.moocl.service.UsersService - 이메일 중복 O
2018-04-17 11:23:44.347 [http-nio-8090-exec-7] INFO  k.c.m.r.UsersRestController - 로그인 Service에서 결과 가져옴 : false
2018-04-17 11:23:44.834 [http-nio-8090-exec-8] INFO  k.c.m.r.UsersRestController - checkEmail 진입 userEmail : {email=jae7415@gmail.com}
2018-04-17 11:23:44.834 [http-nio-8090-exec-8] INFO  kr.co.moocl.service.UsersService - UsersService.checkEmail 진입 UserVo : {email=jae7415@gmail.com}
2018-04-17 11:23:44.834 [http-nio-8090-exec-8] INFO  kr.co.moocl.dao.UsersDao - UsersDao.getUserInfoByEmail 진입 userEmail: jae7415@gmail.com
2018-04-17 11:23:44.835 [http-nio-8090-exec-8] INFO  kr.co.moocl.dao.UsersDao - Oracle에서 UserInfo 가져옴 : UsersVo [userNo=100, email=jae7415@gmail.com, password=1, gender=M, age=27, nickName=null]
2018-04-17 11:23:44.835 [http-nio-8090-exec-8] INFO  kr.co.moocl.service.UsersService - usersDao에서 userInfo 가져옴 : UsersVo [userNo=100, email=jae7415@gmail.com, password=1, gender=M, age=27, nickName=null]
2018-04-17 11:23:44.835 [http-nio-8090-exec-8] INFO  kr.co.moocl.service.UsersService - 이메일 중복 O
2018-04-17 11:23:44.835 [http-nio-8090-exec-8] INFO  k.c.m.r.UsersRestController - 로그인 Service에서 결과 가져옴 : false
2018-04-17 11:23:44.978 [http-nio-8090-exec-9] INFO  k.c.m.r.UsersRestController - checkEmail 진입 userEmail : {email=jae7415@gmail.com}
2018-04-17 11:23:44.983 [http-nio-8090-exec-9] INFO  kr.co.moocl.service.UsersService - UsersService.checkEmail 진입 UserVo : {email=jae7415@gmail.com}
2018-04-17 11:23:44.984 [http-nio-8090-exec-9] INFO  kr.co.moocl.dao.UsersDao - UsersDao.getUserInfoByEmail 진입 userEmail: jae7415@gmail.com
2018-04-17 11:23:44.984 [http-nio-8090-exec-9] INFO  kr.co.moocl.dao.UsersDao - Oracle에서 UserInfo 가져옴 : UsersVo [userNo=100, email=jae7415@gmail.com, password=1, gender=M, age=27, nickName=null]
2018-04-17 11:23:44.985 [http-nio-8090-exec-9] INFO  kr.co.moocl.service.UsersService - usersDao에서 userInfo 가져옴 : UsersVo [userNo=100, email=jae7415@gmail.com, password=1, gender=M, age=27, nickName=null]
2018-04-17 11:23:44.985 [http-nio-8090-exec-9] INFO  kr.co.moocl.service.UsersService - 이메일 중복 O
2018-04-17 11:23:44.985 [http-nio-8090-exec-9] INFO  k.c.m.r.UsersRestController - 로그인 Service에서 결과 가져옴 : false
2018-04-17 11:23:45.139 [http-nio-8090-exec-10] INFO  k.c.m.r.UsersRestController - checkEmail 진입 userEmail : {email=jae7415@gmail.com}
2018-04-17 11:23:45.139 [http-nio-8090-exec-10] INFO  kr.co.moocl.service.UsersService - UsersService.checkEmail 진입 UserVo : {email=jae7415@gmail.com}
2018-04-17 11:23:45.145 [http-nio-8090-exec-10] INFO  kr.co.moocl.dao.UsersDao - UsersDao.getUserInfoByEmail 진입 userEmail: jae7415@gmail.com
2018-04-17 11:23:45.146 [http-nio-8090-exec-10] INFO  kr.co.moocl.dao.UsersDao - Oracle에서 UserInfo 가져옴 : UsersVo [userNo=100, email=jae7415@gmail.com, password=1, gender=M, age=27, nickName=null]
2018-04-17 11:23:45.146 [http-nio-8090-exec-10] INFO  kr.co.moocl.service.UsersService - usersDao에서 userInfo 가져옴 : UsersVo [userNo=100, email=jae7415@gmail.com, password=1, gender=M, age=27, nickName=null]
2018-04-17 11:23:45.146 [http-nio-8090-exec-10] INFO  kr.co.moocl.service.UsersService - 이메일 중복 O
2018-04-17 11:23:45.146 [http-nio-8090-exec-10] INFO  k.c.m.r.UsersRestController - 로그인 Service에서 결과 가져옴 : false
2018-04-17 11:23:45.338 [http-nio-8090-exec-1] INFO  k.c.m.r.UsersRestController - checkEmail 진입 userEmail : {email=jae7415@gmail.com}
2018-04-17 11:23:45.338 [http-nio-8090-exec-1] INFO  kr.co.moocl.service.UsersService - UsersService.checkEmail 진입 UserVo : {email=jae7415@gmail.com}
2018-04-17 11:23:45.338 [http-nio-8090-exec-1] INFO  kr.co.moocl.dao.UsersDao - UsersDao.getUserInfoByEmail 진입 userEmail: jae7415@gmail.com
2018-04-17 11:23:45.345 [http-nio-8090-exec-1] INFO  kr.co.moocl.dao.UsersDao - Oracle에서 UserInfo 가져옴 : UsersVo [userNo=100, email=jae7415@gmail.com, password=1, gender=M, age=27, nickName=null]
2018-04-17 11:23:45.345 [http-nio-8090-exec-1] INFO  kr.co.moocl.service.UsersService - usersDao에서 userInfo 가져옴 : UsersVo [userNo=100, email=jae7415@gmail.com, password=1, gender=M, age=27, nickName=null]
2018-04-17 11:23:45.346 [http-nio-8090-exec-1] INFO  kr.co.moocl.service.UsersService - 이메일 중복 O
2018-04-17 11:23:45.346 [http-nio-8090-exec-1] INFO  k.c.m.r.UsersRestController - 로그인 Service에서 결과 가져옴 : false
2018-04-17 11:23:45.522 [http-nio-8090-exec-2] INFO  k.c.m.r.UsersRestController - checkEmail 진입 userEmail : {email=jae7415@gmail.com}
2018-04-17 11:23:45.522 [http-nio-8090-exec-2] INFO  kr.co.moocl.service.UsersService - UsersService.checkEmail 진입 UserVo : {email=jae7415@gmail.com}
2018-04-17 11:23:45.522 [http-nio-8090-exec-2] INFO  kr.co.moocl.dao.UsersDao - UsersDao.getUserInfoByEmail 진입 userEmail: jae7415@gmail.com
2018-04-17 11:23:45.523 [http-nio-8090-exec-2] INFO  kr.co.moocl.dao.UsersDao - Oracle에서 UserInfo 가져옴 : UsersVo [userNo=100, email=jae7415@gmail.com, password=1, gender=M, age=27, nickName=null]
2018-04-17 11:23:45.529 [http-nio-8090-exec-2] INFO  kr.co.moocl.service.UsersService - usersDao에서 userInfo 가져옴 : UsersVo [userNo=100, email=jae7415@gmail.com, password=1, gender=M, age=27, nickName=null]
2018-04-17 11:23:45.529 [http-nio-8090-exec-2] INFO  kr.co.moocl.service.UsersService - 이메일 중복 O
2018-04-17 11:23:45.529 [http-nio-8090-exec-2] INFO  k.c.m.r.UsersRestController - 로그인 Service에서 결과 가져옴 : false
2018-04-17 11:23:45.707 [http-nio-8090-exec-3] INFO  k.c.m.r.UsersRestController - checkEmail 진입 userEmail : {email=jae7415@gmail.com}
2018-04-17 11:23:45.707 [http-nio-8090-exec-3] INFO  kr.co.moocl.service.UsersService - UsersService.checkEmail 진입 UserVo : {email=jae7415@gmail.com}
2018-04-17 11:23:45.707 [http-nio-8090-exec-3] INFO  kr.co.moocl.dao.UsersDao - UsersDao.getUserInfoByEmail 진입 userEmail: jae7415@gmail.com
2018-04-17 11:23:45.708 [http-nio-8090-exec-3] INFO  kr.co.moocl.dao.UsersDao - Oracle에서 UserInfo 가져옴 : UsersVo [userNo=100, email=jae7415@gmail.com, password=1, gender=M, age=27, nickName=null]
2018-04-17 11:23:45.708 [http-nio-8090-exec-3] INFO  kr.co.moocl.service.UsersService - usersDao에서 userInfo 가져옴 : UsersVo [userNo=100, email=jae7415@gmail.com, password=1, gender=M, age=27, nickName=null]
2018-04-17 11:23:45.714 [http-nio-8090-exec-3] INFO  kr.co.moocl.service.UsersService - 이메일 중복 O
2018-04-17 11:23:45.714 [http-nio-8090-exec-3] INFO  k.c.m.r.UsersRestController - 로그인 Service에서 결과 가져옴 : false
2018-04-17 11:23:45.859 [http-nio-8090-exec-5] INFO  k.c.m.r.UsersRestController - checkEmail 진입 userEmail : {email=jae7415@gmail.com}
2018-04-17 11:23:45.859 [http-nio-8090-exec-5] INFO  kr.co.moocl.service.UsersService - UsersService.checkEmail 진입 UserVo : {email=jae7415@gmail.com}
2018-04-17 11:23:45.859 [http-nio-8090-exec-5] INFO  kr.co.moocl.dao.UsersDao - UsersDao.getUserInfoByEmail 진입 userEmail: jae7415@gmail.com
2018-04-17 11:23:45.860 [http-nio-8090-exec-5] INFO  kr.co.moocl.dao.UsersDao - Oracle에서 UserInfo 가져옴 : UsersVo [userNo=100, email=jae7415@gmail.com, password=1, gender=M, age=27, nickName=null]
2018-04-17 11:23:45.860 [http-nio-8090-exec-5] INFO  kr.co.moocl.service.UsersService - usersDao에서 userInfo 가져옴 : UsersVo [userNo=100, email=jae7415@gmail.com, password=1, gender=M, age=27, nickName=null]
2018-04-17 11:23:45.860 [http-nio-8090-exec-5] INFO  kr.co.moocl.service.UsersService - 이메일 중복 O
2018-04-17 11:23:45.866 [http-nio-8090-exec-5] INFO  k.c.m.r.UsersRestController - 로그인 Service에서 결과 가져옴 : false
2018-04-17 11:23:46.018 [http-nio-8090-exec-4] INFO  k.c.m.r.UsersRestController - checkEmail 진입 userEmail : {email=jae7415@gmail.com}
2018-04-17 11:23:46.018 [http-nio-8090-exec-4] INFO  kr.co.moocl.service.UsersService - UsersService.checkEmail 진입 UserVo : {email=jae7415@gmail.com}
2018-04-17 11:23:46.018 [http-nio-8090-exec-4] INFO  kr.co.moocl.dao.UsersDao - UsersDao.getUserInfoByEmail 진입 userEmail: jae7415@gmail.com
2018-04-17 11:23:46.019 [http-nio-8090-exec-4] INFO  kr.co.moocl.dao.UsersDao - Oracle에서 UserInfo 가져옴 : UsersVo [userNo=100, email=jae7415@gmail.com, password=1, gender=M, age=27, nickName=null]
2018-04-17 11:23:46.019 [http-nio-8090-exec-4] INFO  kr.co.moocl.service.UsersService - usersDao에서 userInfo 가져옴 : UsersVo [userNo=100, email=jae7415@gmail.com, password=1, gender=M, age=27, nickName=null]
2018-04-17 11:23:46.019 [http-nio-8090-exec-4] INFO  kr.co.moocl.service.UsersService - 이메일 중복 O
2018-04-17 11:23:46.019 [http-nio-8090-exec-4] INFO  k.c.m.r.UsersRestController - 로그인 Service에서 결과 가져옴 : false
2018-04-17 11:23:46.163 [http-nio-8090-exec-6] INFO  k.c.m.r.UsersRestController - checkEmail 진입 userEmail : {email=jae7415@gmail.com}
2018-04-17 11:23:46.163 [http-nio-8090-exec-6] INFO  kr.co.moocl.service.UsersService - UsersService.checkEmail 진입 UserVo : {email=jae7415@gmail.com}
2018-04-17 11:23:46.163 [http-nio-8090-exec-6] INFO  kr.co.moocl.dao.UsersDao - UsersDao.getUserInfoByEmail 진입 userEmail: jae7415@gmail.com
2018-04-17 11:23:46.164 [http-nio-8090-exec-6] INFO  kr.co.moocl.dao.UsersDao - Oracle에서 UserInfo 가져옴 : UsersVo [userNo=100, email=jae7415@gmail.com, password=1, gender=M, age=27, nickName=null]
2018-04-17 11:23:46.164 [http-nio-8090-exec-6] INFO  kr.co.moocl.service.UsersService - usersDao에서 userInfo 가져옴 : UsersVo [userNo=100, email=jae7415@gmail.com, password=1, gender=M, age=27, nickName=null]
2018-04-17 11:23:46.164 [http-nio-8090-exec-6] INFO  kr.co.moocl.service.UsersService - 이메일 중복 O
2018-04-17 11:23:46.164 [http-nio-8090-exec-6] INFO  k.c.m.r.UsersRestController - 로그인 Service에서 결과 가져옴 : false
2018-04-17 11:23:46.505 [http-nio-8090-exec-7] INFO  k.c.m.r.UsersRestController - checkEmail 진입 userEmail : {email=jae7415@gmail.com}
2018-04-17 11:23:46.510 [http-nio-8090-exec-7] INFO  kr.co.moocl.service.UsersService - UsersService.checkEmail 진입 UserVo : {email=jae7415@gmail.com}
2018-04-17 11:23:46.510 [http-nio-8090-exec-7] INFO  kr.co.moocl.dao.UsersDao - UsersDao.getUserInfoByEmail 진입 userEmail: jae7415@gmail.com
2018-04-17 11:23:46.511 [http-nio-8090-exec-7] INFO  kr.co.moocl.dao.UsersDao - Oracle에서 UserInfo 가져옴 : UsersVo [userNo=100, email=jae7415@gmail.com, password=1, gender=M, age=27, nickName=null]
2018-04-17 11:23:46.511 [http-nio-8090-exec-7] INFO  kr.co.moocl.service.UsersService - usersDao에서 userInfo 가져옴 : UsersVo [userNo=100, email=jae7415@gmail.com, password=1, gender=M, age=27, nickName=null]
2018-04-17 11:23:46.511 [http-nio-8090-exec-7] INFO  kr.co.moocl.service.UsersService - 이메일 중복 O
2018-04-17 11:23:46.511 [http-nio-8090-exec-7] INFO  k.c.m.r.UsersRestController - 로그인 Service에서 결과 가져옴 : false
2018-04-17 11:23:46.930 [http-nio-8090-exec-8] INFO  k.c.m.r.UsersRestController - checkEmail 진입 userEmail : {email=jae7415@gmail.com}
2018-04-17 11:23:46.930 [http-nio-8090-exec-8] INFO  kr.co.moocl.service.UsersService - UsersService.checkEmail 진입 UserVo : {email=jae7415@gmail.com}
2018-04-17 11:23:46.935 [http-nio-8090-exec-8] INFO  kr.co.moocl.dao.UsersDao - UsersDao.getUserInfoByEmail 진입 userEmail: jae7415@gmail.com
2018-04-17 11:23:46.936 [http-nio-8090-exec-8] INFO  kr.co.moocl.dao.UsersDao - Oracle에서 UserInfo 가져옴 : UsersVo [userNo=100, email=jae7415@gmail.com, password=1, gender=M, age=27, nickName=null]
2018-04-17 11:23:46.936 [http-nio-8090-exec-8] INFO  kr.co.moocl.service.UsersService - usersDao에서 userInfo 가져옴 : UsersVo [userNo=100, email=jae7415@gmail.com, password=1, gender=M, age=27, nickName=null]
2018-04-17 11:23:46.936 [http-nio-8090-exec-8] INFO  kr.co.moocl.service.UsersService - 이메일 중복 O
2018-04-17 11:23:46.936 [http-nio-8090-exec-8] INFO  k.c.m.r.UsersRestController - 로그인 Service에서 결과 가져옴 : false
2018-04-17 11:23:55.036 [http-nio-8090-exec-1] INFO  k.c.m.r.UsersRestController - checkEmail 진입 userEmail : {email=ippowe@naver.com}
2018-04-17 11:23:55.041 [http-nio-8090-exec-1] INFO  kr.co.moocl.service.UsersService - UsersService.checkEmail 진입 UserVo : {email=ippowe@naver.com}
2018-04-17 11:23:55.041 [http-nio-8090-exec-1] INFO  kr.co.moocl.dao.UsersDao - UsersDao.getUserInfoByEmail 진입 userEmail: ippowe@naver.com
2018-04-17 11:23:55.047 [http-nio-8090-exec-1] INFO  kr.co.moocl.dao.UsersDao - Oracle에서 UserInfo 가져옴 : null
2018-04-17 11:23:55.047 [http-nio-8090-exec-1] INFO  kr.co.moocl.service.UsersService - usersDao에서 userInfo 가져옴 : null
2018-04-17 11:23:55.047 [http-nio-8090-exec-1] INFO  k.c.m.r.UsersRestController - 로그인 Service에서 결과 가져옴 : true
2018-04-17 11:25:54.952 [RMI TCP Connection(2)-127.0.0.1] INFO  o.s.b.a.SpringApplicationAdminMXBeanRegistrar$SpringApplicationAdmin - Application shutdown requested.
2018-04-17 11:25:54.952 [RMI TCP Connection(2)-127.0.0.1] INFO  o.s.b.w.s.c.AnnotationConfigServletWebServerApplicationContext - Closing org.springframework.boot.web.servlet.context.AnnotationConfigServletWebServerApplicationContext@1573f9fc: startup date [Tue Apr 17 11:23:34 KST 2018]; root of context hierarchy
2018-04-17 11:25:54.954 [RMI TCP Connection(2)-127.0.0.1] INFO  o.s.j.e.a.AnnotationMBeanExporter - Unregistering JMX-exposed beans on shutdown
2018-04-17 11:25:54.954 [RMI TCP Connection(2)-127.0.0.1] INFO  o.s.j.e.a.AnnotationMBeanExporter - Unregistering JMX-exposed beans
2018-04-17 11:25:54.955 [RMI TCP Connection(2)-127.0.0.1] INFO  com.zaxxer.hikari.HikariDataSource - HikariPool-1 - Shutdown initiated...
2018-04-17 11:25:54.975 [RMI TCP Connection(2)-127.0.0.1] INFO  com.zaxxer.hikari.HikariDataSource - HikariPool-1 - Shutdown completed.
2018-04-17 11:25:56.796 [main] INFO  kr.co.moocl.MooclApplication - Starting MooclApplication on DESKTOP-1746CEU with PID 2072 (C:\Users\1\git\Moocl\Moocl\target\classes started by 1 in C:\Users\1\git\Moocl\Moocl)
2018-04-17 11:25:56.799 [main] INFO  kr.co.moocl.MooclApplication - No active profile set, falling back to default profiles: default
2018-04-17 11:25:56.827 [main] INFO  o.s.b.w.s.c.AnnotationConfigServletWebServerApplicationContext - Refreshing org.springframework.boot.web.servlet.context.AnnotationConfigServletWebServerApplicationContext@1573f9fc: startup date [Tue Apr 17 11:25:56 KST 2018]; root of context hierarchy
2018-04-17 11:25:57.174 [main] WARN  o.m.s.mapper.ClassPathMapperScanner - No MyBatis mapper was found in '[kr.co.moocl]' package. Please check your configuration.
2018-04-17 11:25:57.608 [main] INFO  o.s.b.w.e.tomcat.TomcatWebServer - Tomcat initialized with port(s): 8090 (http)
2018-04-17 11:25:57.623 [main] INFO  o.a.coyote.http11.Http11NioProtocol - Initializing ProtocolHandler ["http-nio-8090"]
2018-04-17 11:25:57.630 [main] INFO  o.a.catalina.core.StandardService - Starting service [Tomcat]
2018-04-17 11:25:57.630 [main] INFO  o.a.catalina.core.StandardEngine - Starting Servlet Engine: Apache Tomcat/8.5.29
2018-04-17 11:25:57.641 [localhost-startStop-1] INFO  o.a.c.core.AprLifecycleListener - The APR based Apache Tomcat Native library which allows optimal performance in production environments was not found on the java.library.path: [C:\Program Files\Java\jre1.8.0_161\bin;C:\WINDOWS\Sun\Java\bin;C:\WINDOWS\system32;C:\WINDOWS;C:/Program Files/Java/jre1.8.0_161/bin/server;C:/Program Files/Java/jre1.8.0_161/bin;C:/Program Files/Java/jre1.8.0_161/lib/amd64;C:\oraclexe\app\oracle\product\11.2.0\server\bin;C:\ProgramData\Anaconda3;C:\ProgramData\Anaconda3\Library\mingw-w64\bin;C:\ProgramData\Anaconda3\Library\usr\bin;C:\ProgramData\Anaconda3\Library\bin;C:\ProgramData\Anaconda3\Scripts;C:\ProgramData\Oracle\Java\javapath;C:\Program Files (x86)\Intel\iCLS Client\;C:\Program Files\Intel\iCLS Client\;C:\WINDOWS\system32;C:\WINDOWS;C:\WINDOWS\System32\Wbem;C:\WINDOWS\System32\WindowsPowerShell\v1.0\;C:\Program Files (x86)\Intel\Intel(R) Management Engine Components\DAL;C:\Program Files\Intel\Intel(R) Management Engine Components\DAL;C:\Program Files (x86)\Intel\Intel(R) Management Engine Components\IPT;C:\Program Files\Intel\Intel(R) Management Engine Components\IPT;C:\Program Files\Java\jdk1.8.0_161\bin;C:\Program Files\MongoDB\Server\3.6\bin;C:\Program Files\nodejs\;C:\Users\1\AppData\Local\Microsoft\WindowsApps;C:\Program Files\Bandizip\;C:\Users\1\AppData\Local\atom\bin;C:\Program Files\Microsoft VS Code\bin;C:\Users\1\AppData\Roaming\npm;C:\Users\1\eclipse\jee-oxygen\eclipse;;.]
2018-04-17 11:25:57.717 [localhost-startStop-1] INFO  o.a.c.c.C.[Tomcat].[localhost].[/] - Initializing Spring embedded WebApplicationContext
2018-04-17 11:25:57.717 [localhost-startStop-1] INFO  o.s.web.context.ContextLoader - Root WebApplicationContext: initialization completed in 890 ms
2018-04-17 11:25:57.830 [localhost-startStop-1] INFO  o.s.b.w.s.ServletRegistrationBean - Servlet dispatcherServlet mapped to [/]
2018-04-17 11:25:57.833 [localhost-startStop-1] INFO  o.s.b.w.s.FilterRegistrationBean - Mapping filter: 'characterEncodingFilter' to: [/*]
2018-04-17 11:25:57.834 [localhost-startStop-1] INFO  o.s.b.w.s.FilterRegistrationBean - Mapping filter: 'hiddenHttpMethodFilter' to: [/*]
2018-04-17 11:25:57.834 [localhost-startStop-1] INFO  o.s.b.w.s.FilterRegistrationBean - Mapping filter: 'httpPutFormContentFilter' to: [/*]
2018-04-17 11:25:57.834 [localhost-startStop-1] INFO  o.s.b.w.s.FilterRegistrationBean - Mapping filter: 'requestContextFilter' to: [/*]
2018-04-17 11:25:58.092 [main] INFO  o.s.w.s.h.SimpleUrlHandlerMapping - Mapped URL path [/**/favicon.ico] onto handler of type [class org.springframework.web.servlet.resource.ResourceHttpRequestHandler]
2018-04-17 11:25:58.225 [main] INFO  o.s.w.s.m.m.a.RequestMappingHandlerAdapter - Looking for @ControllerAdvice: org.springframework.boot.web.servlet.context.AnnotationConfigServletWebServerApplicationContext@1573f9fc: startup date [Tue Apr 17 11:25:56 KST 2018]; root of context hierarchy
2018-04-17 11:25:58.265 [main] INFO  o.s.w.s.m.m.a.RequestMappingHandlerMapping - Mapped "{[/]}" onto public java.lang.String kr.co.moocl.controller.MainController.index()
2018-04-17 11:25:58.268 [main] INFO  o.s.w.s.m.m.a.RequestMappingHandlerMapping - Mapped "{[/api/join]}" onto public java.lang.Boolean kr.co.moocl.restcontroller.UsersRestController.joinUser(java.util.Map<java.lang.String, java.lang.Object>)
2018-04-17 11:25:58.269 [main] INFO  o.s.w.s.m.m.a.RequestMappingHandlerMapping - Mapped "{[/api/checkEmail]}" onto public java.lang.Boolean kr.co.moocl.restcontroller.UsersRestController.checkEmail(java.util.Map<java.lang.String, java.lang.String>)
2018-04-17 11:25:58.269 [main] INFO  o.s.w.s.m.m.a.RequestMappingHandlerMapping - Mapped "{[/api/login]}" onto public java.lang.Boolean kr.co.moocl.restcontroller.UsersRestController.login(java.util.Map<java.lang.String, java.lang.String>)
2018-04-17 11:25:58.270 [main] INFO  o.s.w.s.m.m.a.RequestMappingHandlerMapping - Mapped "{[/error]}" onto public org.springframework.http.ResponseEntity<java.util.Map<java.lang.String, java.lang.Object>> org.springframework.boot.autoconfigure.web.servlet.error.BasicErrorController.error(javax.servlet.http.HttpServletRequest)
2018-04-17 11:25:58.271 [main] INFO  o.s.w.s.m.m.a.RequestMappingHandlerMapping - Mapped "{[/error],produces=[text/html]}" onto public org.springframework.web.servlet.ModelAndView org.springframework.boot.autoconfigure.web.servlet.error.BasicErrorController.errorHtml(javax.servlet.http.HttpServletRequest,javax.servlet.http.HttpServletResponse)
2018-04-17 11:25:58.296 [main] INFO  o.s.w.s.h.SimpleUrlHandlerMapping - Mapped URL path [/webjars/**] onto handler of type [class org.springframework.web.servlet.resource.ResourceHttpRequestHandler]
2018-04-17 11:25:58.296 [main] INFO  o.s.w.s.h.SimpleUrlHandlerMapping - Mapped URL path [/**] onto handler of type [class org.springframework.web.servlet.resource.ResourceHttpRequestHandler]
2018-04-17 11:25:58.374 [main] INFO  o.s.b.a.w.s.WelcomePageHandlerMapping - Adding welcome page template: index
2018-04-17 11:25:58.582 [main] INFO  o.s.j.e.a.AnnotationMBeanExporter - Registering beans for JMX exposure on startup
2018-04-17 11:25:58.583 [main] INFO  o.s.j.e.a.AnnotationMBeanExporter - Bean with name 'dataSource' has been autodetected for JMX exposure
2018-04-17 11:25:58.587 [main] INFO  o.s.j.e.a.AnnotationMBeanExporter - Located MBean 'dataSource': registering with JMX server as MBean [com.zaxxer.hikari:name=dataSource,type=HikariDataSource]
2018-04-17 11:25:58.595 [main] INFO  o.a.coyote.http11.Http11NioProtocol - Starting ProtocolHandler ["http-nio-8090"]
2018-04-17 11:25:58.602 [main] INFO  o.a.tomcat.util.net.NioSelectorPool - Using a shared selector for servlet write/read
2018-04-17 11:25:58.618 [main] INFO  o.s.b.w.e.tomcat.TomcatWebServer - Tomcat started on port(s): 8090 (http) with context path ''
2018-04-17 11:25:58.621 [main] INFO  kr.co.moocl.MooclApplication - Started MooclApplication in 2.137 seconds (JVM running for 2.633)
2018-04-17 11:26:01.476 [http-nio-8090-exec-1] INFO  o.a.c.c.C.[Tomcat].[localhost].[/] - Initializing Spring FrameworkServlet 'dispatcherServlet'
2018-04-17 11:26:01.476 [http-nio-8090-exec-1] INFO  o.s.web.servlet.DispatcherServlet - FrameworkServlet 'dispatcherServlet': initialization started
2018-04-17 11:26:01.496 [http-nio-8090-exec-1] INFO  o.s.web.servlet.DispatcherServlet - FrameworkServlet 'dispatcherServlet': initialization completed in 14 ms
2018-04-17 11:26:07.425 [http-nio-8090-exec-7] INFO  k.c.m.r.UsersRestController - checkEmail 진입 userEmail : {email=ippowe@naver.com}
2018-04-17 11:26:07.431 [http-nio-8090-exec-7] INFO  kr.co.moocl.service.UsersService - UsersService.checkEmail 진입 UserVo : {email=ippowe@naver.com}
2018-04-17 11:26:07.439 [http-nio-8090-exec-7] INFO  kr.co.moocl.dao.UsersDao - UsersDao.getUserInfoByEmail 진입 userEmail: ippowe@naver.com
2018-04-17 11:26:07.455 [http-nio-8090-exec-7] INFO  com.zaxxer.hikari.HikariDataSource - HikariPool-1 - Starting...
2018-04-17 11:26:07.456 [http-nio-8090-exec-7] WARN  c.z.hikari.util.DriverDataSource - Registered driver with driverClassName=oracle.jdbc.driver.OracleDriver was not found, trying direct instantiation.
2018-04-17 11:26:07.540 [http-nio-8090-exec-7] INFO  com.zaxxer.hikari.pool.PoolBase - HikariPool-1 - Driver does not support get/set network timeout for connections. (oracle.jdbc.driver.T4CConnection.getNetworkTimeout()I)
2018-04-17 11:26:07.544 [http-nio-8090-exec-7] INFO  com.zaxxer.hikari.HikariDataSource - HikariPool-1 - Start completed.
2018-04-17 11:26:07.639 [http-nio-8090-exec-7] INFO  kr.co.moocl.dao.UsersDao - Oracle에서 UserInfo 가져옴 : null
2018-04-17 11:26:07.639 [http-nio-8090-exec-7] INFO  kr.co.moocl.service.UsersService - usersDao에서 userInfo 가져옴 : null
2018-04-17 11:26:07.639 [http-nio-8090-exec-7] INFO  k.c.m.r.UsersRestController - 로그인 Service에서 결과 가져옴 : true
2018-04-17 11:26:13.156 [http-nio-8090-exec-10] INFO  k.c.m.r.UsersRestController - checkEmail 진입 userEmail : {email=ippowe@naver.com}
2018-04-17 11:26:13.161 [http-nio-8090-exec-10] INFO  kr.co.moocl.service.UsersService - UsersService.checkEmail 진입 UserVo : {email=ippowe@naver.com}
2018-04-17 11:26:13.161 [http-nio-8090-exec-10] INFO  kr.co.moocl.dao.UsersDao - UsersDao.getUserInfoByEmail 진입 userEmail: ippowe@naver.com
2018-04-17 11:26:13.163 [http-nio-8090-exec-10] INFO  kr.co.moocl.dao.UsersDao - Oracle에서 UserInfo 가져옴 : null
2018-04-17 11:26:13.163 [http-nio-8090-exec-10] INFO  kr.co.moocl.service.UsersService - usersDao에서 userInfo 가져옴 : null
2018-04-17 11:26:13.169 [http-nio-8090-exec-10] INFO  k.c.m.r.UsersRestController - 로그인 Service에서 결과 가져옴 : true
2018-04-17 11:26:13.308 [http-nio-8090-exec-6] INFO  k.c.m.r.UsersRestController - checkEmail 진입 userEmail : {email=ippowe@naver.com}
2018-04-17 11:26:13.309 [http-nio-8090-exec-6] INFO  kr.co.moocl.service.UsersService - UsersService.checkEmail 진입 UserVo : {email=ippowe@naver.com}
2018-04-17 11:26:13.309 [http-nio-8090-exec-6] INFO  kr.co.moocl.dao.UsersDao - UsersDao.getUserInfoByEmail 진입 userEmail: ippowe@naver.com
2018-04-17 11:26:13.316 [http-nio-8090-exec-6] INFO  kr.co.moocl.dao.UsersDao - Oracle에서 UserInfo 가져옴 : null
2018-04-17 11:26:13.316 [http-nio-8090-exec-6] INFO  kr.co.moocl.service.UsersService - usersDao에서 userInfo 가져옴 : null
2018-04-17 11:26:13.316 [http-nio-8090-exec-6] INFO  k.c.m.r.UsersRestController - 로그인 Service에서 결과 가져옴 : true
2018-04-17 11:26:13.682 [http-nio-8090-exec-1] INFO  k.c.m.r.UsersRestController - checkEmail 진입 userEmail : {email=ippowe@naver.com}
2018-04-17 11:26:13.682 [http-nio-8090-exec-1] INFO  kr.co.moocl.service.UsersService - UsersService.checkEmail 진입 UserVo : {email=ippowe@naver.com}
2018-04-17 11:26:13.682 [http-nio-8090-exec-1] INFO  kr.co.moocl.dao.UsersDao - UsersDao.getUserInfoByEmail 진입 userEmail: ippowe@naver.com
2018-04-17 11:26:13.683 [http-nio-8090-exec-1] INFO  kr.co.moocl.dao.UsersDao - Oracle에서 UserInfo 가져옴 : null
2018-04-17 11:26:13.683 [http-nio-8090-exec-1] INFO  kr.co.moocl.service.UsersService - usersDao에서 userInfo 가져옴 : null
2018-04-17 11:26:13.688 [http-nio-8090-exec-1] INFO  k.c.m.r.UsersRestController - 로그인 Service에서 결과 가져옴 : true
2018-04-17 11:26:27.682 [http-nio-8090-exec-3] INFO  k.c.m.r.UsersRestController - joinUser 진입 userVo : {nickname=ippowe, email=ippowe@naver.com, password=123456789!a, gender=F, age=4}
2018-04-17 11:26:27.687 [http-nio-8090-exec-3] INFO  kr.co.moocl.service.UsersService - UsersService.joinUser 진입 UserVo : {nickname=ippowe, email=ippowe@naver.com, password=123456789!a, gender=F, age=4}
2018-04-17 11:26:27.688 [http-nio-8090-exec-3] INFO  kr.co.moocl.dao.UsersDao - UsersDao.insertUserInfo 진입 userVo: {nickname=ippowe, email=ippowe@naver.com, password=123456789!a, gender=F, age=4}
2018-04-17 11:26:27.697 [http-nio-8090-exec-3] INFO  kr.co.moocl.service.UsersService - DB에 입력 성공 갯수 : 1
2018-04-17 11:26:27.698 [http-nio-8090-exec-3] INFO  k.c.m.r.UsersRestController - 회원가입 성공 여부: true
2018-04-17 11:26:40.596 [http-nio-8090-exec-10] INFO  k.c.m.r.UsersRestController - checkEmail 진입 userEmail : {email=ippowe@naver.com}
2018-04-17 11:26:40.601 [http-nio-8090-exec-10] INFO  kr.co.moocl.service.UsersService - UsersService.checkEmail 진입 UserVo : {email=ippowe@naver.com}
2018-04-17 11:26:40.606 [http-nio-8090-exec-10] INFO  kr.co.moocl.dao.UsersDao - UsersDao.getUserInfoByEmail 진입 userEmail: ippowe@naver.com
2018-04-17 11:26:40.610 [http-nio-8090-exec-10] INFO  kr.co.moocl.dao.UsersDao - Oracle에서 UserInfo 가져옴 : UsersVo [userNo=220, email=ippowe@naver.com, password=123456789!a, gender=F, age=4, nickName=ippowe]
2018-04-17 11:26:40.615 [http-nio-8090-exec-10] INFO  kr.co.moocl.service.UsersService - usersDao에서 userInfo 가져옴 : UsersVo [userNo=220, email=ippowe@naver.com, password=123456789!a, gender=F, age=4, nickName=ippowe]
2018-04-17 11:26:40.615 [http-nio-8090-exec-10] INFO  kr.co.moocl.service.UsersService - 이메일 중복 O
2018-04-17 11:26:40.620 [http-nio-8090-exec-10] INFO  k.c.m.r.UsersRestController - 로그인 Service에서 결과 가져옴 : false
2018-04-17 11:26:43.906 [http-nio-8090-exec-6] INFO  k.c.m.r.UsersRestController - checkEmail 진입 userEmail : {email=ippowe@naver.com}
2018-04-17 11:26:43.911 [http-nio-8090-exec-6] INFO  kr.co.moocl.service.UsersService - UsersService.checkEmail 진입 UserVo : {email=ippowe@naver.com}
2018-04-17 11:26:43.911 [http-nio-8090-exec-6] INFO  kr.co.moocl.dao.UsersDao - UsersDao.getUserInfoByEmail 진입 userEmail: ippowe@naver.com
2018-04-17 11:26:43.917 [http-nio-8090-exec-6] INFO  kr.co.moocl.dao.UsersDao - Oracle에서 UserInfo 가져옴 : UsersVo [userNo=220, email=ippowe@naver.com, password=123456789!a, gender=F, age=4, nickName=ippowe]
2018-04-17 11:26:43.917 [http-nio-8090-exec-6] INFO  kr.co.moocl.service.UsersService - usersDao에서 userInfo 가져옴 : UsersVo [userNo=220, email=ippowe@naver.com, password=123456789!a, gender=F, age=4, nickName=ippowe]
2018-04-17 11:26:43.917 [http-nio-8090-exec-6] INFO  kr.co.moocl.service.UsersService - 이메일 중복 O
2018-04-17 11:26:43.917 [http-nio-8090-exec-6] INFO  k.c.m.r.UsersRestController - 로그인 Service에서 결과 가져옴 : false
2018-04-17 11:26:50.891 [http-nio-8090-exec-8] INFO  k.c.m.r.UsersRestController - checkEmail 진입 userEmail : {email=ippowe1@naver.com}
2018-04-17 11:26:50.896 [http-nio-8090-exec-8] INFO  kr.co.moocl.service.UsersService - UsersService.checkEmail 진입 UserVo : {email=ippowe1@naver.com}
2018-04-17 11:26:50.901 [http-nio-8090-exec-8] INFO  kr.co.moocl.dao.UsersDao - UsersDao.getUserInfoByEmail 진입 userEmail: ippowe1@naver.com
2018-04-17 11:26:50.902 [http-nio-8090-exec-8] INFO  kr.co.moocl.dao.UsersDao - Oracle에서 UserInfo 가져옴 : null
2018-04-17 11:26:50.907 [http-nio-8090-exec-8] INFO  kr.co.moocl.service.UsersService - usersDao에서 userInfo 가져옴 : null
2018-04-17 11:26:50.908 [http-nio-8090-exec-8] INFO  k.c.m.r.UsersRestController - 로그인 Service에서 결과 가져옴 : true
2018-04-17 11:26:53.682 [http-nio-8090-exec-4] INFO  k.c.m.r.UsersRestController - checkEmail 진입 userEmail : {email=ippowe1@naver.com}
2018-04-17 11:26:53.688 [http-nio-8090-exec-4] INFO  kr.co.moocl.service.UsersService - UsersService.checkEmail 진입 UserVo : {email=ippowe1@naver.com}
2018-04-17 11:26:53.693 [http-nio-8090-exec-4] INFO  kr.co.moocl.dao.UsersDao - UsersDao.getUserInfoByEmail 진입 userEmail: ippowe1@naver.com
2018-04-17 11:26:53.694 [http-nio-8090-exec-4] INFO  kr.co.moocl.dao.UsersDao - Oracle에서 UserInfo 가져옴 : null
2018-04-17 11:26:53.694 [http-nio-8090-exec-4] INFO  kr.co.moocl.service.UsersService - usersDao에서 userInfo 가져옴 : null
2018-04-17 11:26:53.694 [http-nio-8090-exec-4] INFO  k.c.m.r.UsersRestController - 로그인 Service에서 결과 가져옴 : true
2018-04-17 11:27:45.897 [RMI TCP Connection(2)-127.0.0.1] INFO  o.s.b.a.SpringApplicationAdminMXBeanRegistrar$SpringApplicationAdmin - Application shutdown requested.
2018-04-17 11:27:45.902 [RMI TCP Connection(2)-127.0.0.1] INFO  o.s.b.w.s.c.AnnotationConfigServletWebServerApplicationContext - Closing org.springframework.boot.web.servlet.context.AnnotationConfigServletWebServerApplicationContext@1573f9fc: startup date [Tue Apr 17 11:25:56 KST 2018]; root of context hierarchy
2018-04-17 11:27:45.910 [RMI TCP Connection(2)-127.0.0.1] INFO  o.s.j.e.a.AnnotationMBeanExporter - Unregistering JMX-exposed beans on shutdown
2018-04-17 11:27:45.910 [RMI TCP Connection(2)-127.0.0.1] INFO  o.s.j.e.a.AnnotationMBeanExporter - Unregistering JMX-exposed beans
2018-04-17 11:27:45.915 [RMI TCP Connection(2)-127.0.0.1] INFO  com.zaxxer.hikari.HikariDataSource - HikariPool-1 - Shutdown initiated...
2018-04-17 11:27:45.928 [RMI TCP Connection(2)-127.0.0.1] INFO  com.zaxxer.hikari.HikariDataSource - HikariPool-1 - Shutdown completed.
2018-04-17 11:27:50.618 [main] INFO  kr.co.moocl.MooclApplication - Starting MooclApplication on DESKTOP-1746CEU with PID 1244 (C:\Users\1\git\Moocl\Moocl\target\classes started by 1 in C:\Users\1\git\Moocl\Moocl)
2018-04-17 11:27:50.621 [main] INFO  kr.co.moocl.MooclApplication - No active profile set, falling back to default profiles: default
2018-04-17 11:27:50.650 [main] INFO  o.s.b.w.s.c.AnnotationConfigServletWebServerApplicationContext - Refreshing org.springframework.boot.web.servlet.context.AnnotationConfigServletWebServerApplicationContext@1573f9fc: startup date [Tue Apr 17 11:27:50 KST 2018]; root of context hierarchy
2018-04-17 11:27:51.011 [main] WARN  o.m.s.mapper.ClassPathMapperScanner - No MyBatis mapper was found in '[kr.co.moocl]' package. Please check your configuration.
2018-04-17 11:27:51.456 [main] INFO  o.s.b.w.e.tomcat.TomcatWebServer - Tomcat initialized with port(s): 8090 (http)
2018-04-17 11:27:51.470 [main] INFO  o.a.coyote.http11.Http11NioProtocol - Initializing ProtocolHandler ["http-nio-8090"]
2018-04-17 11:27:51.476 [main] INFO  o.a.catalina.core.StandardService - Starting service [Tomcat]
2018-04-17 11:27:51.476 [main] INFO  o.a.catalina.core.StandardEngine - Starting Servlet Engine: Apache Tomcat/8.5.29
2018-04-17 11:27:51.485 [localhost-startStop-1] INFO  o.a.c.core.AprLifecycleListener - The APR based Apache Tomcat Native library which allows optimal performance in production environments was not found on the java.library.path: [C:\Program Files\Java\jre1.8.0_161\bin;C:\WINDOWS\Sun\Java\bin;C:\WINDOWS\system32;C:\WINDOWS;C:/Program Files/Java/jre1.8.0_161/bin/server;C:/Program Files/Java/jre1.8.0_161/bin;C:/Program Files/Java/jre1.8.0_161/lib/amd64;C:\oraclexe\app\oracle\product\11.2.0\server\bin;C:\ProgramData\Anaconda3;C:\ProgramData\Anaconda3\Library\mingw-w64\bin;C:\ProgramData\Anaconda3\Library\usr\bin;C:\ProgramData\Anaconda3\Library\bin;C:\ProgramData\Anaconda3\Scripts;C:\ProgramData\Oracle\Java\javapath;C:\Program Files (x86)\Intel\iCLS Client\;C:\Program Files\Intel\iCLS Client\;C:\WINDOWS\system32;C:\WINDOWS;C:\WINDOWS\System32\Wbem;C:\WINDOWS\System32\WindowsPowerShell\v1.0\;C:\Program Files (x86)\Intel\Intel(R) Management Engine Components\DAL;C:\Program Files\Intel\Intel(R) Management Engine Components\DAL;C:\Program Files (x86)\Intel\Intel(R) Management Engine Components\IPT;C:\Program Files\Intel\Intel(R) Management Engine Components\IPT;C:\Program Files\Java\jdk1.8.0_161\bin;C:\Program Files\MongoDB\Server\3.6\bin;C:\Program Files\nodejs\;C:\Users\1\AppData\Local\Microsoft\WindowsApps;C:\Program Files\Bandizip\;C:\Users\1\AppData\Local\atom\bin;C:\Program Files\Microsoft VS Code\bin;C:\Users\1\AppData\Roaming\npm;C:\Users\1\eclipse\jee-oxygen\eclipse;;.]
2018-04-17 11:27:51.562 [localhost-startStop-1] INFO  o.a.c.c.C.[Tomcat].[localhost].[/] - Initializing Spring embedded WebApplicationContext
2018-04-17 11:27:51.563 [localhost-startStop-1] INFO  o.s.web.context.ContextLoader - Root WebApplicationContext: initialization completed in 913 ms
2018-04-17 11:27:51.667 [localhost-startStop-1] INFO  o.s.b.w.s.ServletRegistrationBean - Servlet dispatcherServlet mapped to [/]
2018-04-17 11:27:51.671 [localhost-startStop-1] INFO  o.s.b.w.s.FilterRegistrationBean - Mapping filter: 'characterEncodingFilter' to: [/*]
2018-04-17 11:27:51.671 [localhost-startStop-1] INFO  o.s.b.w.s.FilterRegistrationBean - Mapping filter: 'hiddenHttpMethodFilter' to: [/*]
2018-04-17 11:27:51.671 [localhost-startStop-1] INFO  o.s.b.w.s.FilterRegistrationBean - Mapping filter: 'httpPutFormContentFilter' to: [/*]
2018-04-17 11:27:51.671 [localhost-startStop-1] INFO  o.s.b.w.s.FilterRegistrationBean - Mapping filter: 'requestContextFilter' to: [/*]
2018-04-17 11:27:51.929 [main] INFO  o.s.w.s.h.SimpleUrlHandlerMapping - Mapped URL path [/**/favicon.ico] onto handler of type [class org.springframework.web.servlet.resource.ResourceHttpRequestHandler]
2018-04-17 11:27:52.061 [main] INFO  o.s.w.s.m.m.a.RequestMappingHandlerAdapter - Looking for @ControllerAdvice: org.springframework.boot.web.servlet.context.AnnotationConfigServletWebServerApplicationContext@1573f9fc: startup date [Tue Apr 17 11:27:50 KST 2018]; root of context hierarchy
2018-04-17 11:27:52.098 [main] INFO  o.s.w.s.m.m.a.RequestMappingHandlerMapping - Mapped "{[/]}" onto public java.lang.String kr.co.moocl.controller.MainController.index()
2018-04-17 11:27:52.101 [main] INFO  o.s.w.s.m.m.a.RequestMappingHandlerMapping - Mapped "{[/api/login]}" onto public java.lang.Boolean kr.co.moocl.restcontroller.UsersRestController.login(java.util.Map<java.lang.String, java.lang.String>)
2018-04-17 11:27:52.102 [main] INFO  o.s.w.s.m.m.a.RequestMappingHandlerMapping - Mapped "{[/api/checkEmail]}" onto public java.lang.Boolean kr.co.moocl.restcontroller.UsersRestController.checkEmail(java.util.Map<java.lang.String, java.lang.String>)
2018-04-17 11:27:52.102 [main] INFO  o.s.w.s.m.m.a.RequestMappingHandlerMapping - Mapped "{[/api/join]}" onto public java.lang.Boolean kr.co.moocl.restcontroller.UsersRestController.joinUser(java.util.Map<java.lang.String, java.lang.Object>)
2018-04-17 11:27:52.104 [main] INFO  o.s.w.s.m.m.a.RequestMappingHandlerMapping - Mapped "{[/error]}" onto public org.springframework.http.ResponseEntity<java.util.Map<java.lang.String, java.lang.Object>> org.springframework.boot.autoconfigure.web.servlet.error.BasicErrorController.error(javax.servlet.http.HttpServletRequest)
2018-04-17 11:27:52.105 [main] INFO  o.s.w.s.m.m.a.RequestMappingHandlerMapping - Mapped "{[/error],produces=[text/html]}" onto public org.springframework.web.servlet.ModelAndView org.springframework.boot.autoconfigure.web.servlet.error.BasicErrorController.errorHtml(javax.servlet.http.HttpServletRequest,javax.servlet.http.HttpServletResponse)
2018-04-17 11:27:52.128 [main] INFO  o.s.w.s.h.SimpleUrlHandlerMapping - Mapped URL path [/webjars/**] onto handler of type [class org.springframework.web.servlet.resource.ResourceHttpRequestHandler]
2018-04-17 11:27:52.128 [main] INFO  o.s.w.s.h.SimpleUrlHandlerMapping - Mapped URL path [/**] onto handler of type [class org.springframework.web.servlet.resource.ResourceHttpRequestHandler]
2018-04-17 11:27:52.209 [main] INFO  o.s.b.a.w.s.WelcomePageHandlerMapping - Adding welcome page template: index
2018-04-17 11:27:52.420 [main] INFO  o.s.j.e.a.AnnotationMBeanExporter - Registering beans for JMX exposure on startup
2018-04-17 11:27:52.421 [main] INFO  o.s.j.e.a.AnnotationMBeanExporter - Bean with name 'dataSource' has been autodetected for JMX exposure
2018-04-17 11:27:52.425 [main] INFO  o.s.j.e.a.AnnotationMBeanExporter - Located MBean 'dataSource': registering with JMX server as MBean [com.zaxxer.hikari:name=dataSource,type=HikariDataSource]
2018-04-17 11:27:52.433 [main] INFO  o.a.coyote.http11.Http11NioProtocol - Starting ProtocolHandler ["http-nio-8090"]
2018-04-17 11:27:52.440 [main] INFO  o.a.tomcat.util.net.NioSelectorPool - Using a shared selector for servlet write/read
2018-04-17 11:27:52.456 [main] INFO  o.s.b.w.e.tomcat.TomcatWebServer - Tomcat started on port(s): 8090 (http) with context path ''
2018-04-17 11:27:52.459 [main] INFO  kr.co.moocl.MooclApplication - Started MooclApplication in 2.156 seconds (JVM running for 2.648)
2018-04-17 11:27:56.692 [http-nio-8090-exec-1] INFO  o.a.c.c.C.[Tomcat].[localhost].[/] - Initializing Spring FrameworkServlet 'dispatcherServlet'
2018-04-17 11:27:56.692 [http-nio-8090-exec-1] INFO  o.s.web.servlet.DispatcherServlet - FrameworkServlet 'dispatcherServlet': initialization started
2018-04-17 11:27:56.713 [http-nio-8090-exec-1] INFO  o.s.web.servlet.DispatcherServlet - FrameworkServlet 'dispatcherServlet': initialization completed in 15 ms
2018-04-17 11:28:04.942 [http-nio-8090-exec-6] INFO  k.c.m.r.UsersRestController - checkEmail 진입 userEmail : {email=ippowe@naver.com}
2018-04-17 11:28:04.947 [http-nio-8090-exec-6] INFO  kr.co.moocl.service.UsersService - UsersService.checkEmail 진입 UserVo : {email=ippowe@naver.com}
2018-04-17 11:28:04.955 [http-nio-8090-exec-6] INFO  kr.co.moocl.dao.UsersDao - UsersDao.getUserInfoByEmail 진입 userEmail: ippowe@naver.com
2018-04-17 11:28:04.971 [http-nio-8090-exec-6] INFO  com.zaxxer.hikari.HikariDataSource - HikariPool-1 - Starting...
2018-04-17 11:28:04.971 [http-nio-8090-exec-6] WARN  c.z.hikari.util.DriverDataSource - Registered driver with driverClassName=oracle.jdbc.driver.OracleDriver was not found, trying direct instantiation.
2018-04-17 11:28:05.055 [http-nio-8090-exec-6] INFO  com.zaxxer.hikari.pool.PoolBase - HikariPool-1 - Driver does not support get/set network timeout for connections. (oracle.jdbc.driver.T4CConnection.getNetworkTimeout()I)
2018-04-17 11:28:05.059 [http-nio-8090-exec-6] INFO  com.zaxxer.hikari.HikariDataSource - HikariPool-1 - Start completed.
2018-04-17 11:28:05.151 [http-nio-8090-exec-6] INFO  kr.co.moocl.dao.UsersDao - Oracle에서 UserInfo 가져옴 : UsersVo [userNo=220, email=ippowe@naver.com, password=123456789!a, gender=F, age=4, nickName=ippowe]
2018-04-17 11:28:05.151 [http-nio-8090-exec-6] INFO  kr.co.moocl.service.UsersService - usersDao에서 userInfo 가져옴 : UsersVo [userNo=220, email=ippowe@naver.com, password=123456789!a, gender=F, age=4, nickName=ippowe]
2018-04-17 11:28:05.151 [http-nio-8090-exec-6] INFO  kr.co.moocl.service.UsersService - 이메일 중복 O
2018-04-17 11:28:05.151 [http-nio-8090-exec-6] INFO  k.c.m.r.UsersRestController - 로그인 Service에서 결과 가져옴 : false
2018-04-17 11:28:13.317 [http-nio-8090-exec-10] INFO  k.c.m.r.UsersRestController - checkEmail 진입 userEmail : {email=jae7415@gmail.co.kr}
2018-04-17 11:28:13.321 [http-nio-8090-exec-10] INFO  kr.co.moocl.service.UsersService - UsersService.checkEmail 진입 UserVo : {email=jae7415@gmail.co.kr}
2018-04-17 11:28:13.327 [http-nio-8090-exec-10] INFO  kr.co.moocl.dao.UsersDao - UsersDao.getUserInfoByEmail 진입 userEmail: jae7415@gmail.co.kr
2018-04-17 11:28:13.328 [http-nio-8090-exec-10] INFO  kr.co.moocl.dao.UsersDao - Oracle에서 UserInfo 가져옴 : null
2018-04-17 11:28:13.334 [http-nio-8090-exec-10] INFO  kr.co.moocl.service.UsersService - usersDao에서 userInfo 가져옴 : null
2018-04-17 11:28:13.334 [http-nio-8090-exec-10] INFO  k.c.m.r.UsersRestController - 로그인 Service에서 결과 가져옴 : true
2018-04-17 14:25:10.811 [RMI TCP Connection(2)-127.0.0.1] INFO  o.s.b.a.SpringApplicationAdminMXBeanRegistrar$SpringApplicationAdmin - Application shutdown requested.
2018-04-17 14:25:10.816 [RMI TCP Connection(2)-127.0.0.1] INFO  o.s.b.w.s.c.AnnotationConfigServletWebServerApplicationContext - Closing org.springframework.boot.web.servlet.context.AnnotationConfigServletWebServerApplicationContext@1573f9fc: startup date [Tue Apr 17 11:27:50 KST 2018]; root of context hierarchy
2018-04-17 14:25:10.846 [RMI TCP Connection(2)-127.0.0.1] INFO  o.s.j.e.a.AnnotationMBeanExporter - Unregistering JMX-exposed beans on shutdown
2018-04-17 14:25:10.848 [RMI TCP Connection(2)-127.0.0.1] INFO  o.s.j.e.a.AnnotationMBeanExporter - Unregistering JMX-exposed beans
2018-04-17 14:25:10.850 [RMI TCP Connection(2)-127.0.0.1] INFO  com.zaxxer.hikari.HikariDataSource - HikariPool-1 - Shutdown initiated...
2018-04-17 14:25:10.862 [RMI TCP Connection(2)-127.0.0.1] INFO  com.zaxxer.hikari.HikariDataSource - HikariPool-1 - Shutdown completed.
2018-04-17 16:34:11.254 [main] INFO  kr.co.moocl.MooclApplication - Starting MooclApplication on DESKTOP-1746CEU with PID 10012 (C:\Users\1\Desktop\Bit_Project\MooCl\Moocl\target\classes started by 1 in C:\Users\1\Desktop\Bit_Project\MooCl\Moocl)
2018-04-17 16:34:11.257 [main] INFO  kr.co.moocl.MooclApplication - No active profile set, falling back to default profiles: default
2018-04-17 16:34:11.285 [main] INFO  o.s.b.w.s.c.AnnotationConfigServletWebServerApplicationContext - Refreshing org.springframework.boot.web.servlet.context.AnnotationConfigServletWebServerApplicationContext@1573f9fc: startup date [Tue Apr 17 16:34:11 KST 2018]; root of context hierarchy
2018-04-17 16:34:11.631 [main] WARN  o.m.s.mapper.ClassPathMapperScanner - No MyBatis mapper was found in '[kr.co.moocl]' package. Please check your configuration.
2018-04-17 16:34:12.057 [main] INFO  o.s.b.w.e.tomcat.TomcatWebServer - Tomcat initialized with port(s): 8090 (http)
2018-04-17 16:34:12.072 [main] INFO  o.a.coyote.http11.Http11NioProtocol - Initializing ProtocolHandler ["http-nio-8090"]
2018-04-17 16:34:12.078 [main] INFO  o.a.catalina.core.StandardService - Starting service [Tomcat]
2018-04-17 16:34:12.078 [main] INFO  o.a.catalina.core.StandardEngine - Starting Servlet Engine: Apache Tomcat/8.5.29
2018-04-17 16:34:12.087 [localhost-startStop-1] INFO  o.a.c.core.AprLifecycleListener - The APR based Apache Tomcat Native library which allows optimal performance in production environments was not found on the java.library.path: [C:\Program Files\Java\jre1.8.0_161\bin;C:\WINDOWS\Sun\Java\bin;C:\WINDOWS\system32;C:\WINDOWS;C:/Program Files/Java/jre1.8.0_161/bin/server;C:/Program Files/Java/jre1.8.0_161/bin;C:/Program Files/Java/jre1.8.0_161/lib/amd64;C:\oraclexe\app\oracle\product\11.2.0\server\bin;C:\ProgramData\Anaconda3;C:\ProgramData\Anaconda3\Library\mingw-w64\bin;C:\ProgramData\Anaconda3\Library\usr\bin;C:\ProgramData\Anaconda3\Library\bin;C:\ProgramData\Anaconda3\Scripts;C:\ProgramData\Oracle\Java\javapath;C:\Program Files (x86)\Intel\iCLS Client\;C:\Program Files\Intel\iCLS Client\;C:\WINDOWS\system32;C:\WINDOWS;C:\WINDOWS\System32\Wbem;C:\WINDOWS\System32\WindowsPowerShell\v1.0\;C:\Program Files (x86)\Intel\Intel(R) Management Engine Components\DAL;C:\Program Files\Intel\Intel(R) Management Engine Components\DAL;C:\Program Files (x86)\Intel\Intel(R) Management Engine Components\IPT;C:\Program Files\Intel\Intel(R) Management Engine Components\IPT;C:\Program Files\Java\jdk1.8.0_161\bin;C:\Program Files\MongoDB\Server\3.6\bin;C:\Program Files\nodejs\;C:\Program Files\Git\cmd;C:\Users\1\AppData\Local\Microsoft\WindowsApps;C:\Program Files\Bandizip\;C:\Users\1\AppData\Local\atom\bin;C:\Program Files\Microsoft VS Code\bin;C:\Users\1\AppData\Roaming\npm;C:\Users\1\eclipse\jee-oxygen\eclipse;;.]
2018-04-17 16:34:12.152 [localhost-startStop-1] INFO  o.a.c.c.C.[Tomcat].[localhost].[/] - Initializing Spring embedded WebApplicationContext
2018-04-17 16:34:12.152 [localhost-startStop-1] INFO  o.s.web.context.ContextLoader - Root WebApplicationContext: initialization completed in 867 ms
2018-04-17 16:34:12.252 [localhost-startStop-1] INFO  o.s.b.w.s.ServletRegistrationBean - Servlet dispatcherServlet mapped to [/]
2018-04-17 16:34:12.255 [localhost-startStop-1] INFO  o.s.b.w.s.FilterRegistrationBean - Mapping filter: 'characterEncodingFilter' to: [/*]
2018-04-17 16:34:12.256 [localhost-startStop-1] INFO  o.s.b.w.s.FilterRegistrationBean - Mapping filter: 'hiddenHttpMethodFilter' to: [/*]
2018-04-17 16:34:12.256 [localhost-startStop-1] INFO  o.s.b.w.s.FilterRegistrationBean - Mapping filter: 'httpPutFormContentFilter' to: [/*]
2018-04-17 16:34:12.256 [localhost-startStop-1] INFO  o.s.b.w.s.FilterRegistrationBean - Mapping filter: 'requestContextFilter' to: [/*]
2018-04-17 16:34:12.506 [main] INFO  o.s.w.s.h.SimpleUrlHandlerMapping - Mapped URL path [/**/favicon.ico] onto handler of type [class org.springframework.web.servlet.resource.ResourceHttpRequestHandler]
2018-04-17 16:34:12.641 [main] INFO  o.s.w.s.m.m.a.RequestMappingHandlerAdapter - Looking for @ControllerAdvice: org.springframework.boot.web.servlet.context.AnnotationConfigServletWebServerApplicationContext@1573f9fc: startup date [Tue Apr 17 16:34:11 KST 2018]; root of context hierarchy
2018-04-17 16:34:12.682 [main] INFO  o.s.w.s.m.m.a.RequestMappingHandlerMapping - Mapped "{[/]}" onto public java.lang.String kr.co.moocl.controller.MainController.index()
2018-04-17 16:34:12.686 [main] INFO  o.s.w.s.m.m.a.RequestMappingHandlerMapping - Mapped "{[/api/join]}" onto public java.lang.Boolean kr.co.moocl.restcontroller.UsersRestController.joinUser(java.util.Map<java.lang.String, java.lang.Object>)
2018-04-17 16:34:12.687 [main] INFO  o.s.w.s.m.m.a.RequestMappingHandlerMapping - Mapped "{[/api/login]}" onto public java.lang.Boolean kr.co.moocl.restcontroller.UsersRestController.login(java.util.Map<java.lang.String, java.lang.String>)
2018-04-17 16:34:12.687 [main] INFO  o.s.w.s.m.m.a.RequestMappingHandlerMapping - Mapped "{[/api/checkEmail]}" onto public java.lang.Boolean kr.co.moocl.restcontroller.UsersRestController.checkEmail(java.util.Map<java.lang.String, java.lang.String>)
2018-04-17 16:34:12.689 [main] INFO  o.s.w.s.m.m.a.RequestMappingHandlerMapping - Mapped "{[/error]}" onto public org.springframework.http.ResponseEntity<java.util.Map<java.lang.String, java.lang.Object>> org.springframework.boot.autoconfigure.web.servlet.error.BasicErrorController.error(javax.servlet.http.HttpServletRequest)
2018-04-17 16:34:12.689 [main] INFO  o.s.w.s.m.m.a.RequestMappingHandlerMapping - Mapped "{[/error],produces=[text/html]}" onto public org.springframework.web.servlet.ModelAndView org.springframework.boot.autoconfigure.web.servlet.error.BasicErrorController.errorHtml(javax.servlet.http.HttpServletRequest,javax.servlet.http.HttpServletResponse)
2018-04-17 16:34:12.723 [main] INFO  o.s.w.s.h.SimpleUrlHandlerMapping - Mapped URL path [/webjars/**] onto handler of type [class org.springframework.web.servlet.resource.ResourceHttpRequestHandler]
2018-04-17 16:34:12.724 [main] INFO  o.s.w.s.h.SimpleUrlHandlerMapping - Mapped URL path [/**] onto handler of type [class org.springframework.web.servlet.resource.ResourceHttpRequestHandler]
2018-04-17 16:34:12.795 [main] INFO  o.s.b.a.w.s.WelcomePageHandlerMapping - Adding welcome page template: index
2018-04-17 16:34:12.994 [main] INFO  o.s.j.e.a.AnnotationMBeanExporter - Registering beans for JMX exposure on startup
2018-04-17 16:34:12.995 [main] INFO  o.s.j.e.a.AnnotationMBeanExporter - Bean with name 'dataSource' has been autodetected for JMX exposure
2018-04-17 16:34:12.999 [main] INFO  o.s.j.e.a.AnnotationMBeanExporter - Located MBean 'dataSource': registering with JMX server as MBean [com.zaxxer.hikari:name=dataSource,type=HikariDataSource]
2018-04-17 16:34:13.008 [main] INFO  o.a.coyote.http11.Http11NioProtocol - Starting ProtocolHandler ["http-nio-8090"]
2018-04-17 16:34:13.015 [main] INFO  o.a.tomcat.util.net.NioSelectorPool - Using a shared selector for servlet write/read
2018-04-17 16:34:13.030 [main] INFO  o.s.b.w.e.tomcat.TomcatWebServer - Tomcat started on port(s): 8090 (http) with context path ''
2018-04-17 16:34:13.032 [main] INFO  kr.co.moocl.MooclApplication - Started MooclApplication in 2.086 seconds (JVM running for 2.633)
2018-04-17 16:34:27.311 [http-nio-8090-exec-1] INFO  o.a.c.c.C.[Tomcat].[localhost].[/] - Initializing Spring FrameworkServlet 'dispatcherServlet'
2018-04-17 16:34:27.318 [http-nio-8090-exec-1] INFO  o.s.web.servlet.DispatcherServlet - FrameworkServlet 'dispatcherServlet': initialization started
2018-04-17 16:34:27.339 [http-nio-8090-exec-1] INFO  o.s.web.servlet.DispatcherServlet - FrameworkServlet 'dispatcherServlet': initialization completed in 15 ms
2018-04-17 16:39:05.450 [RMI TCP Connection(2)-127.0.0.1] INFO  o.s.b.a.SpringApplicationAdminMXBeanRegistrar$SpringApplicationAdmin - Application shutdown requested.
2018-04-17 16:39:05.451 [RMI TCP Connection(2)-127.0.0.1] INFO  o.s.b.w.s.c.AnnotationConfigServletWebServerApplicationContext - Closing org.springframework.boot.web.servlet.context.AnnotationConfigServletWebServerApplicationContext@1573f9fc: startup date [Tue Apr 17 16:34:11 KST 2018]; root of context hierarchy
2018-04-17 16:39:05.458 [RMI TCP Connection(2)-127.0.0.1] INFO  o.s.j.e.a.AnnotationMBeanExporter - Unregistering JMX-exposed beans on shutdown
2018-04-17 16:39:05.464 [RMI TCP Connection(2)-127.0.0.1] INFO  o.s.j.e.a.AnnotationMBeanExporter - Unregistering JMX-exposed beans
