2018-05-30 09:06:40.566 [RMI TCP Connection(827)-127.0.0.1] INFO  o.s.b.a.SpringApplicationAdminMXBeanRegistrar$SpringApplicationAdmin - Application shutdown requested.
2018-05-30 09:06:40.570 [RMI TCP Connection(827)-127.0.0.1] INFO  o.s.b.w.s.c.AnnotationConfigServletWebServerApplicationContext - Closing org.springframework.boot.web.servlet.context.AnnotationConfigServletWebServerApplicationContext@77c2494c: startup date [Tue May 29 19:28:56 KST 2018]; root of context hierarchy
2018-05-30 09:06:40.572 [RMI TCP Connection(827)-127.0.0.1] INFO  o.s.j.e.a.AnnotationMBeanExporter - Unregistering JMX-exposed beans on shutdown
2018-05-30 09:06:40.576 [RMI TCP Connection(827)-127.0.0.1] INFO  o.s.j.e.a.AnnotationMBeanExporter - Unregistering JMX-exposed beans
2018-05-30 09:06:40.578 [RMI TCP Connection(827)-127.0.0.1] INFO  org.mongodb.driver.connection - Closed connection [connectionId{localValue:2, serverValue:528}] to 192.168.1.56:27017 because the pool has been closed.
2018-05-30 09:06:45.109 [main] INFO  kr.co.moocl.MooclApplication - Starting MooclApplication on DESKTOP-7A6E06E with PID 5172 (C:\Users\bit\MooCl\Moocl\target\classes started by bit in C:\Users\bit\MooCl\Moocl)
2018-05-30 09:06:45.112 [main] INFO  kr.co.moocl.MooclApplication - No active profile set, falling back to default profiles: default
2018-05-30 09:06:45.145 [main] INFO  o.s.b.w.s.c.AnnotationConfigServletWebServerApplicationContext - Refreshing org.springframework.boot.web.servlet.context.AnnotationConfigServletWebServerApplicationContext@77c2494c: startup date [Wed May 30 09:06:45 KST 2018]; root of context hierarchy
2018-05-30 09:06:45.548 [main] WARN  o.m.s.mapper.ClassPathMapperScanner - No MyBatis mapper was found in '[kr.co.moocl]' package. Please check your configuration.
2018-05-30 09:06:45.864 [main] INFO  o.s.c.s.PostProcessorRegistrationDelegate$BeanPostProcessorChecker - Bean 'org.springframework.transaction.annotation.ProxyTransactionManagementConfiguration' of type [org.springframework.transaction.annotation.ProxyTransactionManagementConfiguration$$EnhancerBySpringCGLIB$$e6d1fd7a] is not eligible for getting processed by all BeanPostProcessors (for example: not eligible for auto-proxying)
2018-05-30 09:06:46.105 [main] INFO  o.s.b.w.e.tomcat.TomcatWebServer - Tomcat initialized with port(s): 8090 (http)
2018-05-30 09:06:46.114 [main] INFO  o.a.coyote.http11.Http11NioProtocol - Initializing ProtocolHandler ["http-nio-8090"]
2018-05-30 09:06:46.120 [main] INFO  o.a.catalina.core.StandardService - Starting service [Tomcat]
2018-05-30 09:06:46.121 [main] INFO  o.a.catalina.core.StandardEngine - Starting Servlet Engine: Apache Tomcat/8.5.29
2018-05-30 09:06:46.125 [localhost-startStop-1] INFO  o.a.c.core.AprLifecycleListener - The APR based Apache Tomcat Native library which allows optimal performance in production environments was not found on the java.library.path: [C:\Program Files\Java\jre1.8.0_161\bin;C:\WINDOWS\Sun\Java\bin;C:\WINDOWS\system32;C:\WINDOWS;C:/Program Files/Java/jre1.8.0_161/bin/server;C:/Program Files/Java/jre1.8.0_161/bin;C:/Program Files/Java/jre1.8.0_161/lib/amd64;C:\ProgramData\Anaconda3;C:\ProgramData\Anaconda3\Library\mingw-w64\bin;C:\ProgramData\Anaconda3\Library\usr\bin;C:\ProgramData\Anaconda3\Library\bin;C:\ProgramData\Anaconda3\Scripts;C:\ProgramData\Oracle\Java\javapath;C:\Program Files (x86)\Intel\iCLS Client\;C:\Program Files\Intel\iCLS Client\;C:\WINDOWS\system32;C:\WINDOWS;C:\WINDOWS\System32\Wbem;C:\WINDOWS\System32\WindowsPowerShell\v1.0\;C:\Program Files (x86)\Intel\Intel(R) Management Engine Components\DAL;C:\Program Files\Intel\Intel(R) Management Engine Components\DAL;C:\Program Files (x86)\Intel\Intel(R) Management Engine Components\IPT;C:\Program Files\Intel\Intel(R) Management Engine Components\IPT;C:\Program Files\Java\jdk1.8.0_161\bin;C:\Program Files\MongoDB\Server\3.4\bin;C:\Program Files\Git\cmd;C:\Program Files\nodejs\;C:\WINDOWS\System32\OpenSSH\;C:\Users\bit\AppData\Local\Microsoft\WindowsApps;C:\Program Files\Microsoft VS Code\bin;C:\Users\bit\AppData\Roaming\npm;C:\Users\bit\AppData\Local\atom\bin;%USERPROFILE%\AppData\Local\Microsoft\WindowsApps;;C:\Users\bit\Downloads\eclipse-jee-oxygen-3-win32-x86_64\eclipse;;.]
2018-05-30 09:06:46.203 [localhost-startStop-1] INFO  o.a.c.c.C.[Tomcat].[localhost].[/] - Initializing Spring embedded WebApplicationContext
2018-05-30 09:06:46.204 [localhost-startStop-1] INFO  o.s.web.context.ContextLoader - Root WebApplicationContext: initialization completed in 1060 ms
2018-05-30 09:06:46.317 [localhost-startStop-1] INFO  o.s.b.w.s.ServletRegistrationBean - Servlet dispatcherServlet mapped to [/]
2018-05-30 09:06:46.320 [localhost-startStop-1] INFO  o.s.b.w.s.FilterRegistrationBean - Mapping filter: 'characterEncodingFilter' to: [/*]
2018-05-30 09:06:46.321 [localhost-startStop-1] INFO  o.s.b.w.s.FilterRegistrationBean - Mapping filter: 'hiddenHttpMethodFilter' to: [/*]
2018-05-30 09:06:46.321 [localhost-startStop-1] INFO  o.s.b.w.s.FilterRegistrationBean - Mapping filter: 'httpPutFormContentFilter' to: [/*]
2018-05-30 09:06:46.321 [localhost-startStop-1] INFO  o.s.b.w.s.FilterRegistrationBean - Mapping filter: 'requestContextFilter' to: [/*]
2018-05-30 09:06:46.534 [main] INFO  org.mongodb.driver.cluster - Cluster created with settings {hosts=[192.168.1.56:27017], mode=SINGLE, requiredClusterType=UNKNOWN, serverSelectionTimeout='30000 ms', maxWaitQueueSize=500}
2018-05-30 09:06:46.575 [cluster-ClusterId{value='5b0deb167f197314343f5646', description='null'}-192.168.1.56:27017] INFO  org.mongodb.driver.connection - Opened connection [connectionId{localValue:1, serverValue:552}] to 192.168.1.56:27017
2018-05-30 09:06:46.577 [cluster-ClusterId{value='5b0deb167f197314343f5646', description='null'}-192.168.1.56:27017] INFO  org.mongodb.driver.cluster - Monitor thread successfully connected to server with description ServerDescription{address=192.168.1.56:27017, type=STANDALONE, state=CONNECTED, ok=true, version=ServerVersion{versionList=[3, 4, 1]}, minWireVersion=0, maxWireVersion=5, maxDocumentSize=16777216, logicalSessionTimeoutMinutes=null, roundTripTimeNanos=854936}
2018-05-30 09:06:47.141 [main] INFO  o.s.w.s.h.SimpleUrlHandlerMapping - Mapped URL path [/**/favicon.ico] onto handler of type [class org.springframework.web.servlet.resource.ResourceHttpRequestHandler]
2018-05-30 09:06:47.391 [main] INFO  o.s.w.s.m.m.a.RequestMappingHandlerAdapter - Looking for @ControllerAdvice: org.springframework.boot.web.servlet.context.AnnotationConfigServletWebServerApplicationContext@77c2494c: startup date [Wed May 30 09:06:45 KST 2018]; root of context hierarchy
2018-05-30 09:06:47.443 [main] INFO  o.s.w.s.m.m.a.RequestMappingHandlerMapping - Mapped "{[/]}" onto public java.lang.String kr.co.moocl.controller.MainController.index()
2018-05-30 09:06:47.446 [main] INFO  o.s.w.s.m.m.a.RequestMappingHandlerMapping - Mapped "{[/api/delreview],methods=[POST]}" onto public int kr.co.moocl.restcontroller.aReviewSearchRestController.delReview(java.util.Map<java.lang.String, java.lang.Object>)
2018-05-30 09:06:47.448 [main] INFO  o.s.w.s.m.m.a.RequestMappingHandlerMapping - Mapped "{[/api/reviewsearch],methods=[POST]}" onto public java.util.List<kr.co.moocl.vo.ReviewVo> kr.co.moocl.restcontroller.aReviewSearchRestController.reviewSearch(java.util.Map<java.lang.String, java.lang.Object>)
2018-05-30 09:06:47.448 [main] INFO  o.s.w.s.m.m.a.RequestMappingHandlerMapping - Mapped "{[/api/test]}" onto public java.util.List<org.springframework.data.mongodb.core.mapping.Document> kr.co.moocl.restcontroller.MainRestController.testController()
2018-05-30 09:06:47.449 [main] INFO  o.s.w.s.m.m.a.RequestMappingHandlerMapping - Mapped "{[/api/detailinfo],methods=[GET]}" onto public kr.co.moocl.vo.InteMovieVo kr.co.moocl.restcontroller.MainRestController.detailInfo(java.lang.String)
2018-05-30 09:06:47.450 [main] INFO  o.s.w.s.m.m.a.RequestMappingHandlerMapping - Mapped "{[/api/delfavmovie],methods=[POST]}" onto public int kr.co.moocl.restcontroller.MyPageFavController.deleteFavMovie(java.util.Map<java.lang.String, java.lang.String>)
2018-05-30 09:06:47.452 [main] INFO  o.s.w.s.m.m.a.RequestMappingHandlerMapping - Mapped "{[/api/addfavpeople],methods=[POST]}" onto public int kr.co.moocl.restcontroller.MyPageFavController.addFavPeople(java.util.Map<java.lang.String, java.lang.String>)
2018-05-30 09:06:47.452 [main] INFO  o.s.w.s.m.m.a.RequestMappingHandlerMapping - Mapped "{[/api/favdata],methods=[GET]}" onto public java.util.Map<java.lang.String, java.lang.Object> kr.co.moocl.restcontroller.MyPageFavController.myPageData(java.lang.String)
2018-05-30 09:06:47.453 [main] INFO  o.s.w.s.m.m.a.RequestMappingHandlerMapping - Mapped "{[/api/addfavmovie],methods=[POST]}" onto public int kr.co.moocl.restcontroller.MyPageFavController.addFavMovie(java.util.Map<java.lang.String, java.lang.String>)
2018-05-30 09:06:47.453 [main] INFO  o.s.w.s.m.m.a.RequestMappingHandlerMapping - Mapped "{[/api/delfavpeople],methods=[POST]}" onto public int kr.co.moocl.restcontroller.MyPageFavController.deleteFavPeople(java.util.Map<java.lang.String, java.lang.String>)
2018-05-30 09:06:47.455 [main] INFO  o.s.w.s.m.m.a.RequestMappingHandlerMapping - Mapped "{[/api/favlist],methods=[GET]}" onto public java.util.Map<java.lang.String, java.util.List<java.lang.String>> kr.co.moocl.restcontroller.MyPageFavController.showFavMovie(java.lang.String)
2018-05-30 09:06:47.455 [main] INFO  o.s.w.s.m.m.a.RequestMappingHandlerMapping - Mapped "{[/api/removie],methods=[POST]}" onto public java.util.List<kr.co.moocl.vo.InteMovieVo> kr.co.moocl.restcontroller.PersonController.relatedMovies(java.util.Map<java.lang.String, java.lang.Object>)
2018-05-30 09:06:47.458 [main] INFO  o.s.w.s.m.m.a.RequestMappingHandlerMapping - Mapped "{[/api/saveReview],methods=[POST]}" onto public java.lang.String kr.co.moocl.restcontroller.ReviewRestController.saveReview(java.util.Map<java.lang.String, java.lang.String>)
2018-05-30 09:06:47.458 [main] INFO  o.s.w.s.m.m.a.RequestMappingHandlerMapping - Mapped "{[/api/reviewtest]}" onto public java.util.List<kr.co.moocl.vo.ReviewVo> kr.co.moocl.restcontroller.ReviewRestController.testReview()
2018-05-30 09:06:47.458 [main] INFO  o.s.w.s.m.m.a.RequestMappingHandlerMapping - Mapped "{[/api/reviewcount]}" onto public java.lang.Object kr.co.moocl.restcontroller.ReviewRestController.CountingReview(javax.servlet.http.HttpServletRequest)
2018-05-30 09:06:47.458 [main] INFO  o.s.w.s.m.m.a.RequestMappingHandlerMapping - Mapped "{[/api/reviewlist]}" onto public java.util.List<kr.co.moocl.vo.ReviewVo> kr.co.moocl.restcontroller.ReviewRestController.getReviewList(javax.servlet.http.HttpServletRequest)
2018-05-30 09:06:47.460 [main] INFO  o.s.w.s.m.m.a.RequestMappingHandlerMapping - Mapped "{[/api/search],methods=[GET]}" onto public java.util.List<java.util.Map<java.lang.String, java.lang.Object>> kr.co.moocl.restcontroller.SearchRestController.searchInteData(java.lang.String)
2018-05-30 09:06:47.461 [main] INFO  o.s.w.s.m.m.a.RequestMappingHandlerMapping - Mapped "{[/api/login]}" onto public java.util.Map<java.lang.String, java.lang.Object> kr.co.moocl.restcontroller.UsersRestController.login(java.util.Map<java.lang.String, java.lang.String>)
2018-05-30 09:06:47.461 [main] INFO  o.s.w.s.m.m.a.RequestMappingHandlerMapping - Mapped "{[/api/join]}" onto public java.lang.Boolean kr.co.moocl.restcontroller.UsersRestController.joinUser(java.util.Map<java.lang.String, java.lang.Object>)
2018-05-30 09:06:47.462 [main] INFO  o.s.w.s.m.m.a.RequestMappingHandlerMapping - Mapped "{[/api/checkEmail]}" onto public java.lang.Boolean kr.co.moocl.restcontroller.UsersRestController.checkEmail(java.util.Map<java.lang.String, java.lang.String>)
2018-05-30 09:06:47.462 [main] INFO  o.s.w.s.m.m.a.RequestMappingHandlerMapping - Mapped "{[/api/getWord]}" onto public java.util.List<org.springframework.data.mongodb.core.mapping.Document> kr.co.moocl.restcontroller.WordcloudRestController.getWordList(java.lang.String)
2018-05-30 09:06:47.464 [main] INFO  o.s.w.s.m.m.a.RequestMappingHandlerMapping - Mapped "{[/error]}" onto public org.springframework.http.ResponseEntity<java.util.Map<java.lang.String, java.lang.Object>> org.springframework.boot.autoconfigure.web.servlet.error.BasicErrorController.error(javax.servlet.http.HttpServletRequest)
2018-05-30 09:06:47.465 [main] INFO  o.s.w.s.m.m.a.RequestMappingHandlerMapping - Mapped "{[/error],produces=[text/html]}" onto public org.springframework.web.servlet.ModelAndView org.springframework.boot.autoconfigure.web.servlet.error.BasicErrorController.errorHtml(javax.servlet.http.HttpServletRequest,javax.servlet.http.HttpServletResponse)
2018-05-30 09:06:47.498 [main] INFO  o.s.w.s.h.SimpleUrlHandlerMapping - Mapped URL path [/webjars/**] onto handler of type [class org.springframework.web.servlet.resource.ResourceHttpRequestHandler]
2018-05-30 09:06:47.498 [main] INFO  o.s.w.s.h.SimpleUrlHandlerMapping - Mapped URL path [/**] onto handler of type [class org.springframework.web.servlet.resource.ResourceHttpRequestHandler]
2018-05-30 09:06:47.597 [main] INFO  o.s.b.a.w.s.WelcomePageHandlerMapping - Adding welcome page template: index
2018-05-30 09:06:47.808 [main] INFO  o.s.j.e.a.AnnotationMBeanExporter - Registering beans for JMX exposure on startup
2018-05-30 09:06:47.809 [main] INFO  o.s.j.e.a.AnnotationMBeanExporter - Bean with name 'dataSource' has been autodetected for JMX exposure
2018-05-30 09:06:47.813 [main] INFO  o.s.j.e.a.AnnotationMBeanExporter - Located MBean 'dataSource': registering with JMX server as MBean [com.zaxxer.hikari:name=dataSource,type=HikariDataSource]
2018-05-30 09:06:47.825 [main] INFO  o.a.coyote.http11.Http11NioProtocol - Starting ProtocolHandler ["http-nio-8090"]
2018-05-30 09:06:47.832 [main] INFO  o.a.tomcat.util.net.NioSelectorPool - Using a shared selector for servlet write/read
2018-05-30 09:06:47.847 [main] INFO  o.s.b.w.e.tomcat.TomcatWebServer - Tomcat started on port(s): 8090 (http) with context path ''
2018-05-30 09:06:47.849 [main] INFO  kr.co.moocl.MooclApplication - Started MooclApplication in 3.062 seconds (JVM running for 3.537)
2018-05-30 09:07:17.723 [http-nio-8090-exec-1] INFO  o.a.c.c.C.[Tomcat].[localhost].[/] - Initializing Spring FrameworkServlet 'dispatcherServlet'
2018-05-30 09:07:17.724 [http-nio-8090-exec-1] INFO  o.s.web.servlet.DispatcherServlet - FrameworkServlet 'dispatcherServlet': initialization started
2018-05-30 09:07:17.740 [http-nio-8090-exec-1] INFO  o.s.web.servlet.DispatcherServlet - FrameworkServlet 'dispatcherServlet': initialization completed in 16 ms
2018-05-30 09:07:17.782 [http-nio-8090-exec-1] INFO  org.mongodb.driver.connection - Opened connection [connectionId{localValue:2, serverValue:553}] to 192.168.1.56:27017
2018-05-30 09:07:53.802 [RMI TCP Connection(8)-127.0.0.1] INFO  o.s.b.a.SpringApplicationAdminMXBeanRegistrar$SpringApplicationAdmin - Application shutdown requested.
2018-05-30 09:07:53.813 [RMI TCP Connection(8)-127.0.0.1] INFO  o.s.b.w.s.c.AnnotationConfigServletWebServerApplicationContext - Closing org.springframework.boot.web.servlet.context.AnnotationConfigServletWebServerApplicationContext@77c2494c: startup date [Wed May 30 09:06:45 KST 2018]; root of context hierarchy
2018-05-30 09:07:53.815 [RMI TCP Connection(8)-127.0.0.1] INFO  o.s.j.e.a.AnnotationMBeanExporter - Unregistering JMX-exposed beans on shutdown
2018-05-30 09:07:53.816 [RMI TCP Connection(8)-127.0.0.1] INFO  o.s.j.e.a.AnnotationMBeanExporter - Unregistering JMX-exposed beans
2018-05-30 09:07:53.819 [RMI TCP Connection(8)-127.0.0.1] INFO  org.mongodb.driver.connection - Closed connection [connectionId{localValue:2, serverValue:553}] to 192.168.1.56:27017 because the pool has been closed.
2018-05-30 09:07:58.268 [main] INFO  kr.co.moocl.MooclApplication - Starting MooclApplication on DESKTOP-7A6E06E with PID 8104 (C:\Users\bit\MooCl\Moocl\target\classes started by bit in C:\Users\bit\MooCl\Moocl)
2018-05-30 09:07:58.271 [main] INFO  kr.co.moocl.MooclApplication - No active profile set, falling back to default profiles: default
2018-05-30 09:07:58.302 [main] INFO  o.s.b.w.s.c.AnnotationConfigServletWebServerApplicationContext - Refreshing org.springframework.boot.web.servlet.context.AnnotationConfigServletWebServerApplicationContext@77c2494c: startup date [Wed May 30 09:07:58 KST 2018]; root of context hierarchy
2018-05-30 09:07:58.705 [main] WARN  o.m.s.mapper.ClassPathMapperScanner - No MyBatis mapper was found in '[kr.co.moocl]' package. Please check your configuration.
2018-05-30 09:07:59.017 [main] INFO  o.s.c.s.PostProcessorRegistrationDelegate$BeanPostProcessorChecker - Bean 'org.springframework.transaction.annotation.ProxyTransactionManagementConfiguration' of type [org.springframework.transaction.annotation.ProxyTransactionManagementConfiguration$$EnhancerBySpringCGLIB$$c1e142d9] is not eligible for getting processed by all BeanPostProcessors (for example: not eligible for auto-proxying)
2018-05-30 09:07:59.238 [main] INFO  o.s.b.w.e.tomcat.TomcatWebServer - Tomcat initialized with port(s): 8090 (http)
2018-05-30 09:07:59.248 [main] INFO  o.a.coyote.http11.Http11NioProtocol - Initializing ProtocolHandler ["http-nio-8090"]
2018-05-30 09:07:59.255 [main] INFO  o.a.catalina.core.StandardService - Starting service [Tomcat]
2018-05-30 09:07:59.255 [main] INFO  o.a.catalina.core.StandardEngine - Starting Servlet Engine: Apache Tomcat/8.5.29
2018-05-30 09:07:59.259 [localhost-startStop-1] INFO  o.a.c.core.AprLifecycleListener - The APR based Apache Tomcat Native library which allows optimal performance in production environments was not found on the java.library.path: [C:\Program Files\Java\jre1.8.0_161\bin;C:\WINDOWS\Sun\Java\bin;C:\WINDOWS\system32;C:\WINDOWS;C:/Program Files/Java/jre1.8.0_161/bin/server;C:/Program Files/Java/jre1.8.0_161/bin;C:/Program Files/Java/jre1.8.0_161/lib/amd64;C:\ProgramData\Anaconda3;C:\ProgramData\Anaconda3\Library\mingw-w64\bin;C:\ProgramData\Anaconda3\Library\usr\bin;C:\ProgramData\Anaconda3\Library\bin;C:\ProgramData\Anaconda3\Scripts;C:\ProgramData\Oracle\Java\javapath;C:\Program Files (x86)\Intel\iCLS Client\;C:\Program Files\Intel\iCLS Client\;C:\WINDOWS\system32;C:\WINDOWS;C:\WINDOWS\System32\Wbem;C:\WINDOWS\System32\WindowsPowerShell\v1.0\;C:\Program Files (x86)\Intel\Intel(R) Management Engine Components\DAL;C:\Program Files\Intel\Intel(R) Management Engine Components\DAL;C:\Program Files (x86)\Intel\Intel(R) Management Engine Components\IPT;C:\Program Files\Intel\Intel(R) Management Engine Components\IPT;C:\Program Files\Java\jdk1.8.0_161\bin;C:\Program Files\MongoDB\Server\3.4\bin;C:\Program Files\Git\cmd;C:\Program Files\nodejs\;C:\WINDOWS\System32\OpenSSH\;C:\Users\bit\AppData\Local\Microsoft\WindowsApps;C:\Program Files\Microsoft VS Code\bin;C:\Users\bit\AppData\Roaming\npm;C:\Users\bit\AppData\Local\atom\bin;%USERPROFILE%\AppData\Local\Microsoft\WindowsApps;;C:\Users\bit\Downloads\eclipse-jee-oxygen-3-win32-x86_64\eclipse;;.]
2018-05-30 09:07:59.334 [localhost-startStop-1] INFO  o.a.c.c.C.[Tomcat].[localhost].[/] - Initializing Spring embedded WebApplicationContext
2018-05-30 09:07:59.335 [localhost-startStop-1] INFO  o.s.web.context.ContextLoader - Root WebApplicationContext: initialization completed in 1034 ms
2018-05-30 09:07:59.451 [localhost-startStop-1] INFO  o.s.b.w.s.ServletRegistrationBean - Servlet dispatcherServlet mapped to [/]
2018-05-30 09:07:59.454 [localhost-startStop-1] INFO  o.s.b.w.s.FilterRegistrationBean - Mapping filter: 'characterEncodingFilter' to: [/*]
2018-05-30 09:07:59.455 [localhost-startStop-1] INFO  o.s.b.w.s.FilterRegistrationBean - Mapping filter: 'hiddenHttpMethodFilter' to: [/*]
2018-05-30 09:07:59.455 [localhost-startStop-1] INFO  o.s.b.w.s.FilterRegistrationBean - Mapping filter: 'httpPutFormContentFilter' to: [/*]
2018-05-30 09:07:59.456 [localhost-startStop-1] INFO  o.s.b.w.s.FilterRegistrationBean - Mapping filter: 'requestContextFilter' to: [/*]
2018-05-30 09:07:59.674 [main] INFO  org.mongodb.driver.cluster - Cluster created with settings {hosts=[192.168.1.56:27017], mode=SINGLE, requiredClusterType=UNKNOWN, serverSelectionTimeout='30000 ms', maxWaitQueueSize=500}
2018-05-30 09:07:59.714 [cluster-ClusterId{value='5b0deb5f7f19731fa8320def', description='null'}-192.168.1.56:27017] INFO  org.mongodb.driver.connection - Opened connection [connectionId{localValue:1, serverValue:554}] to 192.168.1.56:27017
2018-05-30 09:07:59.716 [cluster-ClusterId{value='5b0deb5f7f19731fa8320def', description='null'}-192.168.1.56:27017] INFO  org.mongodb.driver.cluster - Monitor thread successfully connected to server with description ServerDescription{address=192.168.1.56:27017, type=STANDALONE, state=CONNECTED, ok=true, version=ServerVersion{versionList=[3, 4, 1]}, minWireVersion=0, maxWireVersion=5, maxDocumentSize=16777216, logicalSessionTimeoutMinutes=null, roundTripTimeNanos=804570}
2018-05-30 09:08:00.236 [main] INFO  o.s.w.s.h.SimpleUrlHandlerMapping - Mapped URL path [/**/favicon.ico] onto handler of type [class org.springframework.web.servlet.resource.ResourceHttpRequestHandler]
2018-05-30 09:08:00.434 [main] INFO  o.s.w.s.m.m.a.RequestMappingHandlerAdapter - Looking for @ControllerAdvice: org.springframework.boot.web.servlet.context.AnnotationConfigServletWebServerApplicationContext@77c2494c: startup date [Wed May 30 09:07:58 KST 2018]; root of context hierarchy
2018-05-30 09:08:00.477 [main] INFO  o.s.w.s.m.m.a.RequestMappingHandlerMapping - Mapped "{[/]}" onto public java.lang.String kr.co.moocl.controller.MainController.index()
2018-05-30 09:08:00.479 [main] INFO  o.s.w.s.m.m.a.RequestMappingHandlerMapping - Mapped "{[/api/delreview],methods=[POST]}" onto public int kr.co.moocl.restcontroller.aReviewSearchRestController.delReview(java.util.Map<java.lang.String, java.lang.Object>)
2018-05-30 09:08:00.480 [main] INFO  o.s.w.s.m.m.a.RequestMappingHandlerMapping - Mapped "{[/api/reviewsearch],methods=[POST]}" onto public java.util.List<kr.co.moocl.vo.ReviewVo> kr.co.moocl.restcontroller.aReviewSearchRestController.reviewSearch(java.util.Map<java.lang.String, java.lang.Object>)
2018-05-30 09:08:00.481 [main] INFO  o.s.w.s.m.m.a.RequestMappingHandlerMapping - Mapped "{[/api/detailinfo],methods=[GET]}" onto public kr.co.moocl.vo.InteMovieVo kr.co.moocl.restcontroller.MainRestController.detailInfo(java.lang.String)
2018-05-30 09:08:00.481 [main] INFO  o.s.w.s.m.m.a.RequestMappingHandlerMapping - Mapped "{[/api/test]}" onto public java.util.List<org.springframework.data.mongodb.core.mapping.Document> kr.co.moocl.restcontroller.MainRestController.testController()
2018-05-30 09:08:00.482 [main] INFO  o.s.w.s.m.m.a.RequestMappingHandlerMapping - Mapped "{[/api/delfavmovie],methods=[POST]}" onto public int kr.co.moocl.restcontroller.MyPageFavController.deleteFavMovie(java.util.Map<java.lang.String, java.lang.String>)
2018-05-30 09:08:00.483 [main] INFO  o.s.w.s.m.m.a.RequestMappingHandlerMapping - Mapped "{[/api/favlist],methods=[GET]}" onto public java.util.Map<java.lang.String, java.util.List<java.lang.String>> kr.co.moocl.restcontroller.MyPageFavController.showFavMovie(java.lang.String)
2018-05-30 09:08:00.483 [main] INFO  o.s.w.s.m.m.a.RequestMappingHandlerMapping - Mapped "{[/api/favdata],methods=[GET]}" onto public java.util.Map<java.lang.String, java.lang.Object> kr.co.moocl.restcontroller.MyPageFavController.myPageData(java.lang.String)
2018-05-30 09:08:00.484 [main] INFO  o.s.w.s.m.m.a.RequestMappingHandlerMapping - Mapped "{[/api/addfavmovie],methods=[POST]}" onto public int kr.co.moocl.restcontroller.MyPageFavController.addFavMovie(java.util.Map<java.lang.String, java.lang.String>)
2018-05-30 09:08:00.484 [main] INFO  o.s.w.s.m.m.a.RequestMappingHandlerMapping - Mapped "{[/api/addfavpeople],methods=[POST]}" onto public int kr.co.moocl.restcontroller.MyPageFavController.addFavPeople(java.util.Map<java.lang.String, java.lang.String>)
2018-05-30 09:08:00.485 [main] INFO  o.s.w.s.m.m.a.RequestMappingHandlerMapping - Mapped "{[/api/delfavpeople],methods=[POST]}" onto public int kr.co.moocl.restcontroller.MyPageFavController.deleteFavPeople(java.util.Map<java.lang.String, java.lang.String>)
2018-05-30 09:08:00.485 [main] INFO  o.s.w.s.m.m.a.RequestMappingHandlerMapping - Mapped "{[/api/removie],methods=[POST]}" onto public java.util.List<kr.co.moocl.vo.InteMovieVo> kr.co.moocl.restcontroller.PersonController.relatedMovies(java.util.Map<java.lang.String, java.lang.Object>)
2018-05-30 09:08:00.488 [main] INFO  o.s.w.s.m.m.a.RequestMappingHandlerMapping - Mapped "{[/api/saveReview],methods=[POST]}" onto public java.lang.String kr.co.moocl.restcontroller.ReviewRestController.saveReview(java.util.Map<java.lang.String, java.lang.String>)
2018-05-30 09:08:00.488 [main] INFO  o.s.w.s.m.m.a.RequestMappingHandlerMapping - Mapped "{[/api/reviewtest]}" onto public java.util.List<kr.co.moocl.vo.ReviewVo> kr.co.moocl.restcontroller.ReviewRestController.testReview()
2018-05-30 09:08:00.488 [main] INFO  o.s.w.s.m.m.a.RequestMappingHandlerMapping - Mapped "{[/api/reviewcount]}" onto public java.lang.Object kr.co.moocl.restcontroller.ReviewRestController.CountingReview(javax.servlet.http.HttpServletRequest)
2018-05-30 09:08:00.489 [main] INFO  o.s.w.s.m.m.a.RequestMappingHandlerMapping - Mapped "{[/api/reviewlist]}" onto public java.util.List<kr.co.moocl.vo.ReviewVo> kr.co.moocl.restcontroller.ReviewRestController.getReviewList(javax.servlet.http.HttpServletRequest)
2018-05-30 09:08:00.491 [main] INFO  o.s.w.s.m.m.a.RequestMappingHandlerMapping - Mapped "{[/api/search],methods=[GET]}" onto public java.util.List<java.util.Map<java.lang.String, java.lang.Object>> kr.co.moocl.restcontroller.SearchRestController.searchInteData(java.lang.String)
2018-05-30 09:08:00.492 [main] INFO  o.s.w.s.m.m.a.RequestMappingHandlerMapping - Mapped "{[/api/checkEmail]}" onto public java.lang.Boolean kr.co.moocl.restcontroller.UsersRestController.checkEmail(java.util.Map<java.lang.String, java.lang.String>)
2018-05-30 09:08:00.492 [main] INFO  o.s.w.s.m.m.a.RequestMappingHandlerMapping - Mapped "{[/api/join]}" onto public java.lang.Boolean kr.co.moocl.restcontroller.UsersRestController.joinUser(java.util.Map<java.lang.String, java.lang.Object>)
2018-05-30 09:08:00.493 [main] INFO  o.s.w.s.m.m.a.RequestMappingHandlerMapping - Mapped "{[/api/login]}" onto public java.util.Map<java.lang.String, java.lang.Object> kr.co.moocl.restcontroller.UsersRestController.login(java.util.Map<java.lang.String, java.lang.String>)
2018-05-30 09:08:00.493 [main] INFO  o.s.w.s.m.m.a.RequestMappingHandlerMapping - Mapped "{[/api/getWord]}" onto public java.util.List<org.springframework.data.mongodb.core.mapping.Document> kr.co.moocl.restcontroller.WordcloudRestController.getWordList(java.lang.String)
2018-05-30 09:08:00.495 [main] INFO  o.s.w.s.m.m.a.RequestMappingHandlerMapping - Mapped "{[/error]}" onto public org.springframework.http.ResponseEntity<java.util.Map<java.lang.String, java.lang.Object>> org.springframework.boot.autoconfigure.web.servlet.error.BasicErrorController.error(javax.servlet.http.HttpServletRequest)
2018-05-30 09:08:00.495 [main] INFO  o.s.w.s.m.m.a.RequestMappingHandlerMapping - Mapped "{[/error],produces=[text/html]}" onto public org.springframework.web.servlet.ModelAndView org.springframework.boot.autoconfigure.web.servlet.error.BasicErrorController.errorHtml(javax.servlet.http.HttpServletRequest,javax.servlet.http.HttpServletResponse)
2018-05-30 09:08:00.523 [main] INFO  o.s.w.s.h.SimpleUrlHandlerMapping - Mapped URL path [/webjars/**] onto handler of type [class org.springframework.web.servlet.resource.ResourceHttpRequestHandler]
2018-05-30 09:08:00.523 [main] INFO  o.s.w.s.h.SimpleUrlHandlerMapping - Mapped URL path [/**] onto handler of type [class org.springframework.web.servlet.resource.ResourceHttpRequestHandler]
2018-05-30 09:08:00.609 [main] INFO  o.s.b.a.w.s.WelcomePageHandlerMapping - Adding welcome page template: index
2018-05-30 09:08:00.790 [main] INFO  o.s.j.e.a.AnnotationMBeanExporter - Registering beans for JMX exposure on startup
2018-05-30 09:08:00.792 [main] INFO  o.s.j.e.a.AnnotationMBeanExporter - Bean with name 'dataSource' has been autodetected for JMX exposure
2018-05-30 09:08:00.796 [main] INFO  o.s.j.e.a.AnnotationMBeanExporter - Located MBean 'dataSource': registering with JMX server as MBean [com.zaxxer.hikari:name=dataSource,type=HikariDataSource]
2018-05-30 09:08:00.804 [main] INFO  o.a.coyote.http11.Http11NioProtocol - Starting ProtocolHandler ["http-nio-8090"]
2018-05-30 09:08:00.811 [main] INFO  o.a.tomcat.util.net.NioSelectorPool - Using a shared selector for servlet write/read
2018-05-30 09:08:00.822 [main] INFO  o.s.b.w.e.tomcat.TomcatWebServer - Tomcat started on port(s): 8090 (http) with context path ''
2018-05-30 09:08:00.826 [main] INFO  kr.co.moocl.MooclApplication - Started MooclApplication in 2.864 seconds (JVM running for 3.325)
2018-05-30 09:08:03.766 [http-nio-8090-exec-1] INFO  o.a.c.c.C.[Tomcat].[localhost].[/] - Initializing Spring FrameworkServlet 'dispatcherServlet'
2018-05-30 09:08:03.767 [http-nio-8090-exec-1] INFO  o.s.web.servlet.DispatcherServlet - FrameworkServlet 'dispatcherServlet': initialization started
2018-05-30 09:08:03.783 [http-nio-8090-exec-1] INFO  o.s.web.servlet.DispatcherServlet - FrameworkServlet 'dispatcherServlet': initialization completed in 16 ms
2018-05-30 09:08:03.827 [http-nio-8090-exec-1] INFO  org.mongodb.driver.connection - Opened connection [connectionId{localValue:2, serverValue:555}] to 192.168.1.56:27017
