2018-04-19 09:20:03.234 [main] INFO  kr.co.moocl.MooclApplication - Starting MooclApplication on DESKTOP-1746CEU with PID 11244 (C:\Users\1\Desktop\Bit_Project\MooCl\Moocl\target\classes started by 1 in C:\Users\1\Desktop\Bit_Project\MooCl\Moocl)
2018-04-19 09:20:03.241 [main] INFO  kr.co.moocl.MooclApplication - No active profile set, falling back to default profiles: default
2018-04-19 09:20:03.272 [main] INFO  o.s.b.w.s.c.AnnotationConfigServletWebServerApplicationContext - Refreshing org.springframework.boot.web.servlet.context.AnnotationConfigServletWebServerApplicationContext@31190526: startup date [Thu Apr 19 09:20:03 KST 2018]; root of context hierarchy
2018-04-19 09:20:03.668 [main] WARN  o.m.s.mapper.ClassPathMapperScanner - No MyBatis mapper was found in '[kr.co.moocl]' package. Please check your configuration.
2018-04-19 09:20:03.974 [main] INFO  o.s.c.s.PostProcessorRegistrationDelegate$BeanPostProcessorChecker - Bean 'org.springframework.transaction.annotation.ProxyTransactionManagementConfiguration' of type [org.springframework.transaction.annotation.ProxyTransactionManagementConfiguration$$EnhancerBySpringCGLIB$$8f4b0dc7] is not eligible for getting processed by all BeanPostProcessors (for example: not eligible for auto-proxying)
2018-04-19 09:20:04.208 [main] INFO  o.s.b.w.e.tomcat.TomcatWebServer - Tomcat initialized with port(s): 8090 (http)
2018-04-19 09:20:04.228 [main] INFO  o.a.coyote.http11.Http11NioProtocol - Initializing ProtocolHandler ["http-nio-8090"]
2018-04-19 09:20:04.234 [main] INFO  o.a.catalina.core.StandardService - Starting service [Tomcat]
2018-04-19 09:20:04.234 [main] INFO  o.a.catalina.core.StandardEngine - Starting Servlet Engine: Apache Tomcat/8.5.29
2018-04-19 09:20:04.248 [localhost-startStop-1] INFO  o.a.c.core.AprLifecycleListener - The APR based Apache Tomcat Native library which allows optimal performance in production environments was not found on the java.library.path: [C:\Program Files\Java\jre1.8.0_161\bin;C:\WINDOWS\Sun\Java\bin;C:\WINDOWS\system32;C:\WINDOWS;C:/Program Files/Java/jre1.8.0_161/bin/server;C:/Program Files/Java/jre1.8.0_161/bin;C:/Program Files/Java/jre1.8.0_161/lib/amd64;C:\oraclexe\app\oracle\product\11.2.0\server\bin;C:\ProgramData\Anaconda3;C:\ProgramData\Anaconda3\Library\mingw-w64\bin;C:\ProgramData\Anaconda3\Library\usr\bin;C:\ProgramData\Anaconda3\Library\bin;C:\ProgramData\Anaconda3\Scripts;C:\ProgramData\Oracle\Java\javapath;C:\Program Files (x86)\Intel\iCLS Client\;C:\Program Files\Intel\iCLS Client\;C:\WINDOWS\system32;C:\WINDOWS;C:\WINDOWS\System32\Wbem;C:\WINDOWS\System32\WindowsPowerShell\v1.0\;C:\Program Files (x86)\Intel\Intel(R) Management Engine Components\DAL;C:\Program Files\Intel\Intel(R) Management Engine Components\DAL;C:\Program Files (x86)\Intel\Intel(R) Management Engine Components\IPT;C:\Program Files\Intel\Intel(R) Management Engine Components\IPT;C:\Program Files\Java\jdk1.8.0_161\bin;C:\Program Files\MongoDB\Server\3.6\bin;C:\Program Files\nodejs\;C:\Program Files\Git\cmd;C:\Users\1\AppData\Local\Microsoft\WindowsApps;C:\Program Files\Bandizip\;C:\Users\1\AppData\Local\atom\bin;C:\Program Files\Microsoft VS Code\bin;C:\Users\1\AppData\Roaming\npm;C:\Users\1\eclipse\jee-oxygen\eclipse;;.]
2018-04-19 09:20:04.325 [localhost-startStop-1] INFO  o.a.c.c.C.[Tomcat].[localhost].[/] - Initializing Spring embedded WebApplicationContext
2018-04-19 09:20:04.326 [localhost-startStop-1] INFO  o.s.web.context.ContextLoader - Root WebApplicationContext: initialization completed in 1054 ms
2018-04-19 09:20:04.428 [localhost-startStop-1] INFO  o.s.b.w.s.ServletRegistrationBean - Servlet dispatcherServlet mapped to [/]
2018-04-19 09:20:04.431 [localhost-startStop-1] INFO  o.s.b.w.s.FilterRegistrationBean - Mapping filter: 'characterEncodingFilter' to: [/*]
2018-04-19 09:20:04.432 [localhost-startStop-1] INFO  o.s.b.w.s.FilterRegistrationBean - Mapping filter: 'hiddenHttpMethodFilter' to: [/*]
2018-04-19 09:20:04.432 [localhost-startStop-1] INFO  o.s.b.w.s.FilterRegistrationBean - Mapping filter: 'httpPutFormContentFilter' to: [/*]
2018-04-19 09:20:04.432 [localhost-startStop-1] INFO  o.s.b.w.s.FilterRegistrationBean - Mapping filter: 'requestContextFilter' to: [/*]
2018-04-19 09:20:04.757 [main] INFO  org.mongodb.driver.cluster - Cluster created with settings {hosts=[192.168.1.56:27017], mode=SINGLE, requiredClusterType=UNKNOWN, serverSelectionTimeout='30000 ms', maxWaitQueueSize=500}
2018-04-19 09:20:04.806 [cluster-ClusterId{value='5ad7e0b4deb94b2bec575db4', description='null'}-192.168.1.56:27017] INFO  org.mongodb.driver.connection - Opened connection [connectionId{localValue:1, serverValue:328}] to 192.168.1.56:27017
2018-04-19 09:20:04.809 [cluster-ClusterId{value='5ad7e0b4deb94b2bec575db4', description='null'}-192.168.1.56:27017] INFO  org.mongodb.driver.cluster - Monitor thread successfully connected to server with description ServerDescription{address=192.168.1.56:27017, type=STANDALONE, state=CONNECTED, ok=true, version=ServerVersion{versionList=[3, 4, 1]}, minWireVersion=0, maxWireVersion=5, maxDocumentSize=16777216, logicalSessionTimeoutMinutes=null, roundTripTimeNanos=1568402}
2018-04-19 09:20:05.293 [main] INFO  o.s.w.s.h.SimpleUrlHandlerMapping - Mapped URL path [/**/favicon.ico] onto handler of type [class org.springframework.web.servlet.resource.ResourceHttpRequestHandler]
2018-04-19 09:20:05.477 [main] INFO  o.s.w.s.m.m.a.RequestMappingHandlerAdapter - Looking for @ControllerAdvice: org.springframework.boot.web.servlet.context.AnnotationConfigServletWebServerApplicationContext@31190526: startup date [Thu Apr 19 09:20:03 KST 2018]; root of context hierarchy
2018-04-19 09:20:05.530 [main] INFO  o.s.w.s.m.m.a.RequestMappingHandlerMapping - Mapped "{[/]}" onto public java.lang.String kr.co.moocl.controller.MainController.index()
2018-04-19 09:20:05.537 [main] INFO  o.s.w.s.m.m.a.RequestMappingHandlerMapping - Mapped "{[/test/mongo]}" onto public kr.co.moocl.vo.MongoVo kr.co.moocl.restcontroller.TestRestController.testMongoDB()
2018-04-19 09:20:05.537 [main] INFO  o.s.w.s.m.m.a.RequestMappingHandlerMapping - Mapped "{[/test/filmo]}" onto public void kr.co.moocl.restcontroller.TestRestController.filmoTest()
2018-04-19 09:20:05.543 [main] INFO  o.s.w.s.m.m.a.RequestMappingHandlerMapping - Mapped "{[/api/checkEmail]}" onto public java.lang.Boolean kr.co.moocl.restcontroller.UsersRestController.checkEmail(java.util.Map<java.lang.String, java.lang.String>)
2018-04-19 09:20:05.544 [main] INFO  o.s.w.s.m.m.a.RequestMappingHandlerMapping - Mapped "{[/api/join]}" onto public java.lang.Boolean kr.co.moocl.restcontroller.UsersRestController.joinUser(java.util.Map<java.lang.String, java.lang.Object>)
2018-04-19 09:20:05.544 [main] INFO  o.s.w.s.m.m.a.RequestMappingHandlerMapping - Mapped "{[/api/login]}" onto public java.lang.Boolean kr.co.moocl.restcontroller.UsersRestController.login(java.util.Map<java.lang.String, java.lang.String>)
2018-04-19 09:20:05.546 [main] INFO  o.s.w.s.m.m.a.RequestMappingHandlerMapping - Mapped "{[/error]}" onto public org.springframework.http.ResponseEntity<java.util.Map<java.lang.String, java.lang.Object>> org.springframework.boot.autoconfigure.web.servlet.error.BasicErrorController.error(javax.servlet.http.HttpServletRequest)
2018-04-19 09:20:05.548 [main] INFO  o.s.w.s.m.m.a.RequestMappingHandlerMapping - Mapped "{[/error],produces=[text/html]}" onto public org.springframework.web.servlet.ModelAndView org.springframework.boot.autoconfigure.web.servlet.error.BasicErrorController.errorHtml(javax.servlet.http.HttpServletRequest,javax.servlet.http.HttpServletResponse)
2018-04-19 09:20:05.577 [main] INFO  o.s.w.s.h.SimpleUrlHandlerMapping - Mapped URL path [/webjars/**] onto handler of type [class org.springframework.web.servlet.resource.ResourceHttpRequestHandler]
2018-04-19 09:20:05.578 [main] INFO  o.s.w.s.h.SimpleUrlHandlerMapping - Mapped URL path [/**] onto handler of type [class org.springframework.web.servlet.resource.ResourceHttpRequestHandler]
2018-04-19 09:20:05.659 [main] INFO  o.s.b.a.w.s.WelcomePageHandlerMapping - Adding welcome page template: index
2018-04-19 09:20:05.830 [main] INFO  o.s.j.e.a.AnnotationMBeanExporter - Registering beans for JMX exposure on startup
2018-04-19 09:20:05.832 [main] INFO  o.s.j.e.a.AnnotationMBeanExporter - Bean with name 'dataSource' has been autodetected for JMX exposure
2018-04-19 09:20:05.836 [main] INFO  o.s.j.e.a.AnnotationMBeanExporter - Located MBean 'dataSource': registering with JMX server as MBean [com.zaxxer.hikari:name=dataSource,type=HikariDataSource]
2018-04-19 09:20:05.845 [main] INFO  o.a.coyote.http11.Http11NioProtocol - Starting ProtocolHandler ["http-nio-8090"]
2018-04-19 09:20:05.858 [main] INFO  o.a.tomcat.util.net.NioSelectorPool - Using a shared selector for servlet write/read
2018-04-19 09:20:05.869 [main] INFO  o.s.b.w.e.tomcat.TomcatWebServer - Tomcat started on port(s): 8090 (http) with context path ''
2018-04-19 09:20:05.872 [main] INFO  kr.co.moocl.MooclApplication - Started MooclApplication in 2.957 seconds (JVM running for 3.475)
2018-04-19 09:20:22.334 [http-nio-8090-exec-1] INFO  o.a.c.c.C.[Tomcat].[localhost].[/] - Initializing Spring FrameworkServlet 'dispatcherServlet'
2018-04-19 09:20:22.335 [http-nio-8090-exec-1] INFO  o.s.web.servlet.DispatcherServlet - FrameworkServlet 'dispatcherServlet': initialization started
2018-04-19 09:20:22.353 [http-nio-8090-exec-1] INFO  o.s.web.servlet.DispatcherServlet - FrameworkServlet 'dispatcherServlet': initialization completed in 18 ms
2018-04-19 09:20:29.242 [http-nio-8090-exec-8] INFO  org.mongodb.driver.connection - Opened connection [connectionId{localValue:2, serverValue:329}] to 192.168.1.56:27017
2018-04-19 09:43:32.174 [main] INFO  kr.co.moocl.MooclApplication - Starting MooclApplication on DESKTOP-1746CEU with PID 10632 (C:\Users\1\Desktop\Bit_Project\MooCl\Moocl\target\classes started by 1 in C:\Users\1\Desktop\Bit_Project\MooCl\Moocl)
2018-04-19 09:43:32.176 [main] INFO  kr.co.moocl.MooclApplication - No active profile set, falling back to default profiles: default
2018-04-19 09:43:32.206 [main] INFO  o.s.b.w.s.c.AnnotationConfigServletWebServerApplicationContext - Refreshing org.springframework.boot.web.servlet.context.AnnotationConfigServletWebServerApplicationContext@6743e411: startup date [Thu Apr 19 09:43:32 KST 2018]; root of context hierarchy
2018-04-19 09:43:32.595 [main] WARN  o.m.s.mapper.ClassPathMapperScanner - No MyBatis mapper was found in '[kr.co.moocl]' package. Please check your configuration.
2018-04-19 09:43:32.872 [main] INFO  o.s.c.s.PostProcessorRegistrationDelegate$BeanPostProcessorChecker - Bean 'org.springframework.transaction.annotation.ProxyTransactionManagementConfiguration' of type [org.springframework.transaction.annotation.ProxyTransactionManagementConfiguration$$EnhancerBySpringCGLIB$$eb837591] is not eligible for getting processed by all BeanPostProcessors (for example: not eligible for auto-proxying)
2018-04-19 09:43:33.079 [main] INFO  o.s.b.w.e.tomcat.TomcatWebServer - Tomcat initialized with port(s): 8090 (http)
2018-04-19 09:43:33.095 [main] INFO  o.a.coyote.http11.Http11NioProtocol - Initializing ProtocolHandler ["http-nio-8090"]
2018-04-19 09:43:33.102 [main] INFO  o.a.catalina.core.StandardService - Starting service [Tomcat]
2018-04-19 09:43:33.109 [main] INFO  o.a.catalina.core.StandardEngine - Starting Servlet Engine: Apache Tomcat/8.5.29
2018-04-19 09:43:33.113 [localhost-startStop-1] INFO  o.a.c.core.AprLifecycleListener - The APR based Apache Tomcat Native library which allows optimal performance in production environments was not found on the java.library.path: [C:\Program Files\Java\jre1.8.0_161\bin;C:\WINDOWS\Sun\Java\bin;C:\WINDOWS\system32;C:\WINDOWS;C:/Program Files/Java/jre1.8.0_161/bin/server;C:/Program Files/Java/jre1.8.0_161/bin;C:/Program Files/Java/jre1.8.0_161/lib/amd64;C:\oraclexe\app\oracle\product\11.2.0\server\bin;C:\ProgramData\Anaconda3;C:\ProgramData\Anaconda3\Library\mingw-w64\bin;C:\ProgramData\Anaconda3\Library\usr\bin;C:\ProgramData\Anaconda3\Library\bin;C:\ProgramData\Anaconda3\Scripts;C:\ProgramData\Oracle\Java\javapath;C:\Program Files (x86)\Intel\iCLS Client\;C:\Program Files\Intel\iCLS Client\;C:\WINDOWS\system32;C:\WINDOWS;C:\WINDOWS\System32\Wbem;C:\WINDOWS\System32\WindowsPowerShell\v1.0\;C:\Program Files (x86)\Intel\Intel(R) Management Engine Components\DAL;C:\Program Files\Intel\Intel(R) Management Engine Components\DAL;C:\Program Files (x86)\Intel\Intel(R) Management Engine Components\IPT;C:\Program Files\Intel\Intel(R) Management Engine Components\IPT;C:\Program Files\Java\jdk1.8.0_161\bin;C:\Program Files\MongoDB\Server\3.6\bin;C:\Program Files\nodejs\;C:\Program Files\Git\cmd;C:\Users\1\AppData\Local\Microsoft\WindowsApps;C:\Program Files\Bandizip\;C:\Users\1\AppData\Local\atom\bin;C:\Program Files\Microsoft VS Code\bin;C:\Users\1\AppData\Roaming\npm;C:\Users\1\eclipse\jee-oxygen\eclipse;;.]
2018-04-19 09:43:33.200 [localhost-startStop-1] INFO  o.a.c.c.C.[Tomcat].[localhost].[/] - Initializing Spring embedded WebApplicationContext
2018-04-19 09:43:33.200 [localhost-startStop-1] INFO  o.s.web.context.ContextLoader - Root WebApplicationContext: initialization completed in 994 ms
2018-04-19 09:43:33.300 [localhost-startStop-1] INFO  o.s.b.w.s.ServletRegistrationBean - Servlet dispatcherServlet mapped to [/]
2018-04-19 09:43:33.303 [localhost-startStop-1] INFO  o.s.b.w.s.FilterRegistrationBean - Mapping filter: 'characterEncodingFilter' to: [/*]
2018-04-19 09:43:33.303 [localhost-startStop-1] INFO  o.s.b.w.s.FilterRegistrationBean - Mapping filter: 'hiddenHttpMethodFilter' to: [/*]
2018-04-19 09:43:33.303 [localhost-startStop-1] INFO  o.s.b.w.s.FilterRegistrationBean - Mapping filter: 'httpPutFormContentFilter' to: [/*]
2018-04-19 09:43:33.309 [localhost-startStop-1] INFO  o.s.b.w.s.FilterRegistrationBean - Mapping filter: 'requestContextFilter' to: [/*]
2018-04-19 09:43:33.604 [main] INFO  org.mongodb.driver.cluster - Cluster created with settings {hosts=[192.168.1.56:27017], mode=SINGLE, requiredClusterType=UNKNOWN, serverSelectionTimeout='30000 ms', maxWaitQueueSize=500}
2018-04-19 09:43:33.656 [cluster-ClusterId{value='5ad7e635deb94b2988b72c9a', description='null'}-192.168.1.56:27017] INFO  org.mongodb.driver.connection - Opened connection [connectionId{localValue:1, serverValue:338}] to 192.168.1.56:27017
2018-04-19 09:43:33.659 [cluster-ClusterId{value='5ad7e635deb94b2988b72c9a', description='null'}-192.168.1.56:27017] INFO  org.mongodb.driver.cluster - Monitor thread successfully connected to server with description ServerDescription{address=192.168.1.56:27017, type=STANDALONE, state=CONNECTED, ok=true, version=ServerVersion{versionList=[3, 4, 1]}, minWireVersion=0, maxWireVersion=5, maxDocumentSize=16777216, logicalSessionTimeoutMinutes=null, roundTripTimeNanos=1737785}
2018-04-19 09:43:34.067 [main] INFO  o.s.w.s.h.SimpleUrlHandlerMapping - Mapped URL path [/**/favicon.ico] onto handler of type [class org.springframework.web.servlet.resource.ResourceHttpRequestHandler]
2018-04-19 09:43:34.249 [main] INFO  o.s.w.s.m.m.a.RequestMappingHandlerAdapter - Looking for @ControllerAdvice: org.springframework.boot.web.servlet.context.AnnotationConfigServletWebServerApplicationContext@6743e411: startup date [Thu Apr 19 09:43:32 KST 2018]; root of context hierarchy
2018-04-19 09:43:34.291 [main] INFO  o.s.w.s.m.m.a.RequestMappingHandlerMapping - Mapped "{[/]}" onto public java.lang.String kr.co.moocl.controller.MainController.index()
2018-04-19 09:43:34.293 [main] INFO  o.s.w.s.m.m.a.RequestMappingHandlerMapping - Mapped "{[/test/mongo]}" onto public kr.co.moocl.vo.MovieVo kr.co.moocl.restcontroller.TestRestController.testMongoDB()
2018-04-19 09:43:34.299 [main] INFO  o.s.w.s.m.m.a.RequestMappingHandlerMapping - Mapped "{[/test/filmo]}" onto public void kr.co.moocl.restcontroller.TestRestController.filmoTest()
2018-04-19 09:43:34.301 [main] INFO  o.s.w.s.m.m.a.RequestMappingHandlerMapping - Mapped "{[/api/checkEmail]}" onto public java.lang.Boolean kr.co.moocl.restcontroller.UsersRestController.checkEmail(java.util.Map<java.lang.String, java.lang.String>)
2018-04-19 09:43:34.302 [main] INFO  o.s.w.s.m.m.a.RequestMappingHandlerMapping - Mapped "{[/api/join]}" onto public java.lang.Boolean kr.co.moocl.restcontroller.UsersRestController.joinUser(java.util.Map<java.lang.String, java.lang.Object>)
2018-04-19 09:43:34.302 [main] INFO  o.s.w.s.m.m.a.RequestMappingHandlerMapping - Mapped "{[/api/login]}" onto public java.lang.Boolean kr.co.moocl.restcontroller.UsersRestController.login(java.util.Map<java.lang.String, java.lang.String>)
2018-04-19 09:43:34.310 [main] INFO  o.s.w.s.m.m.a.RequestMappingHandlerMapping - Mapped "{[/error]}" onto public org.springframework.http.ResponseEntity<java.util.Map<java.lang.String, java.lang.Object>> org.springframework.boot.autoconfigure.web.servlet.error.BasicErrorController.error(javax.servlet.http.HttpServletRequest)
2018-04-19 09:43:34.310 [main] INFO  o.s.w.s.m.m.a.RequestMappingHandlerMapping - Mapped "{[/error],produces=[text/html]}" onto public org.springframework.web.servlet.ModelAndView org.springframework.boot.autoconfigure.web.servlet.error.BasicErrorController.errorHtml(javax.servlet.http.HttpServletRequest,javax.servlet.http.HttpServletResponse)
2018-04-19 09:43:34.331 [main] INFO  o.s.w.s.h.SimpleUrlHandlerMapping - Mapped URL path [/webjars/**] onto handler of type [class org.springframework.web.servlet.resource.ResourceHttpRequestHandler]
2018-04-19 09:43:34.331 [main] INFO  o.s.w.s.h.SimpleUrlHandlerMapping - Mapped URL path [/**] onto handler of type [class org.springframework.web.servlet.resource.ResourceHttpRequestHandler]
2018-04-19 09:43:34.422 [main] INFO  o.s.b.a.w.s.WelcomePageHandlerMapping - Adding welcome page template: index
2018-04-19 09:43:34.585 [main] INFO  o.s.j.e.a.AnnotationMBeanExporter - Registering beans for JMX exposure on startup
2018-04-19 09:43:34.586 [main] INFO  o.s.j.e.a.AnnotationMBeanExporter - Bean with name 'dataSource' has been autodetected for JMX exposure
2018-04-19 09:43:34.590 [main] INFO  o.s.j.e.a.AnnotationMBeanExporter - Located MBean 'dataSource': registering with JMX server as MBean [com.zaxxer.hikari:name=dataSource,type=HikariDataSource]
2018-04-19 09:43:34.599 [main] INFO  o.a.coyote.http11.Http11NioProtocol - Starting ProtocolHandler ["http-nio-8090"]
2018-04-19 09:43:34.607 [main] INFO  o.a.tomcat.util.net.NioSelectorPool - Using a shared selector for servlet write/read
2018-04-19 09:43:34.619 [main] INFO  o.s.b.w.e.tomcat.TomcatWebServer - Tomcat started on port(s): 8090 (http) with context path ''
2018-04-19 09:43:34.621 [main] INFO  kr.co.moocl.MooclApplication - Started MooclApplication in 2.754 seconds (JVM running for 3.256)
2018-04-19 09:43:43.221 [http-nio-8090-exec-2] INFO  o.a.c.c.C.[Tomcat].[localhost].[/] - Initializing Spring FrameworkServlet 'dispatcherServlet'
2018-04-19 09:43:43.221 [http-nio-8090-exec-2] INFO  o.s.web.servlet.DispatcherServlet - FrameworkServlet 'dispatcherServlet': initialization started
2018-04-19 09:43:43.238 [http-nio-8090-exec-2] INFO  o.s.web.servlet.DispatcherServlet - FrameworkServlet 'dispatcherServlet': initialization completed in 17 ms
2018-04-19 09:43:43.289 [http-nio-8090-exec-2] INFO  org.mongodb.driver.connection - Opened connection [connectionId{localValue:2, serverValue:339}] to 192.168.1.56:27017
2018-04-19 10:56:32.254 [RMI TCP Connection(2)-127.0.0.1] INFO  o.s.b.a.SpringApplicationAdminMXBeanRegistrar$SpringApplicationAdmin - Application shutdown requested.
2018-04-19 10:56:32.254 [RMI TCP Connection(2)-127.0.0.1] INFO  o.s.b.w.s.c.AnnotationConfigServletWebServerApplicationContext - Closing org.springframework.boot.web.servlet.context.AnnotationConfigServletWebServerApplicationContext@6743e411: startup date [Thu Apr 19 09:43:32 KST 2018]; root of context hierarchy
2018-04-19 10:56:32.262 [RMI TCP Connection(2)-127.0.0.1] INFO  o.s.j.e.a.AnnotationMBeanExporter - Unregistering JMX-exposed beans on shutdown
2018-04-19 10:56:32.262 [RMI TCP Connection(2)-127.0.0.1] INFO  o.s.j.e.a.AnnotationMBeanExporter - Unregistering JMX-exposed beans
2018-04-19 10:56:32.270 [RMI TCP Connection(2)-127.0.0.1] INFO  org.mongodb.driver.connection - Closed connection [connectionId{localValue:2, serverValue:339}] to 192.168.1.56:27017 because the pool has been closed.
