2018-05-12 22:38:10.859 [RMI TCP Connection(2)-127.0.0.1] INFO  o.s.b.a.SpringApplicationAdminMXBeanRegistrar$SpringApplicationAdmin - Application shutdown requested.
2018-05-12 22:38:10.865 [RMI TCP Connection(2)-127.0.0.1] INFO  o.s.b.w.s.c.AnnotationConfigServletWebServerApplicationContext - Closing org.springframework.boot.web.servlet.context.AnnotationConfigServletWebServerApplicationContext@6743e411: startup date [Fri May 11 19:41:16 KST 2018]; root of context hierarchy
2018-05-12 22:38:10.874 [RMI TCP Connection(2)-127.0.0.1] INFO  o.s.j.e.a.AnnotationMBeanExporter - Unregistering JMX-exposed beans on shutdown
2018-05-12 22:38:10.877 [RMI TCP Connection(2)-127.0.0.1] INFO  o.s.j.e.a.AnnotationMBeanExporter - Unregistering JMX-exposed beans
2018-05-12 22:38:10.884 [RMI TCP Connection(2)-127.0.0.1] INFO  org.mongodb.driver.connection - Closed connection [connectionId{localValue:2, serverValue:581}] to 192.168.1.56:27017 because the pool has been closed.
2018-05-12 22:38:18.662 [main] INFO  kr.co.moocl.MooclApplication - Starting MooclApplication on DESKTOP-1746CEU with PID 10056 (C:\Users\1\Desktop\Bit_Project\MooCl\Moocl\target\classes started by 1 in C:\Users\1\Desktop\Bit_Project\MooCl\Moocl)
2018-05-12 22:38:18.665 [main] INFO  kr.co.moocl.MooclApplication - No active profile set, falling back to default profiles: default
2018-05-12 22:38:18.693 [main] INFO  o.s.b.w.s.c.AnnotationConfigServletWebServerApplicationContext - Refreshing org.springframework.boot.web.servlet.context.AnnotationConfigServletWebServerApplicationContext@31190526: startup date [Sat May 12 22:38:18 KST 2018]; root of context hierarchy
2018-05-12 22:38:19.123 [main] WARN  o.m.s.mapper.ClassPathMapperScanner - No MyBatis mapper was found in '[kr.co.moocl]' package. Please check your configuration.
2018-05-12 22:38:19.400 [main] INFO  o.s.c.s.PostProcessorRegistrationDelegate$BeanPostProcessorChecker - Bean 'org.springframework.transaction.annotation.ProxyTransactionManagementConfiguration' of type [org.springframework.transaction.annotation.ProxyTransactionManagementConfiguration$$EnhancerBySpringCGLIB$$51e06e95] is not eligible for getting processed by all BeanPostProcessors (for example: not eligible for auto-proxying)
2018-05-12 22:38:19.618 [main] INFO  o.s.b.w.e.tomcat.TomcatWebServer - Tomcat initialized with port(s): 8090 (http)
2018-05-12 22:38:19.628 [main] INFO  o.a.coyote.http11.Http11NioProtocol - Initializing ProtocolHandler ["http-nio-8090"]
2018-05-12 22:38:19.634 [main] INFO  o.a.catalina.core.StandardService - Starting service [Tomcat]
2018-05-12 22:38:19.638 [main] INFO  o.a.catalina.core.StandardEngine - Starting Servlet Engine: Apache Tomcat/8.5.29
2018-05-12 22:38:19.641 [localhost-startStop-1] INFO  o.a.c.core.AprLifecycleListener - The APR based Apache Tomcat Native library which allows optimal performance in production environments was not found on the java.library.path: [C:\Program Files\Java\jre1.8.0_161\bin;C:\WINDOWS\Sun\Java\bin;C:\WINDOWS\system32;C:\WINDOWS;C:/Program Files/Java/jre1.8.0_161/bin/server;C:/Program Files/Java/jre1.8.0_161/bin;C:/Program Files/Java/jre1.8.0_161/lib/amd64;C:\oraclexe\app\oracle\product\11.2.0\server\bin;C:\ProgramData\Anaconda3;C:\ProgramData\Anaconda3\Library\mingw-w64\bin;C:\ProgramData\Anaconda3\Library\usr\bin;C:\ProgramData\Anaconda3\Library\bin;C:\ProgramData\Anaconda3\Scripts;C:\ProgramData\Oracle\Java\javapath;C:\Program Files (x86)\Intel\iCLS Client\;C:\Program Files\Intel\iCLS Client\;C:\WINDOWS\system32;C:\WINDOWS;C:\WINDOWS\System32\Wbem;C:\WINDOWS\System32\WindowsPowerShell\v1.0\;C:\Program Files (x86)\Intel\Intel(R) Management Engine Components\DAL;C:\Program Files\Intel\Intel(R) Management Engine Components\DAL;C:\Program Files (x86)\Intel\Intel(R) Management Engine Components\IPT;C:\Program Files\Intel\Intel(R) Management Engine Components\IPT;C:\Program Files\Java\jdk1.8.0_161\bin;C:\Program Files\MongoDB\Server\3.6\bin;C:\Program Files\nodejs\;C:\Program Files\Git\cmd;C:\Users\1\AppData\Local\Microsoft\WindowsApps;C:\Program Files\Bandizip\;C:\Users\1\AppData\Local\atom\bin;C:\Program Files\Microsoft VS Code\bin;C:\Users\1\AppData\Roaming\npm;C:\Users\1\eclipse\jee-oxygen\eclipse;;.]
2018-05-12 22:38:19.935 [localhost-startStop-1] INFO  o.a.c.c.C.[Tomcat].[localhost].[/] - Initializing Spring embedded WebApplicationContext
2018-05-12 22:38:19.935 [localhost-startStop-1] INFO  o.s.web.context.ContextLoader - Root WebApplicationContext: initialization completed in 1242 ms
2018-05-12 22:38:20.035 [localhost-startStop-1] INFO  o.s.b.w.s.ServletRegistrationBean - Servlet dispatcherServlet mapped to [/]
2018-05-12 22:38:20.039 [localhost-startStop-1] INFO  o.s.b.w.s.FilterRegistrationBean - Mapping filter: 'characterEncodingFilter' to: [/*]
2018-05-12 22:38:20.039 [localhost-startStop-1] INFO  o.s.b.w.s.FilterRegistrationBean - Mapping filter: 'hiddenHttpMethodFilter' to: [/*]
2018-05-12 22:38:20.039 [localhost-startStop-1] INFO  o.s.b.w.s.FilterRegistrationBean - Mapping filter: 'httpPutFormContentFilter' to: [/*]
2018-05-12 22:38:20.044 [localhost-startStop-1] INFO  o.s.b.w.s.FilterRegistrationBean - Mapping filter: 'requestContextFilter' to: [/*]
2018-05-12 22:38:20.386 [main] INFO  org.mongodb.driver.cluster - Cluster created with settings {hosts=[192.168.1.56:27017], mode=SINGLE, requiredClusterType=UNKNOWN, serverSelectionTimeout='30000 ms', maxWaitQueueSize=500}
2018-05-12 22:38:20.436 [cluster-ClusterId{value='5af6ee4cdeb94b2748abb5da', description='null'}-192.168.1.56:27017] INFO  org.mongodb.driver.connection - Opened connection [connectionId{localValue:1, serverValue:588}] to 192.168.1.56:27017
2018-05-12 22:38:20.438 [cluster-ClusterId{value='5af6ee4cdeb94b2748abb5da', description='null'}-192.168.1.56:27017] INFO  org.mongodb.driver.cluster - Monitor thread successfully connected to server with description ServerDescription{address=192.168.1.56:27017, type=STANDALONE, state=CONNECTED, ok=true, version=ServerVersion{versionList=[3, 4, 1]}, minWireVersion=0, maxWireVersion=5, maxDocumentSize=16777216, logicalSessionTimeoutMinutes=null, roundTripTimeNanos=1476971}
2018-05-12 22:38:20.927 [main] INFO  o.s.w.s.h.SimpleUrlHandlerMapping - Mapped URL path [/**/favicon.ico] onto handler of type [class org.springframework.web.servlet.resource.ResourceHttpRequestHandler]
2018-05-12 22:38:21.165 [main] INFO  o.s.w.s.m.m.a.RequestMappingHandlerAdapter - Looking for @ControllerAdvice: org.springframework.boot.web.servlet.context.AnnotationConfigServletWebServerApplicationContext@31190526: startup date [Sat May 12 22:38:18 KST 2018]; root of context hierarchy
2018-05-12 22:38:21.212 [main] INFO  o.s.w.s.m.m.a.RequestMappingHandlerMapping - Mapped "{[/]}" onto public java.lang.String kr.co.moocl.controller.MainController.index()
2018-05-12 22:38:21.214 [main] INFO  o.s.w.s.m.m.a.RequestMappingHandlerMapping - Mapped "{[/api/detailinfo],methods=[GET]}" onto public kr.co.moocl.vo.InteMovieVo kr.co.moocl.restcontroller.MainRestController.detailInfo(java.lang.String)
2018-05-12 22:38:21.220 [main] INFO  o.s.w.s.m.m.a.RequestMappingHandlerMapping - Mapped "{[/api/test]}" onto public void kr.co.moocl.restcontroller.MainRestController.testController()
2018-05-12 22:38:21.221 [main] INFO  o.s.w.s.m.m.a.RequestMappingHandlerMapping - Mapped "{[/api/removie]}" onto public java.util.List<kr.co.moocl.vo.InteMovieVo> kr.co.moocl.restcontroller.PersonController.relatedMovies(java.lang.Double)
2018-05-12 22:38:21.221 [main] INFO  o.s.w.s.m.m.a.RequestMappingHandlerMapping - Mapped "{[/api/search],methods=[GET]}" onto public java.util.List<java.util.Map<java.lang.String, java.lang.Object>> kr.co.moocl.restcontroller.SearchRestController.searchInteData(java.lang.String)
2018-05-12 22:38:21.222 [main] INFO  o.s.w.s.m.m.a.RequestMappingHandlerMapping - Mapped "{[/api/checkEmail]}" onto public java.lang.Boolean kr.co.moocl.restcontroller.UsersRestController.checkEmail(java.util.Map<java.lang.String, java.lang.String>)
2018-05-12 22:38:21.228 [main] INFO  o.s.w.s.m.m.a.RequestMappingHandlerMapping - Mapped "{[/api/login]}" onto public java.util.Map<java.lang.String, java.lang.Object> kr.co.moocl.restcontroller.UsersRestController.login(java.util.Map<java.lang.String, java.lang.String>)
2018-05-12 22:38:21.228 [main] INFO  o.s.w.s.m.m.a.RequestMappingHandlerMapping - Mapped "{[/api/join]}" onto public java.lang.Boolean kr.co.moocl.restcontroller.UsersRestController.joinUser(java.util.Map<java.lang.String, java.lang.Object>)
2018-05-12 22:38:21.230 [main] INFO  o.s.w.s.m.m.a.RequestMappingHandlerMapping - Mapped "{[/error]}" onto public org.springframework.http.ResponseEntity<java.util.Map<java.lang.String, java.lang.Object>> org.springframework.boot.autoconfigure.web.servlet.error.BasicErrorController.error(javax.servlet.http.HttpServletRequest)
2018-05-12 22:38:21.231 [main] INFO  o.s.w.s.m.m.a.RequestMappingHandlerMapping - Mapped "{[/error],produces=[text/html]}" onto public org.springframework.web.servlet.ModelAndView org.springframework.boot.autoconfigure.web.servlet.error.BasicErrorController.errorHtml(javax.servlet.http.HttpServletRequest,javax.servlet.http.HttpServletResponse)
2018-05-12 22:38:21.261 [main] INFO  o.s.w.s.h.SimpleUrlHandlerMapping - Mapped URL path [/webjars/**] onto handler of type [class org.springframework.web.servlet.resource.ResourceHttpRequestHandler]
2018-05-12 22:38:21.261 [main] INFO  o.s.w.s.h.SimpleUrlHandlerMapping - Mapped URL path [/**] onto handler of type [class org.springframework.web.servlet.resource.ResourceHttpRequestHandler]
2018-05-12 22:38:21.346 [main] INFO  o.s.b.a.w.s.WelcomePageHandlerMapping - Adding welcome page template: index
2018-05-12 22:38:21.522 [main] INFO  o.s.j.e.a.AnnotationMBeanExporter - Registering beans for JMX exposure on startup
2018-05-12 22:38:21.524 [main] INFO  o.s.j.e.a.AnnotationMBeanExporter - Bean with name 'dataSource' has been autodetected for JMX exposure
2018-05-12 22:38:21.528 [main] INFO  o.s.j.e.a.AnnotationMBeanExporter - Located MBean 'dataSource': registering with JMX server as MBean [com.zaxxer.hikari:name=dataSource,type=HikariDataSource]
2018-05-12 22:38:21.537 [main] INFO  o.a.coyote.http11.Http11NioProtocol - Starting ProtocolHandler ["http-nio-8090"]
2018-05-12 22:38:21.545 [main] INFO  o.a.tomcat.util.net.NioSelectorPool - Using a shared selector for servlet write/read
2018-05-12 22:38:21.557 [main] INFO  o.s.b.w.e.tomcat.TomcatWebServer - Tomcat started on port(s): 8090 (http) with context path ''
2018-05-12 22:38:21.561 [main] INFO  kr.co.moocl.MooclApplication - Started MooclApplication in 3.219 seconds (JVM running for 4.694)
2018-05-12 22:38:34.827 [http-nio-8090-exec-1] INFO  o.a.c.c.C.[Tomcat].[localhost].[/] - Initializing Spring FrameworkServlet 'dispatcherServlet'
2018-05-12 22:38:34.833 [http-nio-8090-exec-1] INFO  o.s.web.servlet.DispatcherServlet - FrameworkServlet 'dispatcherServlet': initialization started
2018-05-12 22:38:34.853 [http-nio-8090-exec-1] INFO  o.s.web.servlet.DispatcherServlet - FrameworkServlet 'dispatcherServlet': initialization completed in 14 ms
2018-05-12 22:38:34.880 [http-nio-8090-exec-1] INFO  k.c.m.r.SearchRestController - searchController keyword:겨울
2018-05-12 22:38:34.880 [http-nio-8090-exec-1] INFO  kr.co.moocl.service.SearchService - inteSearchResult : 겨울
2018-05-12 22:38:34.925 [http-nio-8090-exec-1] INFO  org.mongodb.driver.connection - Opened connection [connectionId{localValue:2, serverValue:589}] to 192.168.1.56:27017
2018-05-12 22:38:35.097 [http-nio-8090-exec-1] INFO  k.c.m.r.SearchRestController - searching result : [{score=[{site=naver, grade=9.3}], inteTitle=그겨울바람이분다, posterUrl=https://movie-phinf.pstatic.net/20130212_78/1360637616548a3QYF_JPEG/movie_image.jpg?type=m203_290_2, movieId=n98141, movieTitle=그 겨울, 바람이 분다}, {score=[{site=naver, grade=4.5}], inteTitle=동행그겨울이야기, posterUrl=https://movie-phinf.pstatic.net/20111229_117/1325145098926yDlOQ_JPEG/movie_image.jpg?type=m203_290_2, movieId=n91507, movieTitle=동행 - 그 겨울이야기}, {score=[{site=naver, grade=2.0}], inteTitle=겨울괴담, posterUrl=https://movie-phinf.pstatic.net/20111226_40/1324864338460RGmzj_JPEG/movie_image.jpg?type=m203_290_2, movieId=n90582, movieTitle=겨울괴담}, {score=[{site=naver, grade=8.0}], inteTitle=겨울이야기, posterUrl=https://ssl.pstatic.net/static/movie/2012/06/dft_img203x290.png, movieId=n90470, movieTitle=겨울 이야기}, {score=[{site=naver, grade=0.0}, {site=daum, grade=0.0}], inteTitle=겨울의딸, posterUrl=, movieId=n84551, movieTitle=겨울의 딸}, {score=[{site=naver, grade=0.0}], inteTitle=겨울해바라기, posterUrl=https://ssl.pstatic.net/static/movie/2012/06/dft_img203x290.png, movieId=n84289, movieTitle=겨울 해바라기}, {score=[{site=naver, grade=0.0}], inteTitle=겨울꽃, posterUrl=https://ssl.pstatic.net/static/movie/2012/06/dft_img203x290.png, movieId=n84288, movieTitle=겨울꽃}, {score=[{site=naver, grade=0.0}], inteTitle=가을꽃겨울나무, posterUrl=https://ssl.pstatic.net/static/movie/2012/06/dft_img203x290.png, movieId=n83916, movieTitle=가을꽃 겨울나무}, {score=[{site=naver, grade=0.0}], inteTitle=겨울지나고봄, posterUrl=https://movie-phinf.pstatic.net/20111223_57/1324634109164BVtbF_JPEG/movie_image.jpg?type=m203_290_2, movieId=n80832, movieTitle=겨울 지나고 봄}, {score=[{site=naver, grade=0.0}, {site=daum, grade=0.0}], inteTitle=작년겨울, posterUrl=, movieId=n71835, movieTitle=작년 겨울}, {score=[{site=naver, grade=0.0}], inteTitle=겨울새, posterUrl=https://movie-phinf.pstatic.net/20111226_286/1324864036470MGnoJ_JPEG/movie_image.jpg?type=m203_290_2, movieId=n69927, movieTitle=겨울새}, {score=[{site=naver, grade=8.75}], inteTitle=겨울새, posterUrl=https://movie-phinf.pstatic.net/20111222_60/1324543517009f3nij_JPEG/movie_image.jpg?type=m203_290_2, movieId=n69320, movieTitle=겨울새}]
2018-05-12 22:38:41.282 [http-nio-8090-exec-2] INFO  k.c.m.r.SearchRestController - searchController keyword:겨울왕국
2018-05-12 22:38:41.294 [http-nio-8090-exec-2] INFO  kr.co.moocl.service.SearchService - inteSearchResult : 겨울왕국
2018-05-12 22:38:41.375 [http-nio-8090-exec-2] INFO  k.c.m.r.SearchRestController - searching result : [{score=[{site=naver, grade=7.52}, {site=daum, grade=8.5}], inteTitle=올라프의겨울왕국어드벤처, posterUrl=, movieId=n164140, movieTitle=올라프의 겨울왕국 어드벤처}, {score=[{site=naver, grade=7.47}], inteTitle=겨울왕국의무민, posterUrl=https://movie-phinf.pstatic.net/20180108_81/1515374105706kpMAJ_JPEG/movie_image.jpg?type=m203_290_2, movieId=n163850, movieTitle=겨울왕국의 무민}, {score=[{site=naver, grade=5.2}], inteTitle=겨울왕국오로라를찾아서, posterUrl=https://movie-phinf.pstatic.net/20170118_206/1484725482786RtbxK_JPEG/movie_image.jpg?type=m203_290_2, movieId=n157404, movieTitle=겨울왕국: 오로라를 찾아서}, {score=[{site=naver, grade=9.09}, {site=daum, grade=8.1}], inteTitle=겨울왕국2, posterUrl=, movieId=n136873, movieTitle=겨울왕국 2}, {score=[{site=daum, grade=7.3}], inteTitle=겨울왕국의무민, posterUrl=null, movieId=d117651, movieTitle=겨울왕국의 무민}]
2018-05-12 22:38:55.206 [http-nio-8090-exec-3] INFO  kr.co.moocl.dao.MovieDao - detailInfo: n40132
2018-05-12 22:38:55.217 [http-nio-8090-exec-3] INFO  kr.co.moocl.dao.MovieDao - modify: n40132
2018-05-12 22:38:55.241 [http-nio-8090-exec-3] INFO  kr.co.moocl.dao.MovieDao - rawData: InteMovieVo [_id=n40132, movie_id=[{site=naver, id=40132}], inte_title=원피스극장판4기데드엔드의모험, movie_title=원피스 극장판 4기 - 데드 엔드의 모험, inte_director=우다코우노스케, director=우다 코우노스케, poster=https://movie-phinf.pstatic.net/20160804_255/1470290480524eihgk_JPEG/movie_image.jpg?type=m203_290_2, running_time=null, review_cnt=[{site=naver, cnt=0}], score=[{site=naver, grade=9.49}], gender_ratio=[{site=naver, male=0}], age=[{site=naver, teen=0, twenty=0, thirty=0, forty=0}], nation=null, open_date=null, genre=null, person=[PeopleVo [person_id=0, person_name=히라타 히로아키, role=주연, part= , people_img=null], PeopleVo [person_id=0, person_name=이케다 슈이치, role=주연, part= , people_img=null], PeopleVo [person_id=0, person_name=이시다 타로, role=조연, part= , people_img=null], PeopleVo [person_id=0, person_name=미야모토 미츠루, role=조연, part= , people_img=null], PeopleVo [person_id=0, person_name=나가이 이치로, role=조연, part= , people_img=null], PeopleVo [person_id=0, person_name=나카이 카즈야, role=조연, part= , people_img=null], PeopleVo [person_id=0, person_name=오카무라 아케미, role=조연, part= , people_img=null], PeopleVo [person_id=0, person_name=오오타니 이쿠에, role=조연, part= , people_img=null], PeopleVo [person_id=0, person_name=사카이 미키, role=조연, part= , people_img=null], PeopleVo [person_id=0, person_name=타나카 마유미, role=조연, part= , people_img=null], PeopleVo [person_id=0, person_name=야마구치 캇페이, role=조연, part= , people_img=null], PeopleVo [person_id=0, person_name=야마구치 유리코, role=조연, part= , people_img=null], PeopleVo [person_id=0, person_name=우다 코우노스케, role=감독, part= , people_img=null]]]
2018-05-12 22:39:02.140 [http-nio-8090-exec-8] INFO  k.c.m.r.SearchRestController - searchController keyword:원피스
2018-05-12 22:39:02.147 [http-nio-8090-exec-8] INFO  kr.co.moocl.service.SearchService - inteSearchResult : 원피스
2018-05-12 22:39:02.266 [http-nio-8090-exec-8] INFO  k.c.m.r.SearchRestController - searching result : [{score=[{site=naver, grade=9.02}, {site=daum, grade=8.6}, {site=cgv, grade=0.0}], inteTitle=원피스극장판제트, posterUrl=, movieId=n98403, movieTitle=원피스 극장판 제트}, {score=[{site=naver, grade=9.49}], inteTitle=원피스극장판4기데드엔드의모험, posterUrl=https://movie-phinf.pstatic.net/20160804_255/1470290480524eihgk_JPEG/movie_image.jpg?type=m203_290_2, movieId=n40132, movieTitle=원피스 극장판 4기 - 데드 엔드의 모험}, {score=[{site=naver, grade=7.91}], inteTitle=원피스극장판3기진기한동물섬의쵸파왕국, posterUrl=https://movie-phinf.pstatic.net/20160804_86/14702904170272X965_JPEG/movie_image.jpg?type=m203_290_2, movieId=n40131, movieTitle=원피스 극장판 3기 - 진기한 동물섬의 쵸파 왕국}, {score=[{site=naver, grade=8.68}], inteTitle=원피스tv시리즈, posterUrl=https://movie-phinf.pstatic.net/20111221_196/1324457052450KHYf1_JPEG/movie_image.jpg?type=m203_290_2, movieId=n40128, movieTitle=원피스 - TV 시리즈}, {score=[{site=naver, grade=8.01}], inteTitle=원피스극장판6기오마츠리남작과비밀의섬, posterUrl=https://movie-phinf.pstatic.net/20111223_200/1324595279704qC7g5_JPEG/movie_image.jpg?type=m203_290_2, movieId=n40127, movieTitle=원피스 극장판 6기 - 오마츠리 남작과 비밀의 섬}, {score=[{site=naver, grade=10.0}], inteTitle=원피스스페셜3기지켜라마지막큰무대, posterUrl=https://ssl.pstatic.net/static/movie/2012/06/dft_img203x290.png, movieId=n173367, movieTitle=원피스 스페셜 3기: 지켜라! 마지막 큰 무대}, {score=[{site=naver, grade=0.0}], inteTitle=원피스스페셜2기드넓은바다에펼쳐라아빠의커다란꿈, posterUrl=https://ssl.pstatic.net/static/movie/2012/06/dft_img203x290.png, movieId=n173366, movieTitle=원피스 스페셜 2기: 드넓은 바다에 펼쳐라! 아빠의 커다란 꿈!}, {score=[{site=naver, grade=0.0}], inteTitle=원피스스페셜1기루피떨어지다신비한바다의배꼽대탐험, posterUrl=https://ssl.pstatic.net/static/movie/2012/06/dft_img203x290.png, movieId=n173365, movieTitle=원피스 스페셜 1기: 루피 떨어지다! 신비한 바다의 배꼽 대탐험}, {score=[{site=naver, grade=10.0}], inteTitle=원피스20기new조편, posterUrl=https://ssl.pstatic.net/static/movie/2012/06/dft_img203x290.png, movieId=n153913, movieTitle=원피스 20기 NEW - 조편}, {score=[{site=naver, grade=8.55}], inteTitle=원피스에피소드오브메리또하나의동료이야기, posterUrl=https://movie-phinf.pstatic.net/20140807_110/1407392166584tvXSK_JPEG/movie_image.jpg?type=m203_290_2, movieId=n126362, movieTitle=원피스 : 에피소드 오브 메리 - 또 하나의 동료 이야기}, {score=[{site=daum, grade=0.0}], inteTitle=원피스앳어타임, posterUrl=null, movieId=d54161, movieTitle=원 피스 앳 어 타임}, {score=[{site=daum, grade=9.1}], inteTitle=원피스극장판겨울에피는기적의꽃, posterUrl=null, movieId=d45419, movieTitle=원피스 극장판 - 겨울에 피는 기적의 꽃}]
2018-05-12 22:39:03.571 [http-nio-8090-exec-9] INFO  kr.co.moocl.dao.MovieDao - detailInfo: n40132
2018-05-12 22:39:03.587 [http-nio-8090-exec-9] INFO  kr.co.moocl.dao.MovieDao - modify: n40132
2018-05-12 22:39:03.601 [http-nio-8090-exec-9] INFO  kr.co.moocl.dao.MovieDao - rawData: InteMovieVo [_id=n40132, movie_id=[{site=naver, id=40132}], inte_title=원피스극장판4기데드엔드의모험, movie_title=원피스 극장판 4기 - 데드 엔드의 모험, inte_director=우다코우노스케, director=우다 코우노스케, poster=https://movie-phinf.pstatic.net/20160804_255/1470290480524eihgk_JPEG/movie_image.jpg?type=m203_290_2, running_time=null, review_cnt=[{site=naver, cnt=0}], score=[{site=naver, grade=9.49}], gender_ratio=[{site=naver, male=0}], age=[{site=naver, teen=0, twenty=0, thirty=0, forty=0}], nation=null, open_date=null, genre=null, person=[PeopleVo [person_id=0, person_name=히라타 히로아키, role=주연, part= , people_img=null], PeopleVo [person_id=0, person_name=이케다 슈이치, role=주연, part= , people_img=null], PeopleVo [person_id=0, person_name=이시다 타로, role=조연, part= , people_img=null], PeopleVo [person_id=0, person_name=미야모토 미츠루, role=조연, part= , people_img=null], PeopleVo [person_id=0, person_name=나가이 이치로, role=조연, part= , people_img=null], PeopleVo [person_id=0, person_name=나카이 카즈야, role=조연, part= , people_img=null], PeopleVo [person_id=0, person_name=오카무라 아케미, role=조연, part= , people_img=null], PeopleVo [person_id=0, person_name=오오타니 이쿠에, role=조연, part= , people_img=null], PeopleVo [person_id=0, person_name=사카이 미키, role=조연, part= , people_img=null], PeopleVo [person_id=0, person_name=타나카 마유미, role=조연, part= , people_img=null], PeopleVo [person_id=0, person_name=야마구치 캇페이, role=조연, part= , people_img=null], PeopleVo [person_id=0, person_name=야마구치 유리코, role=조연, part= , people_img=null], PeopleVo [person_id=0, person_name=우다 코우노스케, role=감독, part= , people_img=null]]]
2018-05-12 22:50:38.727 [RMI TCP Connection(2)-127.0.0.1] INFO  o.s.b.a.SpringApplicationAdminMXBeanRegistrar$SpringApplicationAdmin - Application shutdown requested.
2018-05-12 22:50:38.736 [RMI TCP Connection(2)-127.0.0.1] INFO  o.s.b.w.s.c.AnnotationConfigServletWebServerApplicationContext - Closing org.springframework.boot.web.servlet.context.AnnotationConfigServletWebServerApplicationContext@31190526: startup date [Sat May 12 22:38:18 KST 2018]; root of context hierarchy
2018-05-12 22:50:38.740 [RMI TCP Connection(2)-127.0.0.1] INFO  o.s.j.e.a.AnnotationMBeanExporter - Unregistering JMX-exposed beans on shutdown
2018-05-12 22:50:38.746 [RMI TCP Connection(2)-127.0.0.1] INFO  o.s.j.e.a.AnnotationMBeanExporter - Unregistering JMX-exposed beans
2018-05-12 22:50:38.749 [RMI TCP Connection(2)-127.0.0.1] INFO  org.mongodb.driver.connection - Closed connection [connectionId{localValue:2, serverValue:589}] to 192.168.1.56:27017 because the pool has been closed.
2018-05-12 22:50:41.874 [main] INFO  kr.co.moocl.MooclApplication - Starting MooclApplication on DESKTOP-1746CEU with PID 9992 (C:\Users\1\Desktop\Bit_Project\MooCl\Moocl\target\classes started by 1 in C:\Users\1\Desktop\Bit_Project\MooCl\Moocl)
2018-05-12 22:50:41.877 [main] INFO  kr.co.moocl.MooclApplication - No active profile set, falling back to default profiles: default
2018-05-12 22:50:41.906 [main] INFO  o.s.b.w.s.c.AnnotationConfigServletWebServerApplicationContext - Refreshing org.springframework.boot.web.servlet.context.AnnotationConfigServletWebServerApplicationContext@31190526: startup date [Sat May 12 22:50:41 KST 2018]; root of context hierarchy
2018-05-12 22:50:42.287 [main] WARN  o.m.s.mapper.ClassPathMapperScanner - No MyBatis mapper was found in '[kr.co.moocl]' package. Please check your configuration.
2018-05-12 22:50:42.570 [main] INFO  o.s.c.s.PostProcessorRegistrationDelegate$BeanPostProcessorChecker - Bean 'org.springframework.transaction.annotation.ProxyTransactionManagementConfiguration' of type [org.springframework.transaction.annotation.ProxyTransactionManagementConfiguration$$EnhancerBySpringCGLIB$$3cf2d267] is not eligible for getting processed by all BeanPostProcessors (for example: not eligible for auto-proxying)
2018-05-12 22:50:42.777 [main] INFO  o.s.b.w.e.tomcat.TomcatWebServer - Tomcat initialized with port(s): 8090 (http)
2018-05-12 22:50:42.792 [main] INFO  o.a.coyote.http11.Http11NioProtocol - Initializing ProtocolHandler ["http-nio-8090"]
2018-05-12 22:50:42.800 [main] INFO  o.a.catalina.core.StandardService - Starting service [Tomcat]
2018-05-12 22:50:42.806 [main] INFO  o.a.catalina.core.StandardEngine - Starting Servlet Engine: Apache Tomcat/8.5.29
2018-05-12 22:50:42.812 [localhost-startStop-1] INFO  o.a.c.core.AprLifecycleListener - The APR based Apache Tomcat Native library which allows optimal performance in production environments was not found on the java.library.path: [C:\Program Files\Java\jre1.8.0_161\bin;C:\WINDOWS\Sun\Java\bin;C:\WINDOWS\system32;C:\WINDOWS;C:/Program Files/Java/jre1.8.0_161/bin/server;C:/Program Files/Java/jre1.8.0_161/bin;C:/Program Files/Java/jre1.8.0_161/lib/amd64;C:\oraclexe\app\oracle\product\11.2.0\server\bin;C:\ProgramData\Anaconda3;C:\ProgramData\Anaconda3\Library\mingw-w64\bin;C:\ProgramData\Anaconda3\Library\usr\bin;C:\ProgramData\Anaconda3\Library\bin;C:\ProgramData\Anaconda3\Scripts;C:\ProgramData\Oracle\Java\javapath;C:\Program Files (x86)\Intel\iCLS Client\;C:\Program Files\Intel\iCLS Client\;C:\WINDOWS\system32;C:\WINDOWS;C:\WINDOWS\System32\Wbem;C:\WINDOWS\System32\WindowsPowerShell\v1.0\;C:\Program Files (x86)\Intel\Intel(R) Management Engine Components\DAL;C:\Program Files\Intel\Intel(R) Management Engine Components\DAL;C:\Program Files (x86)\Intel\Intel(R) Management Engine Components\IPT;C:\Program Files\Intel\Intel(R) Management Engine Components\IPT;C:\Program Files\Java\jdk1.8.0_161\bin;C:\Program Files\MongoDB\Server\3.6\bin;C:\Program Files\nodejs\;C:\Program Files\Git\cmd;C:\Users\1\AppData\Local\Microsoft\WindowsApps;C:\Program Files\Bandizip\;C:\Users\1\AppData\Local\atom\bin;C:\Program Files\Microsoft VS Code\bin;C:\Users\1\AppData\Roaming\npm;C:\Users\1\eclipse\jee-oxygen\eclipse;;.]
2018-05-12 22:50:42.885 [localhost-startStop-1] INFO  o.a.c.c.C.[Tomcat].[localhost].[/] - Initializing Spring embedded WebApplicationContext
2018-05-12 22:50:42.885 [localhost-startStop-1] INFO  o.s.web.context.ContextLoader - Root WebApplicationContext: initialization completed in 979 ms
2018-05-12 22:50:42.989 [localhost-startStop-1] INFO  o.s.b.w.s.ServletRegistrationBean - Servlet dispatcherServlet mapped to [/]
2018-05-12 22:50:42.992 [localhost-startStop-1] INFO  o.s.b.w.s.FilterRegistrationBean - Mapping filter: 'characterEncodingFilter' to: [/*]
2018-05-12 22:50:42.992 [localhost-startStop-1] INFO  o.s.b.w.s.FilterRegistrationBean - Mapping filter: 'hiddenHttpMethodFilter' to: [/*]
2018-05-12 22:50:42.992 [localhost-startStop-1] INFO  o.s.b.w.s.FilterRegistrationBean - Mapping filter: 'httpPutFormContentFilter' to: [/*]
2018-05-12 22:50:42.998 [localhost-startStop-1] INFO  o.s.b.w.s.FilterRegistrationBean - Mapping filter: 'requestContextFilter' to: [/*]
2018-05-12 22:50:43.314 [main] INFO  org.mongodb.driver.cluster - Cluster created with settings {hosts=[192.168.1.56:27017], mode=SINGLE, requiredClusterType=UNKNOWN, serverSelectionTimeout='30000 ms', maxWaitQueueSize=500}
2018-05-12 22:50:43.356 [cluster-ClusterId{value='5af6f133deb94b2708744e38', description='null'}-192.168.1.56:27017] INFO  org.mongodb.driver.connection - Opened connection [connectionId{localValue:1, serverValue:590}] to 192.168.1.56:27017
2018-05-12 22:50:43.359 [cluster-ClusterId{value='5af6f133deb94b2708744e38', description='null'}-192.168.1.56:27017] INFO  org.mongodb.driver.cluster - Monitor thread successfully connected to server with description ServerDescription{address=192.168.1.56:27017, type=STANDALONE, state=CONNECTED, ok=true, version=ServerVersion{versionList=[3, 4, 1]}, minWireVersion=0, maxWireVersion=5, maxDocumentSize=16777216, logicalSessionTimeoutMinutes=null, roundTripTimeNanos=1345443}
2018-05-12 22:50:43.792 [main] INFO  o.s.w.s.h.SimpleUrlHandlerMapping - Mapped URL path [/**/favicon.ico] onto handler of type [class org.springframework.web.servlet.resource.ResourceHttpRequestHandler]
2018-05-12 22:50:43.986 [main] INFO  o.s.w.s.m.m.a.RequestMappingHandlerAdapter - Looking for @ControllerAdvice: org.springframework.boot.web.servlet.context.AnnotationConfigServletWebServerApplicationContext@31190526: startup date [Sat May 12 22:50:41 KST 2018]; root of context hierarchy
2018-05-12 22:50:44.044 [main] INFO  o.s.w.s.m.m.a.RequestMappingHandlerMapping - Mapped "{[/]}" onto public java.lang.String kr.co.moocl.controller.MainController.index()
2018-05-12 22:50:44.045 [main] INFO  o.s.w.s.m.m.a.RequestMappingHandlerMapping - Mapped "{[/api/test]}" onto public void kr.co.moocl.restcontroller.MainRestController.testController()
2018-05-12 22:50:44.053 [main] INFO  o.s.w.s.m.m.a.RequestMappingHandlerMapping - Mapped "{[/api/detailinfo],methods=[GET]}" onto public kr.co.moocl.vo.InteMovieVo kr.co.moocl.restcontroller.MainRestController.detailInfo(java.lang.String)
2018-05-12 22:50:44.053 [main] INFO  o.s.w.s.m.m.a.RequestMappingHandlerMapping - Mapped "{[/api/removie]}" onto public java.util.List<kr.co.moocl.vo.InteMovieVo> kr.co.moocl.restcontroller.PersonController.relatedMovies(java.lang.Double)
2018-05-12 22:50:44.054 [main] INFO  o.s.w.s.m.m.a.RequestMappingHandlerMapping - Mapped "{[/api/search],methods=[GET]}" onto public java.util.List<java.util.Map<java.lang.String, java.lang.Object>> kr.co.moocl.restcontroller.SearchRestController.searchInteData(java.lang.String)
2018-05-12 22:50:44.055 [main] INFO  o.s.w.s.m.m.a.RequestMappingHandlerMapping - Mapped "{[/api/login]}" onto public java.util.Map<java.lang.String, java.lang.Object> kr.co.moocl.restcontroller.UsersRestController.login(java.util.Map<java.lang.String, java.lang.String>)
2018-05-12 22:50:44.061 [main] INFO  o.s.w.s.m.m.a.RequestMappingHandlerMapping - Mapped "{[/api/join]}" onto public java.lang.Boolean kr.co.moocl.restcontroller.UsersRestController.joinUser(java.util.Map<java.lang.String, java.lang.Object>)
2018-05-12 22:50:44.061 [main] INFO  o.s.w.s.m.m.a.RequestMappingHandlerMapping - Mapped "{[/api/checkEmail]}" onto public java.lang.Boolean kr.co.moocl.restcontroller.UsersRestController.checkEmail(java.util.Map<java.lang.String, java.lang.String>)
2018-05-12 22:50:44.063 [main] INFO  o.s.w.s.m.m.a.RequestMappingHandlerMapping - Mapped "{[/error]}" onto public org.springframework.http.ResponseEntity<java.util.Map<java.lang.String, java.lang.Object>> org.springframework.boot.autoconfigure.web.servlet.error.BasicErrorController.error(javax.servlet.http.HttpServletRequest)
2018-05-12 22:50:44.063 [main] INFO  o.s.w.s.m.m.a.RequestMappingHandlerMapping - Mapped "{[/error],produces=[text/html]}" onto public org.springframework.web.servlet.ModelAndView org.springframework.boot.autoconfigure.web.servlet.error.BasicErrorController.errorHtml(javax.servlet.http.HttpServletRequest,javax.servlet.http.HttpServletResponse)
2018-05-12 22:50:44.089 [main] INFO  o.s.w.s.h.SimpleUrlHandlerMapping - Mapped URL path [/webjars/**] onto handler of type [class org.springframework.web.servlet.resource.ResourceHttpRequestHandler]
2018-05-12 22:50:44.089 [main] INFO  o.s.w.s.h.SimpleUrlHandlerMapping - Mapped URL path [/**] onto handler of type [class org.springframework.web.servlet.resource.ResourceHttpRequestHandler]
2018-05-12 22:50:44.168 [main] INFO  o.s.b.a.w.s.WelcomePageHandlerMapping - Adding welcome page template: index
2018-05-12 22:50:44.335 [main] INFO  o.s.j.e.a.AnnotationMBeanExporter - Registering beans for JMX exposure on startup
2018-05-12 22:50:44.336 [main] INFO  o.s.j.e.a.AnnotationMBeanExporter - Bean with name 'dataSource' has been autodetected for JMX exposure
2018-05-12 22:50:44.340 [main] INFO  o.s.j.e.a.AnnotationMBeanExporter - Located MBean 'dataSource': registering with JMX server as MBean [com.zaxxer.hikari:name=dataSource,type=HikariDataSource]
2018-05-12 22:50:44.349 [main] INFO  o.a.coyote.http11.Http11NioProtocol - Starting ProtocolHandler ["http-nio-8090"]
2018-05-12 22:50:44.356 [main] INFO  o.a.tomcat.util.net.NioSelectorPool - Using a shared selector for servlet write/read
2018-05-12 22:50:44.366 [main] INFO  o.s.b.w.e.tomcat.TomcatWebServer - Tomcat started on port(s): 8090 (http) with context path ''
2018-05-12 22:50:44.368 [main] INFO  kr.co.moocl.MooclApplication - Started MooclApplication in 2.811 seconds (JVM running for 3.346)
2018-05-12 22:50:51.648 [http-nio-8090-exec-1] INFO  o.a.c.c.C.[Tomcat].[localhost].[/] - Initializing Spring FrameworkServlet 'dispatcherServlet'
2018-05-12 22:50:51.655 [http-nio-8090-exec-1] INFO  o.s.web.servlet.DispatcherServlet - FrameworkServlet 'dispatcherServlet': initialization started
2018-05-12 22:50:51.677 [http-nio-8090-exec-1] INFO  o.s.web.servlet.DispatcherServlet - FrameworkServlet 'dispatcherServlet': initialization completed in 15 ms
2018-05-12 22:50:59.845 [http-nio-8090-exec-2] INFO  k.c.m.r.SearchRestController - searchController keyword:원피스
2018-05-12 22:50:59.853 [http-nio-8090-exec-2] INFO  kr.co.moocl.service.SearchService - inteSearchResult : 원피스
2018-05-12 22:50:59.899 [http-nio-8090-exec-2] INFO  org.mongodb.driver.connection - Opened connection [connectionId{localValue:2, serverValue:591}] to 192.168.1.56:27017
2018-05-12 22:51:00.083 [http-nio-8090-exec-2] INFO  k.c.m.r.SearchRestController - searching result : [{score=[{site=naver, grade=9.02}, {site=daum, grade=8.6}, {site=cgv, grade=0.0}], inteTitle=원피스극장판제트, posterUrl=, movieId=n98403, movieTitle=원피스 극장판 제트}, {score=[{site=naver, grade=9.49}], inteTitle=원피스극장판4기데드엔드의모험, posterUrl=https://movie-phinf.pstatic.net/20160804_255/1470290480524eihgk_JPEG/movie_image.jpg?type=m203_290_2, movieId=n40132, movieTitle=원피스 극장판 4기 - 데드 엔드의 모험}, {score=[{site=naver, grade=7.91}], inteTitle=원피스극장판3기진기한동물섬의쵸파왕국, posterUrl=https://movie-phinf.pstatic.net/20160804_86/14702904170272X965_JPEG/movie_image.jpg?type=m203_290_2, movieId=n40131, movieTitle=원피스 극장판 3기 - 진기한 동물섬의 쵸파 왕국}, {score=[{site=naver, grade=8.68}], inteTitle=원피스tv시리즈, posterUrl=https://movie-phinf.pstatic.net/20111221_196/1324457052450KHYf1_JPEG/movie_image.jpg?type=m203_290_2, movieId=n40128, movieTitle=원피스 - TV 시리즈}, {score=[{site=naver, grade=8.01}], inteTitle=원피스극장판6기오마츠리남작과비밀의섬, posterUrl=https://movie-phinf.pstatic.net/20111223_200/1324595279704qC7g5_JPEG/movie_image.jpg?type=m203_290_2, movieId=n40127, movieTitle=원피스 극장판 6기 - 오마츠리 남작과 비밀의 섬}, {score=[{site=naver, grade=10.0}], inteTitle=원피스스페셜3기지켜라마지막큰무대, posterUrl=https://ssl.pstatic.net/static/movie/2012/06/dft_img203x290.png, movieId=n173367, movieTitle=원피스 스페셜 3기: 지켜라! 마지막 큰 무대}, {score=[{site=naver, grade=0.0}], inteTitle=원피스스페셜2기드넓은바다에펼쳐라아빠의커다란꿈, posterUrl=https://ssl.pstatic.net/static/movie/2012/06/dft_img203x290.png, movieId=n173366, movieTitle=원피스 스페셜 2기: 드넓은 바다에 펼쳐라! 아빠의 커다란 꿈!}, {score=[{site=naver, grade=0.0}], inteTitle=원피스스페셜1기루피떨어지다신비한바다의배꼽대탐험, posterUrl=https://ssl.pstatic.net/static/movie/2012/06/dft_img203x290.png, movieId=n173365, movieTitle=원피스 스페셜 1기: 루피 떨어지다! 신비한 바다의 배꼽 대탐험}, {score=[{site=naver, grade=10.0}], inteTitle=원피스20기new조편, posterUrl=https://ssl.pstatic.net/static/movie/2012/06/dft_img203x290.png, movieId=n153913, movieTitle=원피스 20기 NEW - 조편}, {score=[{site=naver, grade=8.55}], inteTitle=원피스에피소드오브메리또하나의동료이야기, posterUrl=https://movie-phinf.pstatic.net/20140807_110/1407392166584tvXSK_JPEG/movie_image.jpg?type=m203_290_2, movieId=n126362, movieTitle=원피스 : 에피소드 오브 메리 - 또 하나의 동료 이야기}, {score=[{site=daum, grade=0.0}], inteTitle=원피스앳어타임, posterUrl=null, movieId=d54161, movieTitle=원 피스 앳 어 타임}, {score=[{site=daum, grade=9.1}], inteTitle=원피스극장판겨울에피는기적의꽃, posterUrl=null, movieId=d45419, movieTitle=원피스 극장판 - 겨울에 피는 기적의 꽃}]
2018-05-12 22:51:00.495 [http-nio-8090-exec-3] INFO  k.c.m.r.SearchRestController - searchController keyword:원피스
2018-05-12 22:51:00.495 [http-nio-8090-exec-3] INFO  kr.co.moocl.service.SearchService - inteSearchResult : 원피스
2018-05-12 22:51:00.641 [http-nio-8090-exec-3] INFO  k.c.m.r.SearchRestController - searching result : [{score=[{site=naver, grade=9.02}, {site=daum, grade=8.6}, {site=cgv, grade=0.0}], inteTitle=원피스극장판제트, posterUrl=, movieId=n98403, movieTitle=원피스 극장판 제트}, {score=[{site=naver, grade=9.49}], inteTitle=원피스극장판4기데드엔드의모험, posterUrl=https://movie-phinf.pstatic.net/20160804_255/1470290480524eihgk_JPEG/movie_image.jpg?type=m203_290_2, movieId=n40132, movieTitle=원피스 극장판 4기 - 데드 엔드의 모험}, {score=[{site=naver, grade=7.91}], inteTitle=원피스극장판3기진기한동물섬의쵸파왕국, posterUrl=https://movie-phinf.pstatic.net/20160804_86/14702904170272X965_JPEG/movie_image.jpg?type=m203_290_2, movieId=n40131, movieTitle=원피스 극장판 3기 - 진기한 동물섬의 쵸파 왕국}, {score=[{site=naver, grade=8.68}], inteTitle=원피스tv시리즈, posterUrl=https://movie-phinf.pstatic.net/20111221_196/1324457052450KHYf1_JPEG/movie_image.jpg?type=m203_290_2, movieId=n40128, movieTitle=원피스 - TV 시리즈}, {score=[{site=naver, grade=8.01}], inteTitle=원피스극장판6기오마츠리남작과비밀의섬, posterUrl=https://movie-phinf.pstatic.net/20111223_200/1324595279704qC7g5_JPEG/movie_image.jpg?type=m203_290_2, movieId=n40127, movieTitle=원피스 극장판 6기 - 오마츠리 남작과 비밀의 섬}, {score=[{site=naver, grade=10.0}], inteTitle=원피스스페셜3기지켜라마지막큰무대, posterUrl=https://ssl.pstatic.net/static/movie/2012/06/dft_img203x290.png, movieId=n173367, movieTitle=원피스 스페셜 3기: 지켜라! 마지막 큰 무대}, {score=[{site=naver, grade=0.0}], inteTitle=원피스스페셜2기드넓은바다에펼쳐라아빠의커다란꿈, posterUrl=https://ssl.pstatic.net/static/movie/2012/06/dft_img203x290.png, movieId=n173366, movieTitle=원피스 스페셜 2기: 드넓은 바다에 펼쳐라! 아빠의 커다란 꿈!}, {score=[{site=naver, grade=0.0}], inteTitle=원피스스페셜1기루피떨어지다신비한바다의배꼽대탐험, posterUrl=https://ssl.pstatic.net/static/movie/2012/06/dft_img203x290.png, movieId=n173365, movieTitle=원피스 스페셜 1기: 루피 떨어지다! 신비한 바다의 배꼽 대탐험}, {score=[{site=naver, grade=10.0}], inteTitle=원피스20기new조편, posterUrl=https://ssl.pstatic.net/static/movie/2012/06/dft_img203x290.png, movieId=n153913, movieTitle=원피스 20기 NEW - 조편}, {score=[{site=naver, grade=8.55}], inteTitle=원피스에피소드오브메리또하나의동료이야기, posterUrl=https://movie-phinf.pstatic.net/20140807_110/1407392166584tvXSK_JPEG/movie_image.jpg?type=m203_290_2, movieId=n126362, movieTitle=원피스 : 에피소드 오브 메리 - 또 하나의 동료 이야기}, {score=[{site=daum, grade=0.0}], inteTitle=원피스앳어타임, posterUrl=null, movieId=d54161, movieTitle=원 피스 앳 어 타임}, {score=[{site=daum, grade=9.1}], inteTitle=원피스극장판겨울에피는기적의꽃, posterUrl=null, movieId=d45419, movieTitle=원피스 극장판 - 겨울에 피는 기적의 꽃}]
2018-05-12 22:51:01.583 [http-nio-8090-exec-4] INFO  kr.co.moocl.dao.MovieDao - detailInfo: n40132
2018-05-12 22:51:01.599 [http-nio-8090-exec-4] INFO  kr.co.moocl.dao.MovieDao - modify: n40132
2018-05-12 22:51:01.632 [http-nio-8090-exec-4] ERROR o.a.c.c.C.[.[.[.[dispatcherServlet] - Servlet.service() for servlet [dispatcherServlet] in context with path [] threw exception [Request processing failed; nested exception is java.lang.NullPointerException] with root cause
java.lang.NullPointerException: null
	at kr.co.moocl.service.MainService.modifyForDetail(MainService.java:35)
	at kr.co.moocl.restcontroller.MainRestController.detailInfo(MainRestController.java:28)
	at sun.reflect.NativeMethodAccessorImpl.invoke0(Native Method)
	at sun.reflect.NativeMethodAccessorImpl.invoke(Unknown Source)
	at sun.reflect.DelegatingMethodAccessorImpl.invoke(Unknown Source)
	at java.lang.reflect.Method.invoke(Unknown Source)
	at org.springframework.web.method.support.InvocableHandlerMethod.doInvoke(InvocableHandlerMethod.java:209)
	at org.springframework.web.method.support.InvocableHandlerMethod.invokeForRequest(InvocableHandlerMethod.java:136)
	at org.springframework.web.servlet.mvc.method.annotation.ServletInvocableHandlerMethod.invokeAndHandle(ServletInvocableHandlerMethod.java:102)
	at org.springframework.web.servlet.mvc.method.annotation.RequestMappingHandlerAdapter.invokeHandlerMethod(RequestMappingHandlerAdapter.java:877)
	at org.springframework.web.servlet.mvc.method.annotation.RequestMappingHandlerAdapter.handleInternal(RequestMappingHandlerAdapter.java:783)
	at org.springframework.web.servlet.mvc.method.AbstractHandlerMethodAdapter.handle(AbstractHandlerMethodAdapter.java:87)
	at org.springframework.web.servlet.DispatcherServlet.doDispatch(DispatcherServlet.java:991)
	at org.springframework.web.servlet.DispatcherServlet.doService(DispatcherServlet.java:925)
	at org.springframework.web.servlet.FrameworkServlet.processRequest(FrameworkServlet.java:974)
	at org.springframework.web.servlet.FrameworkServlet.doGet(FrameworkServlet.java:866)
	at javax.servlet.http.HttpServlet.service(HttpServlet.java:635)
	at org.springframework.web.servlet.FrameworkServlet.service(FrameworkServlet.java:851)
	at javax.servlet.http.HttpServlet.service(HttpServlet.java:742)
	at org.apache.catalina.core.ApplicationFilterChain.internalDoFilter(ApplicationFilterChain.java:231)
	at org.apache.catalina.core.ApplicationFilterChain.doFilter(ApplicationFilterChain.java:166)
	at org.apache.tomcat.websocket.server.WsFilter.doFilter(WsFilter.java:52)
	at org.apache.catalina.core.ApplicationFilterChain.internalDoFilter(ApplicationFilterChain.java:193)
	at org.apache.catalina.core.ApplicationFilterChain.doFilter(ApplicationFilterChain.java:166)
	at org.springframework.web.filter.RequestContextFilter.doFilterInternal(RequestContextFilter.java:99)
	at org.springframework.web.filter.OncePerRequestFilter.doFilter(OncePerRequestFilter.java:107)
	at org.apache.catalina.core.ApplicationFilterChain.internalDoFilter(ApplicationFilterChain.java:193)
	at org.apache.catalina.core.ApplicationFilterChain.doFilter(ApplicationFilterChain.java:166)
	at org.springframework.web.filter.HttpPutFormContentFilter.doFilterInternal(HttpPutFormContentFilter.java:109)
	at org.springframework.web.filter.OncePerRequestFilter.doFilter(OncePerRequestFilter.java:107)
	at org.apache.catalina.core.ApplicationFilterChain.internalDoFilter(ApplicationFilterChain.java:193)
	at org.apache.catalina.core.ApplicationFilterChain.doFilter(ApplicationFilterChain.java:166)
	at org.springframework.web.filter.HiddenHttpMethodFilter.doFilterInternal(HiddenHttpMethodFilter.java:81)
	at org.springframework.web.filter.OncePerRequestFilter.doFilter(OncePerRequestFilter.java:107)
	at org.apache.catalina.core.ApplicationFilterChain.internalDoFilter(ApplicationFilterChain.java:193)
	at org.apache.catalina.core.ApplicationFilterChain.doFilter(ApplicationFilterChain.java:166)
	at org.springframework.web.filter.CharacterEncodingFilter.doFilterInternal(CharacterEncodingFilter.java:200)
	at org.springframework.web.filter.OncePerRequestFilter.doFilter(OncePerRequestFilter.java:107)
	at org.apache.catalina.core.ApplicationFilterChain.internalDoFilter(ApplicationFilterChain.java:193)
	at org.apache.catalina.core.ApplicationFilterChain.doFilter(ApplicationFilterChain.java:166)
	at org.apache.catalina.core.StandardWrapperValve.invoke(StandardWrapperValve.java:198)
	at org.apache.catalina.core.StandardContextValve.invoke(StandardContextValve.java:96)
	at org.apache.catalina.authenticator.AuthenticatorBase.invoke(AuthenticatorBase.java:496)
	at org.apache.catalina.core.StandardHostValve.invoke(StandardHostValve.java:140)
	at org.apache.catalina.valves.ErrorReportValve.invoke(ErrorReportValve.java:81)
	at org.apache.catalina.core.StandardEngineValve.invoke(StandardEngineValve.java:87)
	at org.apache.catalina.connector.CoyoteAdapter.service(CoyoteAdapter.java:342)
	at org.apache.coyote.http11.Http11Processor.service(Http11Processor.java:803)
	at org.apache.coyote.AbstractProcessorLight.process(AbstractProcessorLight.java:66)
	at org.apache.coyote.AbstractProtocol$ConnectionHandler.process(AbstractProtocol.java:790)
	at org.apache.tomcat.util.net.NioEndpoint$SocketProcessor.doRun(NioEndpoint.java:1459)
	at org.apache.tomcat.util.net.SocketProcessorBase.run(SocketProcessorBase.java:49)
	at java.util.concurrent.ThreadPoolExecutor.runWorker(Unknown Source)
	at java.util.concurrent.ThreadPoolExecutor$Worker.run(Unknown Source)
	at org.apache.tomcat.util.threads.TaskThread$WrappingRunnable.run(TaskThread.java:61)
	at java.lang.Thread.run(Unknown Source)
2018-05-12 22:52:50.526 [RMI TCP Connection(2)-127.0.0.1] INFO  o.s.b.a.SpringApplicationAdminMXBeanRegistrar$SpringApplicationAdmin - Application shutdown requested.
2018-05-12 22:52:50.532 [RMI TCP Connection(2)-127.0.0.1] INFO  o.s.b.w.s.c.AnnotationConfigServletWebServerApplicationContext - Closing org.springframework.boot.web.servlet.context.AnnotationConfigServletWebServerApplicationContext@31190526: startup date [Sat May 12 22:50:41 KST 2018]; root of context hierarchy
2018-05-12 22:52:50.534 [RMI TCP Connection(2)-127.0.0.1] INFO  o.s.j.e.a.AnnotationMBeanExporter - Unregistering JMX-exposed beans on shutdown
2018-05-12 22:52:50.540 [RMI TCP Connection(2)-127.0.0.1] INFO  o.s.j.e.a.AnnotationMBeanExporter - Unregistering JMX-exposed beans
2018-05-12 22:52:50.542 [RMI TCP Connection(2)-127.0.0.1] INFO  org.mongodb.driver.connection - Closed connection [connectionId{localValue:2, serverValue:591}] to 192.168.1.56:27017 because the pool has been closed.
2018-05-12 22:52:53.743 [main] INFO  kr.co.moocl.MooclApplication - Starting MooclApplication on DESKTOP-1746CEU with PID 10560 (C:\Users\1\Desktop\Bit_Project\MooCl\Moocl\target\classes started by 1 in C:\Users\1\Desktop\Bit_Project\MooCl\Moocl)
2018-05-12 22:52:53.746 [main] INFO  kr.co.moocl.MooclApplication - No active profile set, falling back to default profiles: default
2018-05-12 22:52:53.778 [main] INFO  o.s.b.w.s.c.AnnotationConfigServletWebServerApplicationContext - Refreshing org.springframework.boot.web.servlet.context.AnnotationConfigServletWebServerApplicationContext@31190526: startup date [Sat May 12 22:52:53 KST 2018]; root of context hierarchy
2018-05-12 22:52:54.160 [main] WARN  o.m.s.mapper.ClassPathMapperScanner - No MyBatis mapper was found in '[kr.co.moocl]' package. Please check your configuration.
2018-05-12 22:52:54.451 [main] INFO  o.s.c.s.PostProcessorRegistrationDelegate$BeanPostProcessorChecker - Bean 'org.springframework.transaction.annotation.ProxyTransactionManagementConfiguration' of type [org.springframework.transaction.annotation.ProxyTransactionManagementConfiguration$$EnhancerBySpringCGLIB$$6adca380] is not eligible for getting processed by all BeanPostProcessors (for example: not eligible for auto-proxying)
2018-05-12 22:52:54.670 [main] INFO  o.s.b.w.e.tomcat.TomcatWebServer - Tomcat initialized with port(s): 8090 (http)
2018-05-12 22:52:54.679 [main] INFO  o.a.coyote.http11.Http11NioProtocol - Initializing ProtocolHandler ["http-nio-8090"]
2018-05-12 22:52:54.684 [main] INFO  o.a.catalina.core.StandardService - Starting service [Tomcat]
2018-05-12 22:52:54.690 [main] INFO  o.a.catalina.core.StandardEngine - Starting Servlet Engine: Apache Tomcat/8.5.29
2018-05-12 22:52:54.693 [localhost-startStop-1] INFO  o.a.c.core.AprLifecycleListener - The APR based Apache Tomcat Native library which allows optimal performance in production environments was not found on the java.library.path: [C:\Program Files\Java\jre1.8.0_161\bin;C:\WINDOWS\Sun\Java\bin;C:\WINDOWS\system32;C:\WINDOWS;C:/Program Files/Java/jre1.8.0_161/bin/server;C:/Program Files/Java/jre1.8.0_161/bin;C:/Program Files/Java/jre1.8.0_161/lib/amd64;C:\oraclexe\app\oracle\product\11.2.0\server\bin;C:\ProgramData\Anaconda3;C:\ProgramData\Anaconda3\Library\mingw-w64\bin;C:\ProgramData\Anaconda3\Library\usr\bin;C:\ProgramData\Anaconda3\Library\bin;C:\ProgramData\Anaconda3\Scripts;C:\ProgramData\Oracle\Java\javapath;C:\Program Files (x86)\Intel\iCLS Client\;C:\Program Files\Intel\iCLS Client\;C:\WINDOWS\system32;C:\WINDOWS;C:\WINDOWS\System32\Wbem;C:\WINDOWS\System32\WindowsPowerShell\v1.0\;C:\Program Files (x86)\Intel\Intel(R) Management Engine Components\DAL;C:\Program Files\Intel\Intel(R) Management Engine Components\DAL;C:\Program Files (x86)\Intel\Intel(R) Management Engine Components\IPT;C:\Program Files\Intel\Intel(R) Management Engine Components\IPT;C:\Program Files\Java\jdk1.8.0_161\bin;C:\Program Files\MongoDB\Server\3.6\bin;C:\Program Files\nodejs\;C:\Program Files\Git\cmd;C:\Users\1\AppData\Local\Microsoft\WindowsApps;C:\Program Files\Bandizip\;C:\Users\1\AppData\Local\atom\bin;C:\Program Files\Microsoft VS Code\bin;C:\Users\1\AppData\Roaming\npm;C:\Users\1\eclipse\jee-oxygen\eclipse;;.]
2018-05-12 22:52:54.760 [localhost-startStop-1] INFO  o.a.c.c.C.[Tomcat].[localhost].[/] - Initializing Spring embedded WebApplicationContext
2018-05-12 22:52:54.761 [localhost-startStop-1] INFO  o.s.web.context.ContextLoader - Root WebApplicationContext: initialization completed in 984 ms
2018-05-12 22:52:54.868 [localhost-startStop-1] INFO  o.s.b.w.s.ServletRegistrationBean - Servlet dispatcherServlet mapped to [/]
2018-05-12 22:52:54.872 [localhost-startStop-1] INFO  o.s.b.w.s.FilterRegistrationBean - Mapping filter: 'characterEncodingFilter' to: [/*]
2018-05-12 22:52:54.872 [localhost-startStop-1] INFO  o.s.b.w.s.FilterRegistrationBean - Mapping filter: 'hiddenHttpMethodFilter' to: [/*]
2018-05-12 22:52:54.872 [localhost-startStop-1] INFO  o.s.b.w.s.FilterRegistrationBean - Mapping filter: 'httpPutFormContentFilter' to: [/*]
2018-05-12 22:52:54.879 [localhost-startStop-1] INFO  o.s.b.w.s.FilterRegistrationBean - Mapping filter: 'requestContextFilter' to: [/*]
2018-05-12 22:52:55.185 [main] INFO  org.mongodb.driver.cluster - Cluster created with settings {hosts=[192.168.1.56:27017], mode=SINGLE, requiredClusterType=UNKNOWN, serverSelectionTimeout='30000 ms', maxWaitQueueSize=500}
2018-05-12 22:52:55.229 [cluster-ClusterId{value='5af6f1b7deb94b294063076e', description='null'}-192.168.1.56:27017] INFO  org.mongodb.driver.connection - Opened connection [connectionId{localValue:1, serverValue:592}] to 192.168.1.56:27017
2018-05-12 22:52:55.231 [cluster-ClusterId{value='5af6f1b7deb94b294063076e', description='null'}-192.168.1.56:27017] INFO  org.mongodb.driver.cluster - Monitor thread successfully connected to server with description ServerDescription{address=192.168.1.56:27017, type=STANDALONE, state=CONNECTED, ok=true, version=ServerVersion{versionList=[3, 4, 1]}, minWireVersion=0, maxWireVersion=5, maxDocumentSize=16777216, logicalSessionTimeoutMinutes=null, roundTripTimeNanos=1407998}
2018-05-12 22:52:55.661 [main] INFO  o.s.w.s.h.SimpleUrlHandlerMapping - Mapped URL path [/**/favicon.ico] onto handler of type [class org.springframework.web.servlet.resource.ResourceHttpRequestHandler]
2018-05-12 22:52:55.844 [main] INFO  o.s.w.s.m.m.a.RequestMappingHandlerAdapter - Looking for @ControllerAdvice: org.springframework.boot.web.servlet.context.AnnotationConfigServletWebServerApplicationContext@31190526: startup date [Sat May 12 22:52:53 KST 2018]; root of context hierarchy
2018-05-12 22:52:55.906 [main] INFO  o.s.w.s.m.m.a.RequestMappingHandlerMapping - Mapped "{[/]}" onto public java.lang.String kr.co.moocl.controller.MainController.index()
2018-05-12 22:52:55.909 [main] INFO  o.s.w.s.m.m.a.RequestMappingHandlerMapping - Mapped "{[/api/detailinfo],methods=[GET]}" onto public kr.co.moocl.vo.InteMovieVo kr.co.moocl.restcontroller.MainRestController.detailInfo(java.lang.String)
2018-05-12 22:52:55.915 [main] INFO  o.s.w.s.m.m.a.RequestMappingHandlerMapping - Mapped "{[/api/test]}" onto public void kr.co.moocl.restcontroller.MainRestController.testController()
2018-05-12 22:52:55.916 [main] INFO  o.s.w.s.m.m.a.RequestMappingHandlerMapping - Mapped "{[/api/removie]}" onto public java.util.List<kr.co.moocl.vo.InteMovieVo> kr.co.moocl.restcontroller.PersonController.relatedMovies(java.lang.Double)
2018-05-12 22:52:55.916 [main] INFO  o.s.w.s.m.m.a.RequestMappingHandlerMapping - Mapped "{[/api/search],methods=[GET]}" onto public java.util.List<java.util.Map<java.lang.String, java.lang.Object>> kr.co.moocl.restcontroller.SearchRestController.searchInteData(java.lang.String)
2018-05-12 22:52:55.917 [main] INFO  o.s.w.s.m.m.a.RequestMappingHandlerMapping - Mapped "{[/api/login]}" onto public java.util.Map<java.lang.String, java.lang.Object> kr.co.moocl.restcontroller.UsersRestController.login(java.util.Map<java.lang.String, java.lang.String>)
2018-05-12 22:52:55.922 [main] INFO  o.s.w.s.m.m.a.RequestMappingHandlerMapping - Mapped "{[/api/join]}" onto public java.lang.Boolean kr.co.moocl.restcontroller.UsersRestController.joinUser(java.util.Map<java.lang.String, java.lang.Object>)
2018-05-12 22:52:55.923 [main] INFO  o.s.w.s.m.m.a.RequestMappingHandlerMapping - Mapped "{[/api/checkEmail]}" onto public java.lang.Boolean kr.co.moocl.restcontroller.UsersRestController.checkEmail(java.util.Map<java.lang.String, java.lang.String>)
2018-05-12 22:52:55.925 [main] INFO  o.s.w.s.m.m.a.RequestMappingHandlerMapping - Mapped "{[/error]}" onto public org.springframework.http.ResponseEntity<java.util.Map<java.lang.String, java.lang.Object>> org.springframework.boot.autoconfigure.web.servlet.error.BasicErrorController.error(javax.servlet.http.HttpServletRequest)
2018-05-12 22:52:55.925 [main] INFO  o.s.w.s.m.m.a.RequestMappingHandlerMapping - Mapped "{[/error],produces=[text/html]}" onto public org.springframework.web.servlet.ModelAndView org.springframework.boot.autoconfigure.web.servlet.error.BasicErrorController.errorHtml(javax.servlet.http.HttpServletRequest,javax.servlet.http.HttpServletResponse)
2018-05-12 22:52:55.954 [main] INFO  o.s.w.s.h.SimpleUrlHandlerMapping - Mapped URL path [/webjars/**] onto handler of type [class org.springframework.web.servlet.resource.ResourceHttpRequestHandler]
2018-05-12 22:52:55.954 [main] INFO  o.s.w.s.h.SimpleUrlHandlerMapping - Mapped URL path [/**] onto handler of type [class org.springframework.web.servlet.resource.ResourceHttpRequestHandler]
2018-05-12 22:52:56.035 [main] INFO  o.s.b.a.w.s.WelcomePageHandlerMapping - Adding welcome page template: index
2018-05-12 22:52:56.209 [main] INFO  o.s.j.e.a.AnnotationMBeanExporter - Registering beans for JMX exposure on startup
2018-05-12 22:52:56.210 [main] INFO  o.s.j.e.a.AnnotationMBeanExporter - Bean with name 'dataSource' has been autodetected for JMX exposure
2018-05-12 22:52:56.214 [main] INFO  o.s.j.e.a.AnnotationMBeanExporter - Located MBean 'dataSource': registering with JMX server as MBean [com.zaxxer.hikari:name=dataSource,type=HikariDataSource]
2018-05-12 22:52:56.223 [main] INFO  o.a.coyote.http11.Http11NioProtocol - Starting ProtocolHandler ["http-nio-8090"]
2018-05-12 22:52:56.230 [main] INFO  o.a.tomcat.util.net.NioSelectorPool - Using a shared selector for servlet write/read
2018-05-12 22:52:56.240 [main] INFO  o.s.b.w.e.tomcat.TomcatWebServer - Tomcat started on port(s): 8090 (http) with context path ''
2018-05-12 22:52:56.243 [main] INFO  kr.co.moocl.MooclApplication - Started MooclApplication in 2.826 seconds (JVM running for 3.355)
2018-05-12 22:53:15.440 [http-nio-8090-exec-1] INFO  o.a.c.c.C.[Tomcat].[localhost].[/] - Initializing Spring FrameworkServlet 'dispatcherServlet'
2018-05-12 22:53:15.447 [http-nio-8090-exec-1] INFO  o.s.web.servlet.DispatcherServlet - FrameworkServlet 'dispatcherServlet': initialization started
2018-05-12 22:53:15.470 [http-nio-8090-exec-1] INFO  o.s.web.servlet.DispatcherServlet - FrameworkServlet 'dispatcherServlet': initialization completed in 17 ms
2018-05-12 22:53:29.053 [http-nio-8090-exec-6] INFO  k.c.m.r.SearchRestController - searchController keyword:원피스
2018-05-12 22:53:29.060 [http-nio-8090-exec-6] INFO  kr.co.moocl.service.SearchService - inteSearchResult : 원피스
2018-05-12 22:53:29.110 [http-nio-8090-exec-6] INFO  org.mongodb.driver.connection - Opened connection [connectionId{localValue:2, serverValue:593}] to 192.168.1.56:27017
2018-05-12 22:53:29.269 [http-nio-8090-exec-6] INFO  k.c.m.r.SearchRestController - searching result : [{score=[{site=naver, grade=9.02}, {site=daum, grade=8.6}, {site=cgv, grade=0.0}], inteTitle=원피스극장판제트, posterUrl=, movieId=n98403, movieTitle=원피스 극장판 제트}, {score=[{site=naver, grade=9.49}], inteTitle=원피스극장판4기데드엔드의모험, posterUrl=https://movie-phinf.pstatic.net/20160804_255/1470290480524eihgk_JPEG/movie_image.jpg?type=m203_290_2, movieId=n40132, movieTitle=원피스 극장판 4기 - 데드 엔드의 모험}, {score=[{site=naver, grade=7.91}], inteTitle=원피스극장판3기진기한동물섬의쵸파왕국, posterUrl=https://movie-phinf.pstatic.net/20160804_86/14702904170272X965_JPEG/movie_image.jpg?type=m203_290_2, movieId=n40131, movieTitle=원피스 극장판 3기 - 진기한 동물섬의 쵸파 왕국}, {score=[{site=naver, grade=8.68}], inteTitle=원피스tv시리즈, posterUrl=https://movie-phinf.pstatic.net/20111221_196/1324457052450KHYf1_JPEG/movie_image.jpg?type=m203_290_2, movieId=n40128, movieTitle=원피스 - TV 시리즈}, {score=[{site=naver, grade=8.01}], inteTitle=원피스극장판6기오마츠리남작과비밀의섬, posterUrl=https://movie-phinf.pstatic.net/20111223_200/1324595279704qC7g5_JPEG/movie_image.jpg?type=m203_290_2, movieId=n40127, movieTitle=원피스 극장판 6기 - 오마츠리 남작과 비밀의 섬}, {score=[{site=naver, grade=10.0}], inteTitle=원피스스페셜3기지켜라마지막큰무대, posterUrl=https://ssl.pstatic.net/static/movie/2012/06/dft_img203x290.png, movieId=n173367, movieTitle=원피스 스페셜 3기: 지켜라! 마지막 큰 무대}, {score=[{site=naver, grade=0.0}], inteTitle=원피스스페셜2기드넓은바다에펼쳐라아빠의커다란꿈, posterUrl=https://ssl.pstatic.net/static/movie/2012/06/dft_img203x290.png, movieId=n173366, movieTitle=원피스 스페셜 2기: 드넓은 바다에 펼쳐라! 아빠의 커다란 꿈!}, {score=[{site=naver, grade=0.0}], inteTitle=원피스스페셜1기루피떨어지다신비한바다의배꼽대탐험, posterUrl=https://ssl.pstatic.net/static/movie/2012/06/dft_img203x290.png, movieId=n173365, movieTitle=원피스 스페셜 1기: 루피 떨어지다! 신비한 바다의 배꼽 대탐험}, {score=[{site=naver, grade=10.0}], inteTitle=원피스20기new조편, posterUrl=https://ssl.pstatic.net/static/movie/2012/06/dft_img203x290.png, movieId=n153913, movieTitle=원피스 20기 NEW - 조편}, {score=[{site=naver, grade=8.55}], inteTitle=원피스에피소드오브메리또하나의동료이야기, posterUrl=https://movie-phinf.pstatic.net/20140807_110/1407392166584tvXSK_JPEG/movie_image.jpg?type=m203_290_2, movieId=n126362, movieTitle=원피스 : 에피소드 오브 메리 - 또 하나의 동료 이야기}, {score=[{site=daum, grade=0.0}], inteTitle=원피스앳어타임, posterUrl=null, movieId=d54161, movieTitle=원 피스 앳 어 타임}, {score=[{site=daum, grade=9.1}], inteTitle=원피스극장판겨울에피는기적의꽃, posterUrl=null, movieId=d45419, movieTitle=원피스 극장판 - 겨울에 피는 기적의 꽃}]
2018-05-12 22:53:30.776 [http-nio-8090-exec-7] INFO  kr.co.moocl.dao.MovieDao - detailInfo: n40132
2018-05-12 22:53:30.785 [http-nio-8090-exec-7] INFO  kr.co.moocl.dao.MovieDao - modify: n40132
2018-05-12 22:53:30.810 [http-nio-8090-exec-7] ERROR o.a.c.c.C.[.[.[.[dispatcherServlet] - Servlet.service() for servlet [dispatcherServlet] in context with path [] threw exception [Request processing failed; nested exception is java.lang.NullPointerException] with root cause
java.lang.NullPointerException: null
	at kr.co.moocl.service.MainService.modifyForDetail(MainService.java:39)
	at kr.co.moocl.restcontroller.MainRestController.detailInfo(MainRestController.java:28)
	at sun.reflect.NativeMethodAccessorImpl.invoke0(Native Method)
	at sun.reflect.NativeMethodAccessorImpl.invoke(Unknown Source)
	at sun.reflect.DelegatingMethodAccessorImpl.invoke(Unknown Source)
	at java.lang.reflect.Method.invoke(Unknown Source)
	at org.springframework.web.method.support.InvocableHandlerMethod.doInvoke(InvocableHandlerMethod.java:209)
	at org.springframework.web.method.support.InvocableHandlerMethod.invokeForRequest(InvocableHandlerMethod.java:136)
	at org.springframework.web.servlet.mvc.method.annotation.ServletInvocableHandlerMethod.invokeAndHandle(ServletInvocableHandlerMethod.java:102)
	at org.springframework.web.servlet.mvc.method.annotation.RequestMappingHandlerAdapter.invokeHandlerMethod(RequestMappingHandlerAdapter.java:877)
	at org.springframework.web.servlet.mvc.method.annotation.RequestMappingHandlerAdapter.handleInternal(RequestMappingHandlerAdapter.java:783)
	at org.springframework.web.servlet.mvc.method.AbstractHandlerMethodAdapter.handle(AbstractHandlerMethodAdapter.java:87)
	at org.springframework.web.servlet.DispatcherServlet.doDispatch(DispatcherServlet.java:991)
	at org.springframework.web.servlet.DispatcherServlet.doService(DispatcherServlet.java:925)
	at org.springframework.web.servlet.FrameworkServlet.processRequest(FrameworkServlet.java:974)
	at org.springframework.web.servlet.FrameworkServlet.doGet(FrameworkServlet.java:866)
	at javax.servlet.http.HttpServlet.service(HttpServlet.java:635)
	at org.springframework.web.servlet.FrameworkServlet.service(FrameworkServlet.java:851)
	at javax.servlet.http.HttpServlet.service(HttpServlet.java:742)
	at org.apache.catalina.core.ApplicationFilterChain.internalDoFilter(ApplicationFilterChain.java:231)
	at org.apache.catalina.core.ApplicationFilterChain.doFilter(ApplicationFilterChain.java:166)
	at org.apache.tomcat.websocket.server.WsFilter.doFilter(WsFilter.java:52)
	at org.apache.catalina.core.ApplicationFilterChain.internalDoFilter(ApplicationFilterChain.java:193)
	at org.apache.catalina.core.ApplicationFilterChain.doFilter(ApplicationFilterChain.java:166)
	at org.springframework.web.filter.RequestContextFilter.doFilterInternal(RequestContextFilter.java:99)
	at org.springframework.web.filter.OncePerRequestFilter.doFilter(OncePerRequestFilter.java:107)
	at org.apache.catalina.core.ApplicationFilterChain.internalDoFilter(ApplicationFilterChain.java:193)
	at org.apache.catalina.core.ApplicationFilterChain.doFilter(ApplicationFilterChain.java:166)
	at org.springframework.web.filter.HttpPutFormContentFilter.doFilterInternal(HttpPutFormContentFilter.java:109)
	at org.springframework.web.filter.OncePerRequestFilter.doFilter(OncePerRequestFilter.java:107)
	at org.apache.catalina.core.ApplicationFilterChain.internalDoFilter(ApplicationFilterChain.java:193)
	at org.apache.catalina.core.ApplicationFilterChain.doFilter(ApplicationFilterChain.java:166)
	at org.springframework.web.filter.HiddenHttpMethodFilter.doFilterInternal(HiddenHttpMethodFilter.java:81)
	at org.springframework.web.filter.OncePerRequestFilter.doFilter(OncePerRequestFilter.java:107)
	at org.apache.catalina.core.ApplicationFilterChain.internalDoFilter(ApplicationFilterChain.java:193)
	at org.apache.catalina.core.ApplicationFilterChain.doFilter(ApplicationFilterChain.java:166)
	at org.springframework.web.filter.CharacterEncodingFilter.doFilterInternal(CharacterEncodingFilter.java:200)
	at org.springframework.web.filter.OncePerRequestFilter.doFilter(OncePerRequestFilter.java:107)
	at org.apache.catalina.core.ApplicationFilterChain.internalDoFilter(ApplicationFilterChain.java:193)
	at org.apache.catalina.core.ApplicationFilterChain.doFilter(ApplicationFilterChain.java:166)
	at org.apache.catalina.core.StandardWrapperValve.invoke(StandardWrapperValve.java:198)
	at org.apache.catalina.core.StandardContextValve.invoke(StandardContextValve.java:96)
	at org.apache.catalina.authenticator.AuthenticatorBase.invoke(AuthenticatorBase.java:496)
	at org.apache.catalina.core.StandardHostValve.invoke(StandardHostValve.java:140)
	at org.apache.catalina.valves.ErrorReportValve.invoke(ErrorReportValve.java:81)
	at org.apache.catalina.core.StandardEngineValve.invoke(StandardEngineValve.java:87)
	at org.apache.catalina.connector.CoyoteAdapter.service(CoyoteAdapter.java:342)
	at org.apache.coyote.http11.Http11Processor.service(Http11Processor.java:803)
	at org.apache.coyote.AbstractProcessorLight.process(AbstractProcessorLight.java:66)
	at org.apache.coyote.AbstractProtocol$ConnectionHandler.process(AbstractProtocol.java:790)
	at org.apache.tomcat.util.net.NioEndpoint$SocketProcessor.doRun(NioEndpoint.java:1459)
	at org.apache.tomcat.util.net.SocketProcessorBase.run(SocketProcessorBase.java:49)
	at java.util.concurrent.ThreadPoolExecutor.runWorker(Unknown Source)
	at java.util.concurrent.ThreadPoolExecutor$Worker.run(Unknown Source)
	at org.apache.tomcat.util.threads.TaskThread$WrappingRunnable.run(TaskThread.java:61)
	at java.lang.Thread.run(Unknown Source)
2018-05-12 22:55:17.878 [RMI TCP Connection(2)-127.0.0.1] INFO  o.s.b.a.SpringApplicationAdminMXBeanRegistrar$SpringApplicationAdmin - Application shutdown requested.
2018-05-12 22:55:17.885 [RMI TCP Connection(2)-127.0.0.1] INFO  o.s.b.w.s.c.AnnotationConfigServletWebServerApplicationContext - Closing org.springframework.boot.web.servlet.context.AnnotationConfigServletWebServerApplicationContext@31190526: startup date [Sat May 12 22:52:53 KST 2018]; root of context hierarchy
2018-05-12 22:55:17.892 [RMI TCP Connection(2)-127.0.0.1] INFO  o.s.j.e.a.AnnotationMBeanExporter - Unregistering JMX-exposed beans on shutdown
2018-05-12 22:55:17.893 [RMI TCP Connection(2)-127.0.0.1] INFO  o.s.j.e.a.AnnotationMBeanExporter - Unregistering JMX-exposed beans
2018-05-12 22:55:17.900 [RMI TCP Connection(2)-127.0.0.1] INFO  org.mongodb.driver.connection - Closed connection [connectionId{localValue:2, serverValue:593}] to 192.168.1.56:27017 because the pool has been closed.
2018-05-12 22:55:53.720 [main] INFO  kr.co.moocl.MooclApplication - Starting MooclApplication on DESKTOP-1746CEU with PID 2344 (C:\Users\1\Desktop\Bit_Project\MooCl\Moocl\target\classes started by 1 in C:\Users\1\Desktop\Bit_Project\MooCl\Moocl)
2018-05-12 22:55:53.723 [main] INFO  kr.co.moocl.MooclApplication - No active profile set, falling back to default profiles: default
2018-05-12 22:55:53.752 [main] INFO  o.s.b.w.s.c.AnnotationConfigServletWebServerApplicationContext - Refreshing org.springframework.boot.web.servlet.context.AnnotationConfigServletWebServerApplicationContext@31190526: startup date [Sat May 12 22:55:53 KST 2018]; root of context hierarchy
2018-05-12 22:55:54.173 [main] WARN  o.m.s.mapper.ClassPathMapperScanner - No MyBatis mapper was found in '[kr.co.moocl]' package. Please check your configuration.
2018-05-12 22:55:54.458 [main] INFO  o.s.c.s.PostProcessorRegistrationDelegate$BeanPostProcessorChecker - Bean 'org.springframework.transaction.annotation.ProxyTransactionManagementConfiguration' of type [org.springframework.transaction.annotation.ProxyTransactionManagementConfiguration$$EnhancerBySpringCGLIB$$bb0d96ec] is not eligible for getting processed by all BeanPostProcessors (for example: not eligible for auto-proxying)
2018-05-12 22:55:54.687 [main] INFO  o.s.b.w.e.tomcat.TomcatWebServer - Tomcat initialized with port(s): 8090 (http)
2018-05-12 22:55:54.695 [main] INFO  o.a.coyote.http11.Http11NioProtocol - Initializing ProtocolHandler ["http-nio-8090"]
2018-05-12 22:55:54.701 [main] INFO  o.a.catalina.core.StandardService - Starting service [Tomcat]
2018-05-12 22:55:54.706 [main] INFO  o.a.catalina.core.StandardEngine - Starting Servlet Engine: Apache Tomcat/8.5.29
2018-05-12 22:55:54.709 [localhost-startStop-1] INFO  o.a.c.core.AprLifecycleListener - The APR based Apache Tomcat Native library which allows optimal performance in production environments was not found on the java.library.path: [C:\Program Files\Java\jre1.8.0_161\bin;C:\WINDOWS\Sun\Java\bin;C:\WINDOWS\system32;C:\WINDOWS;C:/Program Files/Java/jre1.8.0_161/bin/server;C:/Program Files/Java/jre1.8.0_161/bin;C:/Program Files/Java/jre1.8.0_161/lib/amd64;C:\oraclexe\app\oracle\product\11.2.0\server\bin;C:\ProgramData\Anaconda3;C:\ProgramData\Anaconda3\Library\mingw-w64\bin;C:\ProgramData\Anaconda3\Library\usr\bin;C:\ProgramData\Anaconda3\Library\bin;C:\ProgramData\Anaconda3\Scripts;C:\ProgramData\Oracle\Java\javapath;C:\Program Files (x86)\Intel\iCLS Client\;C:\Program Files\Intel\iCLS Client\;C:\WINDOWS\system32;C:\WINDOWS;C:\WINDOWS\System32\Wbem;C:\WINDOWS\System32\WindowsPowerShell\v1.0\;C:\Program Files (x86)\Intel\Intel(R) Management Engine Components\DAL;C:\Program Files\Intel\Intel(R) Management Engine Components\DAL;C:\Program Files (x86)\Intel\Intel(R) Management Engine Components\IPT;C:\Program Files\Intel\Intel(R) Management Engine Components\IPT;C:\Program Files\Java\jdk1.8.0_161\bin;C:\Program Files\MongoDB\Server\3.6\bin;C:\Program Files\nodejs\;C:\Program Files\Git\cmd;C:\Users\1\AppData\Local\Microsoft\WindowsApps;C:\Program Files\Bandizip\;C:\Users\1\AppData\Local\atom\bin;C:\Program Files\Microsoft VS Code\bin;C:\Users\1\AppData\Roaming\npm;C:\Users\1\eclipse\jee-oxygen\eclipse;;.]
2018-05-12 22:55:54.776 [localhost-startStop-1] INFO  o.a.c.c.C.[Tomcat].[localhost].[/] - Initializing Spring embedded WebApplicationContext
2018-05-12 22:55:54.776 [localhost-startStop-1] INFO  o.s.web.context.ContextLoader - Root WebApplicationContext: initialization completed in 1024 ms
2018-05-12 22:55:54.896 [localhost-startStop-1] INFO  o.s.b.w.s.ServletRegistrationBean - Servlet dispatcherServlet mapped to [/]
2018-05-12 22:55:54.900 [localhost-startStop-1] INFO  o.s.b.w.s.FilterRegistrationBean - Mapping filter: 'characterEncodingFilter' to: [/*]
2018-05-12 22:55:54.900 [localhost-startStop-1] INFO  o.s.b.w.s.FilterRegistrationBean - Mapping filter: 'hiddenHttpMethodFilter' to: [/*]
2018-05-12 22:55:54.900 [localhost-startStop-1] INFO  o.s.b.w.s.FilterRegistrationBean - Mapping filter: 'httpPutFormContentFilter' to: [/*]
2018-05-12 22:55:54.908 [localhost-startStop-1] INFO  o.s.b.w.s.FilterRegistrationBean - Mapping filter: 'requestContextFilter' to: [/*]
2018-05-12 22:55:55.223 [main] INFO  org.mongodb.driver.cluster - Cluster created with settings {hosts=[192.168.1.56:27017], mode=SINGLE, requiredClusterType=UNKNOWN, serverSelectionTimeout='30000 ms', maxWaitQueueSize=500}
2018-05-12 22:55:55.265 [cluster-ClusterId{value='5af6f26bdeb94b092873d3cf', description='null'}-192.168.1.56:27017] INFO  org.mongodb.driver.connection - Opened connection [connectionId{localValue:1, serverValue:594}] to 192.168.1.56:27017
2018-05-12 22:55:55.268 [cluster-ClusterId{value='5af6f26bdeb94b092873d3cf', description='null'}-192.168.1.56:27017] INFO  org.mongodb.driver.cluster - Monitor thread successfully connected to server with description ServerDescription{address=192.168.1.56:27017, type=STANDALONE, state=CONNECTED, ok=true, version=ServerVersion{versionList=[3, 4, 1]}, minWireVersion=0, maxWireVersion=5, maxDocumentSize=16777216, logicalSessionTimeoutMinutes=null, roundTripTimeNanos=1457723}
2018-05-12 22:55:55.705 [main] INFO  o.s.w.s.h.SimpleUrlHandlerMapping - Mapped URL path [/**/favicon.ico] onto handler of type [class org.springframework.web.servlet.resource.ResourceHttpRequestHandler]
2018-05-12 22:55:55.886 [main] INFO  o.s.w.s.m.m.a.RequestMappingHandlerAdapter - Looking for @ControllerAdvice: org.springframework.boot.web.servlet.context.AnnotationConfigServletWebServerApplicationContext@31190526: startup date [Sat May 12 22:55:53 KST 2018]; root of context hierarchy
2018-05-12 22:55:55.934 [main] INFO  o.s.w.s.m.m.a.RequestMappingHandlerMapping - Mapped "{[/]}" onto public java.lang.String kr.co.moocl.controller.MainController.index()
2018-05-12 22:55:55.939 [main] INFO  o.s.w.s.m.m.a.RequestMappingHandlerMapping - Mapped "{[/api/detailinfo],methods=[GET]}" onto public kr.co.moocl.vo.InteMovieVo kr.co.moocl.restcontroller.MainRestController.detailInfo(java.lang.String)
2018-05-12 22:55:55.946 [main] INFO  o.s.w.s.m.m.a.RequestMappingHandlerMapping - Mapped "{[/api/test]}" onto public void kr.co.moocl.restcontroller.MainRestController.testController()
2018-05-12 22:55:55.947 [main] INFO  o.s.w.s.m.m.a.RequestMappingHandlerMapping - Mapped "{[/api/removie]}" onto public java.util.List<kr.co.moocl.vo.InteMovieVo> kr.co.moocl.restcontroller.PersonController.relatedMovies(java.lang.Double)
2018-05-12 22:55:55.947 [main] INFO  o.s.w.s.m.m.a.RequestMappingHandlerMapping - Mapped "{[/api/search],methods=[GET]}" onto public java.util.List<java.util.Map<java.lang.String, java.lang.Object>> kr.co.moocl.restcontroller.SearchRestController.searchInteData(java.lang.String)
2018-05-12 22:55:55.948 [main] INFO  o.s.w.s.m.m.a.RequestMappingHandlerMapping - Mapped "{[/api/join]}" onto public java.lang.Boolean kr.co.moocl.restcontroller.UsersRestController.joinUser(java.util.Map<java.lang.String, java.lang.Object>)
2018-05-12 22:55:55.954 [main] INFO  o.s.w.s.m.m.a.RequestMappingHandlerMapping - Mapped "{[/api/login]}" onto public java.util.Map<java.lang.String, java.lang.Object> kr.co.moocl.restcontroller.UsersRestController.login(java.util.Map<java.lang.String, java.lang.String>)
2018-05-12 22:55:55.954 [main] INFO  o.s.w.s.m.m.a.RequestMappingHandlerMapping - Mapped "{[/api/checkEmail]}" onto public java.lang.Boolean kr.co.moocl.restcontroller.UsersRestController.checkEmail(java.util.Map<java.lang.String, java.lang.String>)
2018-05-12 22:55:55.956 [main] INFO  o.s.w.s.m.m.a.RequestMappingHandlerMapping - Mapped "{[/error]}" onto public org.springframework.http.ResponseEntity<java.util.Map<java.lang.String, java.lang.Object>> org.springframework.boot.autoconfigure.web.servlet.error.BasicErrorController.error(javax.servlet.http.HttpServletRequest)
2018-05-12 22:55:55.956 [main] INFO  o.s.w.s.m.m.a.RequestMappingHandlerMapping - Mapped "{[/error],produces=[text/html]}" onto public org.springframework.web.servlet.ModelAndView org.springframework.boot.autoconfigure.web.servlet.error.BasicErrorController.errorHtml(javax.servlet.http.HttpServletRequest,javax.servlet.http.HttpServletResponse)
2018-05-12 22:55:55.983 [main] INFO  o.s.w.s.h.SimpleUrlHandlerMapping - Mapped URL path [/webjars/**] onto handler of type [class org.springframework.web.servlet.resource.ResourceHttpRequestHandler]
2018-05-12 22:55:55.983 [main] INFO  o.s.w.s.h.SimpleUrlHandlerMapping - Mapped URL path [/**] onto handler of type [class org.springframework.web.servlet.resource.ResourceHttpRequestHandler]
2018-05-12 22:55:56.067 [main] INFO  o.s.b.a.w.s.WelcomePageHandlerMapping - Adding welcome page template: index
2018-05-12 22:55:56.240 [main] INFO  o.s.j.e.a.AnnotationMBeanExporter - Registering beans for JMX exposure on startup
2018-05-12 22:55:56.243 [main] INFO  o.s.j.e.a.AnnotationMBeanExporter - Bean with name 'dataSource' has been autodetected for JMX exposure
2018-05-12 22:55:56.247 [main] INFO  o.s.j.e.a.AnnotationMBeanExporter - Located MBean 'dataSource': registering with JMX server as MBean [com.zaxxer.hikari:name=dataSource,type=HikariDataSource]
2018-05-12 22:55:56.257 [main] INFO  o.a.coyote.http11.Http11NioProtocol - Starting ProtocolHandler ["http-nio-8090"]
2018-05-12 22:55:56.266 [main] INFO  o.a.tomcat.util.net.NioSelectorPool - Using a shared selector for servlet write/read
2018-05-12 22:55:56.278 [main] INFO  o.s.b.w.e.tomcat.TomcatWebServer - Tomcat started on port(s): 8090 (http) with context path ''
2018-05-12 22:55:56.281 [main] INFO  kr.co.moocl.MooclApplication - Started MooclApplication in 2.882 seconds (JVM running for 3.39)
2018-05-12 22:56:12.965 [http-nio-8090-exec-1] INFO  o.a.c.c.C.[Tomcat].[localhost].[/] - Initializing Spring FrameworkServlet 'dispatcherServlet'
2018-05-12 22:56:12.972 [http-nio-8090-exec-1] INFO  o.s.web.servlet.DispatcherServlet - FrameworkServlet 'dispatcherServlet': initialization started
2018-05-12 22:56:12.996 [http-nio-8090-exec-1] INFO  o.s.web.servlet.DispatcherServlet - FrameworkServlet 'dispatcherServlet': initialization completed in 18 ms
2018-05-12 22:56:22.509 [http-nio-8090-exec-2] INFO  k.c.m.r.SearchRestController - searchController keyword:원피스
2018-05-12 22:56:22.516 [http-nio-8090-exec-2] INFO  kr.co.moocl.service.SearchService - inteSearchResult : 원피스
2018-05-12 22:56:22.565 [http-nio-8090-exec-2] INFO  org.mongodb.driver.connection - Opened connection [connectionId{localValue:2, serverValue:595}] to 192.168.1.56:27017
2018-05-12 22:56:22.726 [http-nio-8090-exec-2] INFO  k.c.m.r.SearchRestController - searching result : [{score=[{site=naver, grade=9.02}, {site=daum, grade=8.6}, {site=cgv, grade=0.0}], inteTitle=원피스극장판제트, posterUrl=, movieId=n98403, movieTitle=원피스 극장판 제트}, {score=[{site=naver, grade=9.49}], inteTitle=원피스극장판4기데드엔드의모험, posterUrl=https://movie-phinf.pstatic.net/20160804_255/1470290480524eihgk_JPEG/movie_image.jpg?type=m203_290_2, movieId=n40132, movieTitle=원피스 극장판 4기 - 데드 엔드의 모험}, {score=[{site=naver, grade=7.91}], inteTitle=원피스극장판3기진기한동물섬의쵸파왕국, posterUrl=https://movie-phinf.pstatic.net/20160804_86/14702904170272X965_JPEG/movie_image.jpg?type=m203_290_2, movieId=n40131, movieTitle=원피스 극장판 3기 - 진기한 동물섬의 쵸파 왕국}, {score=[{site=naver, grade=8.68}], inteTitle=원피스tv시리즈, posterUrl=https://movie-phinf.pstatic.net/20111221_196/1324457052450KHYf1_JPEG/movie_image.jpg?type=m203_290_2, movieId=n40128, movieTitle=원피스 - TV 시리즈}, {score=[{site=naver, grade=8.01}], inteTitle=원피스극장판6기오마츠리남작과비밀의섬, posterUrl=https://movie-phinf.pstatic.net/20111223_200/1324595279704qC7g5_JPEG/movie_image.jpg?type=m203_290_2, movieId=n40127, movieTitle=원피스 극장판 6기 - 오마츠리 남작과 비밀의 섬}, {score=[{site=naver, grade=10.0}], inteTitle=원피스스페셜3기지켜라마지막큰무대, posterUrl=https://ssl.pstatic.net/static/movie/2012/06/dft_img203x290.png, movieId=n173367, movieTitle=원피스 스페셜 3기: 지켜라! 마지막 큰 무대}, {score=[{site=naver, grade=0.0}], inteTitle=원피스스페셜2기드넓은바다에펼쳐라아빠의커다란꿈, posterUrl=https://ssl.pstatic.net/static/movie/2012/06/dft_img203x290.png, movieId=n173366, movieTitle=원피스 스페셜 2기: 드넓은 바다에 펼쳐라! 아빠의 커다란 꿈!}, {score=[{site=naver, grade=0.0}], inteTitle=원피스스페셜1기루피떨어지다신비한바다의배꼽대탐험, posterUrl=https://ssl.pstatic.net/static/movie/2012/06/dft_img203x290.png, movieId=n173365, movieTitle=원피스 스페셜 1기: 루피 떨어지다! 신비한 바다의 배꼽 대탐험}, {score=[{site=naver, grade=10.0}], inteTitle=원피스20기new조편, posterUrl=https://ssl.pstatic.net/static/movie/2012/06/dft_img203x290.png, movieId=n153913, movieTitle=원피스 20기 NEW - 조편}, {score=[{site=naver, grade=8.55}], inteTitle=원피스에피소드오브메리또하나의동료이야기, posterUrl=https://movie-phinf.pstatic.net/20140807_110/1407392166584tvXSK_JPEG/movie_image.jpg?type=m203_290_2, movieId=n126362, movieTitle=원피스 : 에피소드 오브 메리 - 또 하나의 동료 이야기}, {score=[{site=daum, grade=0.0}], inteTitle=원피스앳어타임, posterUrl=null, movieId=d54161, movieTitle=원 피스 앳 어 타임}, {score=[{site=daum, grade=9.1}], inteTitle=원피스극장판겨울에피는기적의꽃, posterUrl=null, movieId=d45419, movieTitle=원피스 극장판 - 겨울에 피는 기적의 꽃}]
2018-05-12 22:56:23.778 [http-nio-8090-exec-6] INFO  kr.co.moocl.dao.MovieDao - detailInfo: n40132
2018-05-12 22:56:23.787 [http-nio-8090-exec-6] INFO  kr.co.moocl.dao.MovieDao - modify: n40132
2018-05-12 22:56:23.809 [http-nio-8090-exec-6] ERROR o.a.c.c.C.[.[.[.[dispatcherServlet] - Servlet.service() for servlet [dispatcherServlet] in context with path [] threw exception [Request processing failed; nested exception is java.lang.NullPointerException] with root cause
java.lang.NullPointerException: null
	at kr.co.moocl.service.MainService.modifyForDetail(MainService.java:39)
	at kr.co.moocl.restcontroller.MainRestController.detailInfo(MainRestController.java:28)
	at sun.reflect.NativeMethodAccessorImpl.invoke0(Native Method)
	at sun.reflect.NativeMethodAccessorImpl.invoke(Unknown Source)
	at sun.reflect.DelegatingMethodAccessorImpl.invoke(Unknown Source)
	at java.lang.reflect.Method.invoke(Unknown Source)
	at org.springframework.web.method.support.InvocableHandlerMethod.doInvoke(InvocableHandlerMethod.java:209)
	at org.springframework.web.method.support.InvocableHandlerMethod.invokeForRequest(InvocableHandlerMethod.java:136)
	at org.springframework.web.servlet.mvc.method.annotation.ServletInvocableHandlerMethod.invokeAndHandle(ServletInvocableHandlerMethod.java:102)
	at org.springframework.web.servlet.mvc.method.annotation.RequestMappingHandlerAdapter.invokeHandlerMethod(RequestMappingHandlerAdapter.java:877)
	at org.springframework.web.servlet.mvc.method.annotation.RequestMappingHandlerAdapter.handleInternal(RequestMappingHandlerAdapter.java:783)
	at org.springframework.web.servlet.mvc.method.AbstractHandlerMethodAdapter.handle(AbstractHandlerMethodAdapter.java:87)
	at org.springframework.web.servlet.DispatcherServlet.doDispatch(DispatcherServlet.java:991)
	at org.springframework.web.servlet.DispatcherServlet.doService(DispatcherServlet.java:925)
	at org.springframework.web.servlet.FrameworkServlet.processRequest(FrameworkServlet.java:974)
	at org.springframework.web.servlet.FrameworkServlet.doGet(FrameworkServlet.java:866)
	at javax.servlet.http.HttpServlet.service(HttpServlet.java:635)
	at org.springframework.web.servlet.FrameworkServlet.service(FrameworkServlet.java:851)
	at javax.servlet.http.HttpServlet.service(HttpServlet.java:742)
	at org.apache.catalina.core.ApplicationFilterChain.internalDoFilter(ApplicationFilterChain.java:231)
	at org.apache.catalina.core.ApplicationFilterChain.doFilter(ApplicationFilterChain.java:166)
	at org.apache.tomcat.websocket.server.WsFilter.doFilter(WsFilter.java:52)
	at org.apache.catalina.core.ApplicationFilterChain.internalDoFilter(ApplicationFilterChain.java:193)
	at org.apache.catalina.core.ApplicationFilterChain.doFilter(ApplicationFilterChain.java:166)
	at org.springframework.web.filter.RequestContextFilter.doFilterInternal(RequestContextFilter.java:99)
	at org.springframework.web.filter.OncePerRequestFilter.doFilter(OncePerRequestFilter.java:107)
	at org.apache.catalina.core.ApplicationFilterChain.internalDoFilter(ApplicationFilterChain.java:193)
	at org.apache.catalina.core.ApplicationFilterChain.doFilter(ApplicationFilterChain.java:166)
	at org.springframework.web.filter.HttpPutFormContentFilter.doFilterInternal(HttpPutFormContentFilter.java:109)
	at org.springframework.web.filter.OncePerRequestFilter.doFilter(OncePerRequestFilter.java:107)
	at org.apache.catalina.core.ApplicationFilterChain.internalDoFilter(ApplicationFilterChain.java:193)
	at org.apache.catalina.core.ApplicationFilterChain.doFilter(ApplicationFilterChain.java:166)
	at org.springframework.web.filter.HiddenHttpMethodFilter.doFilterInternal(HiddenHttpMethodFilter.java:81)
	at org.springframework.web.filter.OncePerRequestFilter.doFilter(OncePerRequestFilter.java:107)
	at org.apache.catalina.core.ApplicationFilterChain.internalDoFilter(ApplicationFilterChain.java:193)
	at org.apache.catalina.core.ApplicationFilterChain.doFilter(ApplicationFilterChain.java:166)
	at org.springframework.web.filter.CharacterEncodingFilter.doFilterInternal(CharacterEncodingFilter.java:200)
	at org.springframework.web.filter.OncePerRequestFilter.doFilter(OncePerRequestFilter.java:107)
	at org.apache.catalina.core.ApplicationFilterChain.internalDoFilter(ApplicationFilterChain.java:193)
	at org.apache.catalina.core.ApplicationFilterChain.doFilter(ApplicationFilterChain.java:166)
	at org.apache.catalina.core.StandardWrapperValve.invoke(StandardWrapperValve.java:198)
	at org.apache.catalina.core.StandardContextValve.invoke(StandardContextValve.java:96)
	at org.apache.catalina.authenticator.AuthenticatorBase.invoke(AuthenticatorBase.java:496)
	at org.apache.catalina.core.StandardHostValve.invoke(StandardHostValve.java:140)
	at org.apache.catalina.valves.ErrorReportValve.invoke(ErrorReportValve.java:81)
	at org.apache.catalina.core.StandardEngineValve.invoke(StandardEngineValve.java:87)
	at org.apache.catalina.connector.CoyoteAdapter.service(CoyoteAdapter.java:342)
	at org.apache.coyote.http11.Http11Processor.service(Http11Processor.java:803)
	at org.apache.coyote.AbstractProcessorLight.process(AbstractProcessorLight.java:66)
	at org.apache.coyote.AbstractProtocol$ConnectionHandler.process(AbstractProtocol.java:790)
	at org.apache.tomcat.util.net.NioEndpoint$SocketProcessor.doRun(NioEndpoint.java:1459)
	at org.apache.tomcat.util.net.SocketProcessorBase.run(SocketProcessorBase.java:49)
	at java.util.concurrent.ThreadPoolExecutor.runWorker(Unknown Source)
	at java.util.concurrent.ThreadPoolExecutor$Worker.run(Unknown Source)
	at org.apache.tomcat.util.threads.TaskThread$WrappingRunnable.run(TaskThread.java:61)
	at java.lang.Thread.run(Unknown Source)
